2025-10-10 12:44:29,779 [INFO] WebApp:194 - Connection lost
2025-10-10 12:44:31,059 [INFO] WebApp:191 - Connection restablished
2025-10-10 12:44:33,039 [INFO] WebApp:194 - Connection lost
2025-10-10 12:44:33,347 [INFO] WebApp:191 - Connection restablished
2025-10-10 14:56:33,849 [INFO] MainUpdater:2872 - connection check result : 10
2025-10-10 14:56:33,851 [INFO] MainUpdater:2872 - connection check result : 10
2025-10-10 14:56:34,573 [INFO] MicroXplorer:468 - Change Database Path : 
2025-10-10 14:56:34,574 [INFO] MicroXplorer:498 - Change Database Version : DB.6.0.150
2025-10-10 14:56:34,706 [ERROR] ProjectManagerView:395 - 
java.lang.NullPointerException: Cannot invoke "javax.swing.JTextField.getText()" because the return value of "java.util.List.get(int)" is null
	at com.st.microxplorer.plugins.projectmanager.gui.ProjectChoiceTab$9.caretUpdate(ProjectChoiceTab.java:2706) ~[filemanager.jar:?]
	at javax.swing.text.JTextComponent.fireCaretUpdate(JTextComponent.java:408) ~[?:?]
	at javax.swing.text.JTextComponent$MutableCaretEvent.fire(JTextComponent.java:4484) ~[?:?]
	at javax.swing.text.JTextComponent$MutableCaretEvent.stateChanged(JTextComponent.java:4506) ~[?:?]
	at javax.swing.text.DefaultCaret.fireStateChanged(DefaultCaret.java:857) ~[?:?]
	at javax.swing.text.DefaultCaret.changeCaretPosition(DefaultCaret.java:1343) ~[?:?]
	at javax.swing.text.DefaultCaret.handleSetDot(DefaultCaret.java:1242) ~[?:?]
	at javax.swing.text.DefaultCaret.setDot(DefaultCaret.java:1223) ~[?:?]
	at javax.swing.text.DefaultCaret$Handler.insertUpdate(DefaultCaret.java:1819) ~[?:?]
	at javax.swing.text.AbstractDocument.fireInsertUpdate(AbstractDocument.java:227) ~[?:?]
	at javax.swing.text.AbstractDocument.handleInsertString(AbstractDocument.java:781) ~[?:?]
	at javax.swing.text.AbstractDocument.insertString(AbstractDocument.java:740) ~[?:?]
	at javax.swing.text.PlainDocument.insertString(PlainDocument.java:131) ~[?:?]
	at javax.swing.text.AbstractDocument.replace(AbstractDocument.java:699) ~[?:?]
	at javax.swing.text.JTextComponent.setText(JTextComponent.java:1725) ~[?:?]
	at com.st.microxplorer.plugins.projectmanager.gui.ProjectChoiceTab.createHeapStackFields(ProjectChoiceTab.java:993) ~[filemanager.jar:?]
	at com.st.microxplorer.plugins.projectmanager.gui.ProjectChoiceTab.buildLinkSettingsPanel(ProjectChoiceTab.java:3813) ~[filemanager.jar:?]
	at com.st.microxplorer.plugins.projectmanager.gui.ProjectChoiceTab.defineWindowsFields(ProjectChoiceTab.java:1987) ~[filemanager.jar:?]
	at com.st.microxplorer.plugins.projectmanager.gui.ProjectChoiceTab.updateSettings(ProjectChoiceTab.java:558) ~[filemanager.jar:?]
	at com.st.microxplorer.plugins.projectmanager.gui.ProjectSettingsPanel.UpdateDialog(ProjectSettingsPanel.java:247) ~[filemanager.jar:?]
	at com.st.microxplorer.plugins.projectmanager.ProjectManagerView.propertyChange(ProjectManagerView.java:392) ~[filemanager.jar:?]
	at java.beans.PropertyChangeSupport.fire(PropertyChangeSupport.java:343) ~[?:?]
	at java.beans.PropertyChangeSupport.firePropertyChange(PropertyChangeSupport.java:335) ~[?:?]
	at java.beans.PropertyChangeSupport.firePropertyChange(PropertyChangeSupport.java:268) ~[?:?]
	at com.st.microxplorer.util.MXPropertyChangeSupport.firePropertyChange(MXPropertyChangeSupport.java:54) ~[STM32CubeMX.jar:?]
	at com.st.microxplorer.mxsystem.MxSystem.closeConfig(MxSystem.java:899) ~[STM32CubeMX.jar:?]
	at com.st.microxplorer.maingui.MainPanel.closeConfig(MainPanel.java:792) ~[STM32CubeMX.jar:?]
	at com.st.microxplorer.plugins.filemanager.engine.OpenFileManager.loadConfigurationFile(OpenFileManager.java:288) ~[filemanager.jar:?]
	at com.st.microxplorer.plugins.filemanager.engine.MainFileManager.userLoadConfig(MainFileManager.java:364) ~[filemanager.jar:?]
	at com.st.microxplorer.plugins.filemanager.engine.MainFileManager.userLoadConfig(MainFileManager.java:342) ~[filemanager.jar:?]
	at com.st.microxplorer.plugins.filemanager.FileManagerView.getSpecificTask(FileManagerView.java:264) ~[filemanager.jar:?]
	at com.st.stm32cube.common.mx.editor.CubeMxEditor.getMxTabbedPaneInstance(CubeMxEditor.java:1198) ~[com.st.stm32cube.common.mx_6.15.0.202507011659/:?]
	at com.st.stm32cube.common.mx.editor.CubeMxEditor$12$1.createSwingComponent(CubeMxEditor.java:1068) ~[com.st.stm32cube.common.mx_6.15.0.202507011659/:?]
	at com.st.stm32cube.common.mx.oss.core.awtswtbridge.EmbeddedSwingComposite.doComponentCreation(EmbeddedSwingComposite.java:492) ~[com.st.stm32cube.common.mx.oss_6.15.0.202507011659/:?]
	at com.st.stm32cube.common.mx.oss.core.awtswtbridge.EmbeddedSwingComposite$4.run(EmbeddedSwingComposite.java:291) ~[com.st.stm32cube.common.mx.oss_6.15.0.202507011659/:?]
	at com.st.stm32cube.common.mx.oss.core.awtswtbridge.AwtEnvironment$2.run(AwtEnvironment.java:166) ~[com.st.stm32cube.common.mx.oss_6.15.0.202507011659/:?]
	at java.awt.event.InvocationEvent.dispatch(InvocationEvent.java:318) ~[?:?]
	at java.awt.EventQueue.dispatchEventImpl(EventQueue.java:773) ~[?:?]
	at java.awt.EventQueue$4.run(EventQueue.java:720) ~[?:?]
	at java.awt.EventQueue$4.run(EventQueue.java:714) ~[?:?]
	at java.security.AccessController.doPrivileged(AccessController.java:400) ~[?:?]
	at java.security.ProtectionDomain$JavaSecurityAccessImpl.doIntersectionPrivilege(ProtectionDomain.java:87) ~[?:?]
	at java.awt.EventQueue.dispatchEvent(EventQueue.java:742) ~[?:?]
	at java.awt.EventDispatchThread.pumpOneEventForFilters(EventDispatchThread.java:203) ~[?:?]
	at java.awt.EventDispatchThread.pumpEventsForFilter(EventDispatchThread.java:124) ~[?:?]
	at java.awt.EventDispatchThread.pumpEventsForHierarchy(EventDispatchThread.java:113) ~[?:?]
	at java.awt.EventDispatchThread.pumpEvents(EventDispatchThread.java:109) ~[?:?]
	at java.awt.EventDispatchThread.pumpEvents(EventDispatchThread.java:101) ~[?:?]
	at java.awt.EventDispatchThread.run(EventDispatchThread.java:90) ~[?:?]
2025-10-10 14:56:34,742 [WARN] ThirdParty:871 - waiting for thirdparty lock release [close project]
2025-10-10 14:56:34,743 [INFO] ThirdParty:873 - entering critical section [close project]
2025-10-10 14:56:34,743 [INFO] ThirdParty:883 - exiting critical section [close project]
2025-10-10 14:56:34,746 [INFO] PinOutPanel:1589 - setPackage(No Configuration,No Configuration)
2025-10-10 14:56:34,774 [INFO] UtilMem:75 - Begin LoadConfig() Used Memory: 220939424 Bytes (633339904)
2025-10-10 14:56:34,777 [INFO] MicroXplorer:468 - Change Database Path : 
2025-10-10 14:56:34,778 [INFO] MicroXplorer:498 - Change Database Version : DB.6.0.150
2025-10-10 14:56:34,778 [INFO] OpenFileManager:355 - Change cursor
2025-10-10 14:56:35,037 [INFO] Mcu:2029 - Initializing MCU STM32F103C(8-B)Tx STM32F103C8Tx STM32F103C8T6
2025-10-10 14:56:39,055 [INFO] Context:786 - Trying to add GPIOservice into a context  which must be forbidden
2025-10-10 14:56:39,741 [INFO] ImportTextPane:234 - (OptionalMessage_ERROR) Pin10 (VP_RIF_VS_RIF1) cannot be retrieved for this MCU
2025-10-10 14:56:39,861 [INFO] RtosManager:558 - Registered RTOS mode: class=CMSIS, group=RTOS, mode=CMSIS_V1, owner=FREERTOS
2025-10-10 14:56:39,861 [INFO] RtosManager:558 - Registered RTOS mode: class=CMSIS, group=RTOS2, mode=CMSIS_V2, owner=FREERTOS
2025-10-10 14:56:39,861 [INFO] RtosManager:558 - Registered RTOS mode: class=RTOS, group=Core, mode=CMSIS_V1, owner=FREERTOS
2025-10-10 14:56:39,861 [INFO] RtosManager:558 - Registered RTOS mode: class=RTOS, group=Core, mode=CMSIS_V2, owner=FREERTOS
2025-10-10 14:56:39,861 [WARN] ModelIntegratedComponent:184 - Missing modes for component STMicroelectronics:FreeRTOS:0.0.1:STMicroelectronics:RTOS:FreeRTOS:Core:::10.2.0:
2025-10-10 14:56:39,914 [WARN] ModelIntegratedComponent:63 - No mode defined for component null
2025-10-10 14:56:39,914 [WARN] ModelIntegratedComponent:63 - No mode defined for component null
2025-10-10 14:56:39,915 [WARN] ModelIntegratedComponent:63 - No mode defined for component null
2025-10-10 14:56:39,915 [WARN] ModelIntegratedComponent:63 - No mode defined for component null
2025-10-10 14:56:39,916 [WARN] ModelIntegratedComponent:63 - No mode defined for component null
2025-10-10 14:56:39,916 [WARN] ModelIntegratedComponent:63 - No mode defined for component null
2025-10-10 14:56:39,917 [WARN] ModelIntegratedComponent:63 - No mode defined for component null
2025-10-10 14:56:39,917 [WARN] ModelIntegratedComponent:63 - No mode defined for component null
2025-10-10 14:56:39,918 [WARN] ModelIntegratedComponent:63 - No mode defined for component null
2025-10-10 14:56:39,918 [WARN] ModelIntegratedComponent:63 - No mode defined for component null
2025-10-10 14:56:39,919 [WARN] ModelIntegratedComponent:63 - No mode defined for component null
2025-10-10 14:56:39,919 [WARN] ModelIntegratedComponent:63 - No mode defined for component null
2025-10-10 14:56:39,920 [WARN] ModelIntegratedComponent:63 - No mode defined for component null
2025-10-10 14:56:39,920 [WARN] ModelIntegratedComponent:63 - No mode defined for component null
2025-10-10 14:56:39,921 [WARN] ModelIntegratedComponent:63 - No mode defined for component null
2025-10-10 14:56:39,921 [WARN] ModelIntegratedComponent:63 - No mode defined for component null
2025-10-10 14:56:39,922 [WARN] ModelIntegratedComponent:63 - No mode defined for component null
2025-10-10 14:56:39,922 [WARN] ModelIntegratedComponent:63 - No mode defined for component null
2025-10-10 14:56:39,923 [WARN] ModelIntegratedComponent:63 - No mode defined for component null
2025-10-10 14:56:39,923 [WARN] ModelIntegratedComponent:63 - No mode defined for component null
2025-10-10 14:56:39,924 [WARN] ModelIntegratedComponent:63 - No mode defined for component null
2025-10-10 14:56:39,925 [WARN] ModelIntegratedComponent:63 - No mode defined for component null
2025-10-10 14:56:39,925 [WARN] ModelIntegratedComponent:63 - No mode defined for component null
2025-10-10 14:56:39,926 [WARN] ModelIntegratedComponent:63 - No mode defined for component null
2025-10-10 14:56:39,926 [WARN] ModelIntegratedComponent:63 - No mode defined for component null
2025-10-10 14:56:39,927 [WARN] ModelIntegratedComponent:63 - No mode defined for component null
2025-10-10 14:56:39,927 [WARN] ModelIntegratedComponent:63 - No mode defined for component null
2025-10-10 14:56:39,928 [WARN] ModelIntegratedComponent:63 - No mode defined for component null
2025-10-10 14:56:39,928 [WARN] ModelIntegratedComponent:63 - No mode defined for component null
2025-10-10 14:56:39,935 [WARN] ModelIntegratedComponent:63 - No mode defined for component null
2025-10-10 14:56:39,935 [WARN] ModelIntegratedComponent:63 - No mode defined for component null
2025-10-10 14:56:39,935 [WARN] ModelIntegratedComponent:63 - No mode defined for component null
2025-10-10 14:56:39,935 [WARN] ModelIntegratedComponent:63 - No mode defined for component null
2025-10-10 14:56:39,935 [WARN] ModelIntegratedComponent:63 - No mode defined for component null
2025-10-10 14:56:39,935 [WARN] ModelIntegratedComponent:63 - No mode defined for component null
2025-10-10 14:56:39,935 [WARN] ModelPack:524 - Component already loaded: STMicroelectronics:HAL Drivers:0.0.0:STMicroelectronics:Device:STMicro_Driver:XSPI:HAL::0.0.1:HAL_XSPI
2025-10-10 14:56:40,160 [INFO] ThirdPartyModel:298 - Start build external matchings
2025-10-10 14:56:41,875 [INFO] ThirdPartyModel:316 - End build external matchings
2025-10-10 14:56:41,912 [INFO] RtosManager:1018 - Current active RTOS is FREERTOS [Cortex-M3NS]
2025-10-10 14:56:41,948 [INFO] ImportTextPane:234 - (OptionalMessage_ERROR) IP (RCC) : Parameter (ADCFreqValue) has invalid value (36000000)
2025-10-10 14:56:41,949 [INFO] ImportTextPane:234 - (OptionalMessage_ERROR) IP (RCC) : Invalid parameter (FamilyName)
2025-10-10 14:56:41,953 [INFO] ImportTextPane:234 - (OptionalMessage_ERROR) IP (RCC) : Parameter (MCOFreq_Value) has invalid value (72000000)
2025-10-10 14:56:41,954 [INFO] ImportTextPane:234 - (OptionalMessage_ERROR) IP (RCC) : Parameter (USBFreq_Value) has invalid value (72000000)
2025-10-10 14:56:42,837 [INFO] UtilMem:75 - End LoadConfig() Used Memory: 426963816 Bytes (633339904)
2025-10-10 14:56:43,092 [WARN] ThirdParty:833 - waiting for thirdparty lock release [change project]
2025-10-10 14:56:43,093 [INFO] ThirdParty:835 - entering critical section [change project]
2025-10-10 14:56:43,095 [INFO] ThirdParty:1030 - CMSIS Pack Vendor :STMicroelectronics X-CUBE-PM33A1 1.0.0
2025-10-10 14:56:43,095 [INFO] ThirdParty:1030 - CMSIS Pack Vendor :STMicroelectronics USBPD 4.1
2025-10-10 14:56:43,096 [INFO] ThirdParty:1030 - CMSIS Pack Vendor :STMicroelectronics X-CUBE-NFC9 1.0.0
2025-10-10 14:56:43,096 [INFO] ThirdParty:1030 - CMSIS Pack Vendor :STMicroelectronics USB_HOST 2.0.0
2025-10-10 14:56:43,097 [INFO] ThirdParty:1030 - CMSIS Pack Vendor :STMicroelectronics FP-SNS-MOTENVWB1 1.4.0
2025-10-10 14:56:43,097 [INFO] ThirdParty:1030 - CMSIS Pack Vendor :STMicroelectronics X-CUBE-AZRTOS-F4 1.1.0
2025-10-10 14:56:43,098 [INFO] ThirdParty:1030 - CMSIS Pack Vendor :STMicroelectronics LIBJPEG 8.0.0
2025-10-10 14:56:43,098 [INFO] ThirdParty:1030 - CMSIS Pack Vendor :STMicroelectronics FP-ATR-ASTRA1 2.0.2
2025-10-10 14:56:43,099 [INFO] ThirdParty:1030 - CMSIS Pack Vendor :wolfSSL I-CUBE-wolfSSL 5.8.2
2025-10-10 14:56:43,099 [INFO] ThirdParty:1030 - CMSIS Pack Vendor :STMicroelectronics X-CUBE-BLE1 7.1.0
2025-10-10 14:56:43,099 [INFO] ThirdParty:1030 - CMSIS Pack Vendor :STMicroelectronics X-CUBE-SMBUS 2.1.0
2025-10-10 14:56:43,102 [INFO] ThirdParty:1030 - CMSIS Pack Vendor :wolfSSL I-CUBE-wolfMQTT 1.19.2
2025-10-10 14:56:43,103 [INFO] ThirdParty:1030 - CMSIS Pack Vendor :STMicroelectronics USB_DEVICE 3.0.0
2025-10-10 14:56:43,103 [INFO] ThirdParty:1030 - CMSIS Pack Vendor :STMicroelectronics X-CUBE-ISPU 2.1.0
2025-10-10 14:56:43,103 [INFO] ThirdParty:1030 - CMSIS Pack Vendor :STMicroelectronics X-CUBE-EEPRMA1 5.2.0
2025-10-10 14:56:43,104 [INFO] ThirdParty:1030 - CMSIS Pack Vendor :STMicroelectronics X-CUBE-IPS 3.2.0
2025-10-10 14:56:43,104 [INFO] ThirdParty:1030 - CMSIS Pack Vendor :STMicroelectronics X-CUBE-BLEMGR 4.1.0
2025-10-10 14:56:43,105 [INFO] ThirdParty:1030 - CMSIS Pack Vendor :STMicroelectronics X-CUBE-AZRTOS-WB 2.0.0
2025-10-10 14:56:43,105 [INFO] ThirdParty:1030 - CMSIS Pack Vendor :STMicroelectronics X-CUBE-ST60 1.0.0
2025-10-10 14:56:43,106 [INFO] ThirdParty:1030 - CMSIS Pack Vendor :STMicroelectronics X-CUBE-GNSS1 7.0.1
2025-10-10 14:56:43,106 [INFO] ThirdParty:1030 - CMSIS Pack Vendor :STMicroelectronics X-CUBE-NFC12 1.0.0
2025-10-10 14:56:43,107 [INFO] ThirdParty:1030 - CMSIS Pack Vendor :STMicroelectronics X-CUBE-AZRTOS-F7 1.1.0
2025-10-10 14:56:43,107 [INFO] ThirdParty:1030 - CMSIS Pack Vendor :STMicroelectronics X-CUBE-AZRTOS-L5 2.0.0
2025-10-10 14:56:43,107 [INFO] ThirdParty:1030 - CMSIS Pack Vendor :STMicroelectronics USB_DEVICE 2.0.0
2025-10-10 14:56:43,108 [INFO] ThirdParty:1030 - CMSIS Pack Vendor :STMicroelectronics X-CUBE-NFC6 3.1.0
2025-10-10 14:56:43,108 [INFO] ThirdParty:1030 - CMSIS Pack Vendor :Cesanta I-CUBE-Mongoose 7.19.0
2025-10-10 14:56:43,108 [INFO] ThirdParty:1030 - CMSIS Pack Vendor :quantropi X-CUBE-qispace-sdk-base 2.1.0
2025-10-10 14:56:43,109 [INFO] ThirdParty:1030 - CMSIS Pack Vendor :STMicroelectronics FreeRTOS 0.0.1
2025-10-10 14:56:43,109 [INFO] ThirdParty:1030 - CMSIS Pack Vendor :STMicroelectronics X-CUBE-AZRTOS-G0 1.1.0
2025-10-10 14:56:43,109 [INFO] ThirdParty:1030 - CMSIS Pack Vendor :STMicroelectronics X-CUBE-SAFEA1 1.2.2
2025-10-10 14:56:43,109 [INFO] ThirdParty:1030 - CMSIS Pack Vendor :STMicroelectronics X-CUBE-NFC4 3.0.0
2025-10-10 14:56:43,110 [INFO] ThirdParty:1030 - CMSIS Pack Vendor :STMicroelectronics X-CUBE-SUBG2 5.0.0
2025-10-10 14:56:43,112 [INFO] ThirdParty:1030 - CMSIS Pack Vendor :STMicroelectronics X-CUBE-AZRTOS-H7RS 1.1.0
2025-10-10 14:56:43,113 [INFO] ThirdParty:1030 - CMSIS Pack Vendor :STMicroelectronics STM32_WPAN 1.0.0
2025-10-10 14:56:43,114 [INFO] ThirdParty:1030 - CMSIS Pack Vendor :EmbeddedOffice I-CUBE-FS-RTOS 1.0.1
2025-10-10 14:56:43,114 [INFO] ThirdParty:1030 - CMSIS Pack Vendor :STMicroelectronics lwIP 2.0.3
2025-10-10 14:56:43,115 [INFO] ThirdParty:1030 - CMSIS Pack Vendor :WES I-CUBE-Cesium 1.4.0
2025-10-10 14:56:43,116 [INFO] ThirdParty:1030 - CMSIS Pack Vendor :STMicroelectronics USB_HOST 1.0.0
2025-10-10 14:56:43,116 [INFO] ThirdParty:1030 - CMSIS Pack Vendor :Infineon AIROC-Wi-Fi-Bluetooth-STM32 1.7.1
2025-10-10 14:56:43,117 [INFO] ThirdParty:1030 - CMSIS Pack Vendor :STMicroelectronics X-CUBE-AZRTOS-G4 2.0.0
2025-10-10 14:56:43,117 [INFO] ThirdParty:1030 - CMSIS Pack Vendor :STMicroelectronics X-CUBE-WB05N 2.0.0
2025-10-10 14:56:43,117 [INFO] ThirdParty:1030 - CMSIS Pack Vendor :STMicroelectronics PDM2PCM 3.1.0
2025-10-10 14:56:43,118 [INFO] ThirdParty:1030 - CMSIS Pack Vendor :STMicroelectronics PDM2PCM 3.3.0
2025-10-10 14:56:43,118 [INFO] ThirdParty:1030 - CMSIS Pack Vendor :wolfSSL I-CUBE-wolfTPM 3.8.0
2025-10-10 14:56:43,118 [INFO] ThirdParty:1030 - CMSIS Pack Vendor :STMicroelectronics X-CUBE-AZRTOS-H7 3.4.0
2025-10-10 14:56:43,118 [INFO] ThirdParty:1030 - CMSIS Pack Vendor :STMicroelectronics X-CUBE-DISPLAY 3.0.0
2025-10-10 14:56:43,119 [INFO] ThirdParty:1030 - CMSIS Pack Vendor :wolfSSL I-CUBE-wolfSSH 1.4.20
2025-10-10 14:56:43,119 [INFO] ThirdParty:1030 - CMSIS Pack Vendor :STMicroelectronics X-CUBE-NFC7 2.0.0
2025-10-10 14:56:43,119 [INFO] ThirdParty:1030 - CMSIS Pack Vendor :STMicroelectronics X-CUBE-TCPP 4.2.0
2025-10-10 14:56:43,119 [INFO] ThirdParty:1030 - CMSIS Pack Vendor :RealThread X-CUBE-RT-Thread_Nano 4.1.1
2025-10-10 14:56:43,122 [INFO] ThirdParty:1030 - CMSIS Pack Vendor :STMicroelectronics FP-ATR-SIGFOX1 3.2.0
2025-10-10 14:56:43,123 [INFO] ThirdParty:1030 - CMSIS Pack Vendor :STMicroelectronics X-CUBE-NFC10 1.0.0
2025-10-10 14:56:43,123 [INFO] ThirdParty:1030 - CMSIS Pack Vendor :STMicroelectronics X-CUBE-FREERTOS 1.3.1
2025-10-10 14:56:43,123 [INFO] ThirdParty:1030 - CMSIS Pack Vendor :STMicroelectronics HAL Drivers 0.0.0
2025-10-10 14:56:43,124 [INFO] ThirdParty:1030 - CMSIS Pack Vendor :STMicroelectronics MBEDTLS 2.16.2
2025-10-10 14:56:43,124 [INFO] ThirdParty:1030 - CMSIS Pack Vendor :STMicroelectronics X-CUBE-IPS 3.1.0
2025-10-10 14:56:43,124 [INFO] ThirdParty:1030 - CMSIS Pack Vendor :STMicroelectronics X-CUBE-ALS 1.0.2
2025-10-10 14:56:43,125 [INFO] ThirdParty:1030 - CMSIS Pack Vendor :emotas I-CUBE-CANOPEN 1.3.0
2025-10-10 14:56:43,125 [INFO] ThirdParty:1030 - CMSIS Pack Vendor :STMicroelectronics MBEDTLS 2.14.1
2025-10-10 14:56:43,125 [INFO] ThirdParty:1030 - CMSIS Pack Vendor :ITTIA_DB I-CUBE-ITTIADB 8.9.0
2025-10-10 14:56:43,126 [INFO] ThirdParty:1030 - CMSIS Pack Vendor :STMicroelectronics X-CUBE-TOUCHGFX 4.26.0
2025-10-10 14:56:43,126 [INFO] ThirdParty:1030 - CMSIS Pack Vendor :STMicroelectronics X-CUBE-STSE01 1.0.0
2025-10-10 14:56:43,126 [INFO] ThirdParty:1030 - CMSIS Pack Vendor :STMicroelectronics X-CUBE-ST67W61 1.0.0
2025-10-10 14:56:43,126 [INFO] ThirdParty:1030 - CMSIS Pack Vendor :STMicroelectronics FP-SNS-STBOX1 2.1.0
2025-10-10 14:56:43,127 [INFO] ThirdParty:1030 - CMSIS Pack Vendor :STMicroelectronics X-CUBE-AI 10.2.0
2025-10-10 14:56:43,127 [INFO] ThirdParty:1030 - CMSIS Pack Vendor :STMicroelectronics FP-SNS-STAIOTCFT 1.0.0
2025-10-10 14:56:43,127 [INFO] ThirdParty:1030 - CMSIS Pack Vendor :STMicroelectronics ThreadX 1.0.0
2025-10-10 14:56:43,127 [INFO] ThirdParty:1030 - CMSIS Pack Vendor :STMicroelectronics FP-SNS-SMARTAG2 1.2.0
2025-10-10 14:56:43,128 [INFO] ThirdParty:1030 - CMSIS Pack Vendor :STMicroelectronics FP-SNS-FLIGHT1 5.1.0
2025-10-10 14:56:43,128 [INFO] ThirdParty:1030 - CMSIS Pack Vendor :STMicroelectronics X-CUBE-AZRTOS-WL 2.0.0
2025-10-10 14:56:43,128 [INFO] ThirdParty:1030 - CMSIS Pack Vendor :SEGGER I-CUBE-embOS 1.3.1
2025-10-10 14:56:43,128 [INFO] ThirdParty:1030 - CMSIS Pack Vendor :STMicroelectronics X-CUBE-ALGOBUILD 1.4.0
2025-10-10 14:56:43,129 [INFO] ThirdParty:1030 - CMSIS Pack Vendor :STMicroelectronics X-CUBE-DPower 1.3.0
2025-10-10 14:56:43,129 [INFO] ThirdParty:1030 - CMSIS Pack Vendor :STMicroelectronics X-CUBE-MEMS1 11.3.0
2025-10-10 14:56:43,129 [INFO] ThirdParty:1030 - CMSIS Pack Vendor :STMicroelectronics FP-SNS-MOTENV1 5.0.0
2025-10-10 14:56:43,130 [INFO] ThirdParty:1030 - CMSIS Pack Vendor :STMicroelectronics USB_DEVICE 1.0.0
2025-10-10 14:56:43,130 [INFO] ThirdParty:1030 - CMSIS Pack Vendor :STMicroelectronics X-CUBE-AZRTOS-L4 2.0.0
2025-10-10 14:56:43,130 [INFO] ThirdParty:1030 - CMSIS Pack Vendor :STMicroelectronics ThreadX 0.0.2
2025-10-10 14:56:43,131 [INFO] ThirdParty:1030 - CMSIS Pack Vendor :STMicroelectronics lwIP 2.1.2
2025-10-10 14:56:43,131 [INFO] ThirdParty:1030 - CMSIS Pack Vendor :STMicroelectronics X-CUBE-SFXS2LP1 4.0.0
2025-10-10 14:56:43,131 [INFO] ThirdParty:1030 - CMSIS Pack Vendor :STMicroelectronics X-CUBE-BLE2 3.3.0
2025-10-10 14:56:43,132 [INFO] ThirdParty:1030 - CMSIS Pack Vendor :STMicroelectronics X-CUBE-TOF1 3.4.3
2025-10-10 14:56:43,132 [INFO] ThirdParty:1030 - CMSIS Pack Vendor :STMicroelectronics PDM2PCM 3.2.0
2025-10-10 14:56:43,132 [INFO] ThirdParty:841 - exiting critical section [change project]
2025-10-10 14:56:44,213 [INFO] PinOutPanel:1589 - setPackage(No Configuration,No Configuration)
2025-10-10 14:56:44,215 [INFO] PinOutPanel:1589 - setPackage(STM32F103C8Tx,LQFP48)
2025-10-10 14:56:45,266 [INFO] UtilMem:75 - Before build in PCC Used Memory: 545697976 Bytes (633339904)
2025-10-10 14:56:46,148 [INFO] UtilMem:75 - After build in PCC Used Memory: 234795136 Bytes (633339904)
2025-10-10 14:56:46,168 [INFO] ApiDbMcu:532 - Load IP Config File for FREERTOS
2025-10-10 14:56:46,223 [INFO] IPUIPlugin:80 - create IPUIPlugin
2025-10-10 14:56:46,224 [INFO] IPUIPlugin:80 - create IPUIPlugin
2025-10-10 14:56:46,224 [INFO] IPUIPlugin:80 - create IPUIPlugin
2025-10-10 14:56:46,225 [INFO] IPUIPlugin:80 - create IPUIPlugin
2025-10-10 14:56:46,226 [INFO] IPUIPlugin:80 - create IPUIPlugin
2025-10-10 14:56:46,226 [INFO] IPUIPlugin:80 - create IPUIPlugin
2025-10-10 14:56:46,227 [INFO] IPUIPlugin:80 - create IPUIPlugin
2025-10-10 14:56:46,228 [INFO] IPUIPlugin:80 - create IPUIPlugin
2025-10-10 14:56:46,228 [INFO] IPUIPlugin:80 - create IPUIPlugin
2025-10-10 14:56:46,229 [INFO] IPUIPlugin:80 - create IPUIPlugin
2025-10-10 14:56:46,237 [INFO] IPUIPlugin:80 - create IPUIPlugin
2025-10-10 14:56:46,238 [INFO] IPUIPlugin:80 - create IPUIPlugin
2025-10-10 14:56:46,239 [INFO] IPUIPlugin:80 - create IPUIPlugin
2025-10-10 14:56:46,244 [INFO] IPUIPlugin:80 - create IPUIPlugin
2025-10-10 14:56:46,245 [INFO] IPUIPlugin:80 - create IPUIPlugin
2025-10-10 14:56:46,245 [INFO] IPUIPlugin:80 - create IPUIPlugin
2025-10-10 14:56:46,246 [INFO] IPUIPlugin:80 - create IPUIPlugin
2025-10-10 14:56:46,247 [INFO] IPUIPlugin:80 - create IPUIPlugin
2025-10-10 14:56:46,247 [INFO] IPUIPlugin:80 - create IPUIPlugin
2025-10-10 14:56:46,248 [INFO] IPUIPlugin:80 - create IPUIPlugin
2025-10-10 14:56:46,248 [INFO] IPUIPlugin:80 - create IPUIPlugin
2025-10-10 14:56:46,249 [INFO] IPUIPlugin:80 - create IPUIPlugin
2025-10-10 14:56:46,254 [INFO] IPUIPlugin:80 - create IPUIPlugin
2025-10-10 14:56:46,254 [INFO] IPUIPlugin:80 - create IPUIPlugin
2025-10-10 14:56:46,255 [INFO] IPUIPlugin:80 - create IPUIPlugin
2025-10-10 14:56:46,256 [INFO] IPUIPlugin:80 - create IPUIPlugin
2025-10-10 14:56:46,256 [INFO] IPUIPlugin:80 - create IPUIPlugin
2025-10-10 14:56:46,289 [WARN] FreeRTOS:1023 - Null or empty value: should not occur! (nothing added to the table)
2025-10-10 14:56:46,454 [INFO] CADModel:165 - CPN selected for project levelSTM32F103C8T6
2025-10-10 14:56:46,454 [INFO] CADModel:114 - Register for checkConnection events
2025-10-10 14:56:46,461 [INFO] RtosManager:728 - Active RTOS found at IOC load: FREERTOS [Cortex-M3NS]
2025-10-10 14:56:46,570 [INFO] OpenFileManager:386 - Restore cursor
