2025-10-10 14:58:44,415 [ERROR] LogOutputStream:75 - [STDERR_REDIRECT] Exception in thread "AWT-EventQueue-0" java.awt.IllegalComponentStateException: Native resources unavailable
2025-10-10 14:58:44,510 [ERROR] LogOutputStream:75 - [STDERR_REDIRECT] 	at java.desktop/sun.awt.windows.WWindowPeer.getScreenImOn(Native Method)
2025-10-10 14:58:44,516 [ERROR] LogOutputStream:75 - [STDERR_REDIRECT] 	at java.desktop/sun.awt.windows.WWindowPeer.updateGC(WWindowPeer.java:566)
2025-10-10 14:58:44,522 [ERROR] LogOutputStream:75 - [STDERR_REDIRECT] 	at java.desktop/java.awt.event.InvocationEvent.dispatch(InvocationEvent.java:318)
2025-10-10 14:58:44,532 [ERROR] LogOutputStream:75 - [STDERR_REDIRECT] 	at java.desktop/java.awt.EventQueue.dispatchEventImpl(EventQueue.java:773)
2025-10-10 14:58:44,548 [ERROR] LogOutputStream:75 - [STDERR_REDIRECT] 	at java.desktop/java.awt.EventQueue$4.run(EventQueue.java:720)
2025-10-10 14:58:44,558 [ERROR] LogOutputStream:75 - [STDERR_REDIRECT] 	at java.desktop/java.awt.EventQueue$4.run(EventQueue.java:714)
2025-10-10 14:58:44,567 [ERROR] LogOutputStream:75 - [STDERR_REDIRECT] 	at java.base/java.security.AccessController.doPrivileged(AccessController.java:400)
2025-10-10 14:58:44,584 [ERROR] LogOutputStream:75 - [STDERR_REDIRECT] 	at java.base/java.security.ProtectionDomain$JavaSecurityAccessImpl.doIntersectionPrivilege(ProtectionDomain.java:87)
2025-10-10 14:58:44,588 [ERROR] LogOutputStream:75 - [STDERR_REDIRECT] 	at java.base/java.security.ProtectionDomain$JavaSecurityAccessImpl.doIntersectionPrivilege(ProtectionDomain.java:98)
2025-10-10 14:58:44,591 [ERROR] LogOutputStream:75 - [STDERR_REDIRECT] 	at java.desktop/java.awt.EventQueue$5.run(EventQueue.java:747)
2025-10-10 14:58:44,594 [ERROR] LogOutputStream:75 - [STDERR_REDIRECT] 	at java.desktop/java.awt.EventQueue$5.run(EventQueue.java:745)
2025-10-10 14:58:44,597 [ERROR] LogOutputStream:75 - [STDERR_REDIRECT] 	at java.base/java.security.AccessController.doPrivileged(AccessController.java:400)
2025-10-10 14:58:44,605 [ERROR] LogOutputStream:75 - [STDERR_REDIRECT] 	at java.base/java.security.ProtectionDomain$JavaSecurityAccessImpl.doIntersectionPrivilege(ProtectionDomain.java:87)
2025-10-10 14:58:44,609 [ERROR] LogOutputStream:75 - [STDERR_REDIRECT] 	at java.desktop/java.awt.EventQueue.dispatchEvent(EventQueue.java:744)
2025-10-10 14:58:44,615 [ERROR] LogOutputStream:75 - [STDERR_REDIRECT] 	at java.desktop/java.awt.EventDispatchThread.pumpOneEventForFilters(EventDispatchThread.java:203)
2025-10-10 14:58:44,618 [ERROR] LogOutputStream:75 - [STDERR_REDIRECT] 	at java.desktop/java.awt.EventDispatchThread.pumpEventsForFilter(EventDispatchThread.java:124)
2025-10-10 14:58:44,622 [ERROR] LogOutputStream:75 - [STDERR_REDIRECT] 	at java.desktop/java.awt.EventDispatchThread.pumpEventsForHierarchy(EventDispatchThread.java:113)
2025-10-10 14:58:44,625 [ERROR] LogOutputStream:75 - [STDERR_REDIRECT] 	at java.desktop/java.awt.EventDispatchThread.pumpEvents(EventDispatchThread.java:109)
2025-10-10 14:58:44,631 [ERROR] LogOutputStream:75 - [STDERR_REDIRECT] 	at java.desktop/java.awt.EventDispatchThread.pumpEvents(EventDispatchThread.java:101)
2025-10-10 14:58:44,634 [ERROR] LogOutputStream:75 - [STDERR_REDIRECT] 	at java.desktop/java.awt.EventDispatchThread.run(EventDispatchThread.java:90)
2025-10-10 16:00:32,481 [INFO] MainUpdater:2872 - connection check result : 10
2025-10-10 16:00:32,483 [INFO] MainUpdater:2872 - connection check result : 10
2025-10-10 16:00:32,788 [INFO] MicroXplorer:468 - Change Database Path : 
2025-10-10 16:00:32,788 [INFO] MicroXplorer:498 - Change Database Version : DB.6.0.150
2025-10-10 16:00:32,962 [ERROR] ProjectManagerView:395 - 
java.lang.NullPointerException: Cannot invoke "javax.swing.JTextField.getText()" because the return value of "java.util.List.get(int)" is null
	at com.st.microxplorer.plugins.projectmanager.gui.ProjectChoiceTab$9.caretUpdate(ProjectChoiceTab.java:2706) ~[filemanager.jar:?]
	at javax.swing.text.JTextComponent.fireCaretUpdate(JTextComponent.java:408) ~[?:?]
	at javax.swing.text.JTextComponent$MutableCaretEvent.fire(JTextComponent.java:4484) ~[?:?]
	at javax.swing.text.JTextComponent$MutableCaretEvent.stateChanged(JTextComponent.java:4506) ~[?:?]
	at javax.swing.text.DefaultCaret.fireStateChanged(DefaultCaret.java:857) ~[?:?]
	at javax.swing.text.DefaultCaret.changeCaretPosition(DefaultCaret.java:1343) ~[?:?]
	at javax.swing.text.DefaultCaret.handleSetDot(DefaultCaret.java:1242) ~[?:?]
	at javax.swing.text.DefaultCaret.setDot(DefaultCaret.java:1223) ~[?:?]
	at javax.swing.text.DefaultCaret$Handler.insertUpdate(DefaultCaret.java:1819) ~[?:?]
	at javax.swing.text.AbstractDocument.fireInsertUpdate(AbstractDocument.java:227) ~[?:?]
	at javax.swing.text.AbstractDocument.handleInsertString(AbstractDocument.java:781) ~[?:?]
	at javax.swing.text.AbstractDocument.insertString(AbstractDocument.java:740) ~[?:?]
	at javax.swing.text.PlainDocument.insertString(PlainDocument.java:131) ~[?:?]
	at javax.swing.text.AbstractDocument.replace(AbstractDocument.java:699) ~[?:?]
	at javax.swing.text.JTextComponent.setText(JTextComponent.java:1725) ~[?:?]
	at com.st.microxplorer.plugins.projectmanager.gui.ProjectChoiceTab.createHeapStackFields(ProjectChoiceTab.java:993) ~[filemanager.jar:?]
	at com.st.microxplorer.plugins.projectmanager.gui.ProjectChoiceTab.buildLinkSettingsPanel(ProjectChoiceTab.java:3813) ~[filemanager.jar:?]
	at com.st.microxplorer.plugins.projectmanager.gui.ProjectChoiceTab.defineWindowsFields(ProjectChoiceTab.java:1987) ~[filemanager.jar:?]
	at com.st.microxplorer.plugins.projectmanager.gui.ProjectChoiceTab.updateSettings(ProjectChoiceTab.java:558) ~[filemanager.jar:?]
	at com.st.microxplorer.plugins.projectmanager.gui.ProjectSettingsPanel.UpdateDialog(ProjectSettingsPanel.java:247) ~[filemanager.jar:?]
	at com.st.microxplorer.plugins.projectmanager.ProjectManagerView.propertyChange(ProjectManagerView.java:392) ~[filemanager.jar:?]
	at java.beans.PropertyChangeSupport.fire(PropertyChangeSupport.java:343) ~[?:?]
	at java.beans.PropertyChangeSupport.firePropertyChange(PropertyChangeSupport.java:335) ~[?:?]
	at java.beans.PropertyChangeSupport.firePropertyChange(PropertyChangeSupport.java:268) ~[?:?]
	at com.st.microxplorer.util.MXPropertyChangeSupport.firePropertyChange(MXPropertyChangeSupport.java:54) ~[STM32CubeMX.jar:?]
	at com.st.microxplorer.mxsystem.MxSystem.closeConfig(MxSystem.java:899) ~[STM32CubeMX.jar:?]
	at com.st.microxplorer.maingui.MainPanel.closeConfig(MainPanel.java:792) ~[STM32CubeMX.jar:?]
	at com.st.microxplorer.plugins.filemanager.engine.OpenFileManager.loadConfigurationFile(OpenFileManager.java:288) ~[filemanager.jar:?]
	at com.st.microxplorer.plugins.filemanager.engine.MainFileManager.userLoadConfig(MainFileManager.java:364) ~[filemanager.jar:?]
	at com.st.microxplorer.plugins.filemanager.engine.MainFileManager.userLoadConfig(MainFileManager.java:342) ~[filemanager.jar:?]
	at com.st.microxplorer.plugins.filemanager.FileManagerView.getSpecificTask(FileManagerView.java:264) ~[filemanager.jar:?]
	at com.st.stm32cube.common.mx.editor.CubeMxEditor.getMxTabbedPaneInstance(CubeMxEditor.java:1198) ~[com.st.stm32cube.common.mx_6.15.0.202507011659/:?]
	at com.st.stm32cube.common.mx.editor.CubeMxEditor$12$1.createSwingComponent(CubeMxEditor.java:1068) ~[com.st.stm32cube.common.mx_6.15.0.202507011659/:?]
	at com.st.stm32cube.common.mx.oss.core.awtswtbridge.EmbeddedSwingComposite.doComponentCreation(EmbeddedSwingComposite.java:492) ~[com.st.stm32cube.common.mx.oss_6.15.0.202507011659/:?]
	at com.st.stm32cube.common.mx.oss.core.awtswtbridge.EmbeddedSwingComposite$4.run(EmbeddedSwingComposite.java:291) ~[com.st.stm32cube.common.mx.oss_6.15.0.202507011659/:?]
	at com.st.stm32cube.common.mx.oss.core.awtswtbridge.AwtEnvironment$2.run(AwtEnvironment.java:166) ~[com.st.stm32cube.common.mx.oss_6.15.0.202507011659/:?]
	at java.awt.event.InvocationEvent.dispatch(InvocationEvent.java:318) ~[?:?]
	at java.awt.EventQueue.dispatchEventImpl(EventQueue.java:773) ~[?:?]
	at java.awt.EventQueue$4.run(EventQueue.java:720) ~[?:?]
	at java.awt.EventQueue$4.run(EventQueue.java:714) ~[?:?]
	at java.security.AccessController.doPrivileged(AccessController.java:400) ~[?:?]
	at java.security.ProtectionDomain$JavaSecurityAccessImpl.doIntersectionPrivilege(ProtectionDomain.java:87) ~[?:?]
	at java.awt.EventQueue.dispatchEvent(EventQueue.java:742) ~[?:?]
	at java.awt.EventDispatchThread.pumpOneEventForFilters(EventDispatchThread.java:203) ~[?:?]
	at java.awt.EventDispatchThread.pumpEventsForFilter(EventDispatchThread.java:124) ~[?:?]
	at java.awt.EventDispatchThread.pumpEventsForHierarchy(EventDispatchThread.java:113) ~[?:?]
	at java.awt.EventDispatchThread.pumpEvents(EventDispatchThread.java:109) ~[?:?]
	at java.awt.EventDispatchThread.pumpEvents(EventDispatchThread.java:101) ~[?:?]
	at java.awt.EventDispatchThread.run(EventDispatchThread.java:90) ~[?:?]
2025-10-10 16:00:32,965 [WARN] ThirdParty:871 - waiting for thirdparty lock release [close project]
2025-10-10 16:00:32,966 [INFO] ThirdParty:873 - entering critical section [close project]
2025-10-10 16:00:32,966 [INFO] ThirdParty:883 - exiting critical section [close project]
2025-10-10 16:00:32,972 [INFO] PinOutPanel:1589 - setPackage(No Configuration,No Configuration)
2025-10-10 16:00:33,022 [INFO] UtilMem:75 - Begin LoadConfig() Used Memory: 519612776 Bytes (633339904)
2025-10-10 16:00:33,025 [INFO] MicroXplorer:468 - Change Database Path : 
2025-10-10 16:00:33,025 [INFO] MicroXplorer:498 - Change Database Version : DB.6.0.150
2025-10-10 16:00:33,026 [INFO] OpenFileManager:355 - Change cursor
2025-10-10 16:00:33,590 [INFO] Mcu:2029 - Initializing MCU STM32F103C(8-B)Tx STM32F103C8Tx STM32F103C8T6
2025-10-10 16:00:38,931 [INFO] Context:786 - Trying to add GPIOservice into a context  which must be forbidden
2025-10-10 16:00:39,577 [INFO] ImportTextPane:234 - (OptionalMessage_ERROR) Pin10 (VP_RIF_VS_RIF1) cannot be retrieved for this MCU
2025-10-10 16:00:39,707 [INFO] RtosManager:558 - Registered RTOS mode: class=CMSIS, group=RTOS, mode=CMSIS_V1, owner=FREERTOS
2025-10-10 16:00:39,707 [INFO] RtosManager:558 - Registered RTOS mode: class=CMSIS, group=RTOS2, mode=CMSIS_V2, owner=FREERTOS
2025-10-10 16:00:39,708 [INFO] RtosManager:558 - Registered RTOS mode: class=RTOS, group=Core, mode=CMSIS_V1, owner=FREERTOS
2025-10-10 16:00:39,708 [INFO] RtosManager:558 - Registered RTOS mode: class=RTOS, group=Core, mode=CMSIS_V2, owner=FREERTOS
2025-10-10 16:00:39,708 [WARN] ModelIntegratedComponent:184 - Missing modes for component STMicroelectronics:FreeRTOS:0.0.1:STMicroelectronics:RTOS:FreeRTOS:Core:::10.2.0:
2025-10-10 16:00:39,762 [WARN] ModelIntegratedComponent:63 - No mode defined for component null
2025-10-10 16:00:39,762 [WARN] ModelIntegratedComponent:63 - No mode defined for component null
2025-10-10 16:00:39,763 [WARN] ModelIntegratedComponent:63 - No mode defined for component null
2025-10-10 16:00:39,763 [WARN] ModelIntegratedComponent:63 - No mode defined for component null
2025-10-10 16:00:39,764 [WARN] ModelIntegratedComponent:63 - No mode defined for component null
2025-10-10 16:00:39,764 [WARN] ModelIntegratedComponent:63 - No mode defined for component null
2025-10-10 16:00:39,765 [WARN] ModelIntegratedComponent:63 - No mode defined for component null
2025-10-10 16:00:39,765 [WARN] ModelIntegratedComponent:63 - No mode defined for component null
2025-10-10 16:00:39,766 [WARN] ModelIntegratedComponent:63 - No mode defined for component null
2025-10-10 16:00:39,766 [WARN] ModelIntegratedComponent:63 - No mode defined for component null
2025-10-10 16:00:39,767 [WARN] ModelIntegratedComponent:63 - No mode defined for component null
2025-10-10 16:00:39,768 [WARN] ModelIntegratedComponent:63 - No mode defined for component null
2025-10-10 16:00:39,768 [WARN] ModelIntegratedComponent:63 - No mode defined for component null
2025-10-10 16:00:39,769 [WARN] ModelIntegratedComponent:63 - No mode defined for component null
2025-10-10 16:00:39,771 [WARN] ModelIntegratedComponent:63 - No mode defined for component null
2025-10-10 16:00:39,771 [WARN] ModelIntegratedComponent:63 - No mode defined for component null
2025-10-10 16:00:39,772 [WARN] ModelIntegratedComponent:63 - No mode defined for component null
2025-10-10 16:00:39,772 [WARN] ModelIntegratedComponent:63 - No mode defined for component null
2025-10-10 16:00:39,772 [WARN] ModelIntegratedComponent:63 - No mode defined for component null
2025-10-10 16:00:39,773 [WARN] ModelIntegratedComponent:63 - No mode defined for component null
2025-10-10 16:00:39,773 [WARN] ModelIntegratedComponent:63 - No mode defined for component null
2025-10-10 16:00:39,774 [WARN] ModelIntegratedComponent:63 - No mode defined for component null
2025-10-10 16:00:39,775 [WARN] ModelIntegratedComponent:63 - No mode defined for component null
2025-10-10 16:00:39,776 [WARN] ModelIntegratedComponent:63 - No mode defined for component null
2025-10-10 16:00:39,776 [WARN] ModelIntegratedComponent:63 - No mode defined for component null
2025-10-10 16:00:39,777 [WARN] ModelIntegratedComponent:63 - No mode defined for component null
2025-10-10 16:00:39,777 [WARN] ModelIntegratedComponent:63 - No mode defined for component null
2025-10-10 16:00:39,778 [WARN] ModelIntegratedComponent:63 - No mode defined for component null
2025-10-10 16:00:39,778 [WARN] ModelIntegratedComponent:63 - No mode defined for component null
2025-10-10 16:00:39,779 [WARN] ModelIntegratedComponent:63 - No mode defined for component null
2025-10-10 16:00:39,779 [WARN] ModelIntegratedComponent:63 - No mode defined for component null
2025-10-10 16:00:39,780 [WARN] ModelIntegratedComponent:63 - No mode defined for component null
2025-10-10 16:00:39,781 [WARN] ModelIntegratedComponent:63 - No mode defined for component null
2025-10-10 16:00:39,781 [WARN] ModelIntegratedComponent:63 - No mode defined for component null
2025-10-10 16:00:39,781 [WARN] ModelIntegratedComponent:63 - No mode defined for component null
2025-10-10 16:00:39,782 [WARN] ModelPack:524 - Component already loaded: STMicroelectronics:HAL Drivers:0.0.0:STMicroelectronics:Device:STMicro_Driver:XSPI:HAL::0.0.1:HAL_XSPI
2025-10-10 16:00:40,212 [INFO] ThirdPartyModel:298 - Start build external matchings
2025-10-10 16:00:42,322 [INFO] ThirdPartyModel:316 - End build external matchings
2025-10-10 16:00:42,356 [INFO] RtosManager:1018 - Current active RTOS is FREERTOS [Cortex-M3NS]
2025-10-10 16:00:42,379 [INFO] ImportTextPane:234 - (OptionalMessage_ERROR) IP (RCC) : Parameter (ADCFreqValue) has invalid value (36000000)
2025-10-10 16:00:42,379 [INFO] ImportTextPane:234 - (OptionalMessage_ERROR) IP (RCC) : Invalid parameter (FamilyName)
2025-10-10 16:00:42,380 [INFO] ImportTextPane:234 - (OptionalMessage_ERROR) IP (RCC) : Parameter (MCOFreq_Value) has invalid value (72000000)
2025-10-10 16:00:42,381 [INFO] ImportTextPane:234 - (OptionalMessage_ERROR) IP (RCC) : Parameter (USBFreq_Value) has invalid value (72000000)
2025-10-10 16:00:43,365 [INFO] UtilMem:75 - End LoadConfig() Used Memory: 262751736 Bytes (633339904)
2025-10-10 16:00:43,492 [WARN] ThirdParty:833 - waiting for thirdparty lock release [change project]
2025-10-10 16:00:43,493 [INFO] ThirdParty:835 - entering critical section [change project]
2025-10-10 16:00:43,500 [INFO] ThirdParty:1030 - CMSIS Pack Vendor :STMicroelectronics X-CUBE-PM33A1 1.0.0
2025-10-10 16:00:43,502 [INFO] ThirdParty:1030 - CMSIS Pack Vendor :STMicroelectronics USBPD 4.1
2025-10-10 16:00:43,503 [INFO] ThirdParty:1030 - CMSIS Pack Vendor :STMicroelectronics X-CUBE-NFC9 1.0.0
2025-10-10 16:00:43,503 [INFO] ThirdParty:1030 - CMSIS Pack Vendor :STMicroelectronics USB_HOST 2.0.0
2025-10-10 16:00:43,504 [INFO] ThirdParty:1030 - CMSIS Pack Vendor :STMicroelectronics FP-SNS-MOTENVWB1 1.4.0
2025-10-10 16:00:43,504 [INFO] ThirdParty:1030 - CMSIS Pack Vendor :STMicroelectronics X-CUBE-AZRTOS-F4 1.1.0
2025-10-10 16:00:43,505 [INFO] ThirdParty:1030 - CMSIS Pack Vendor :STMicroelectronics LIBJPEG 8.0.0
2025-10-10 16:00:43,506 [INFO] ThirdParty:1030 - CMSIS Pack Vendor :STMicroelectronics FP-ATR-ASTRA1 2.0.2
2025-10-10 16:00:43,506 [INFO] ThirdParty:1030 - CMSIS Pack Vendor :wolfSSL I-CUBE-wolfSSL 5.8.2
2025-10-10 16:00:43,507 [INFO] ThirdParty:1030 - CMSIS Pack Vendor :STMicroelectronics X-CUBE-BLE1 7.1.0
2025-10-10 16:00:43,507 [INFO] ThirdParty:1030 - CMSIS Pack Vendor :STMicroelectronics X-CUBE-SMBUS 2.1.0
2025-10-10 16:00:43,507 [INFO] ThirdParty:1030 - CMSIS Pack Vendor :wolfSSL I-CUBE-wolfMQTT 1.19.2
2025-10-10 16:00:43,508 [INFO] ThirdParty:1030 - CMSIS Pack Vendor :STMicroelectronics USB_DEVICE 3.0.0
2025-10-10 16:00:43,508 [INFO] ThirdParty:1030 - CMSIS Pack Vendor :STMicroelectronics X-CUBE-ISPU 2.1.0
2025-10-10 16:00:43,508 [INFO] ThirdParty:1030 - CMSIS Pack Vendor :STMicroelectronics X-CUBE-EEPRMA1 5.2.0
2025-10-10 16:00:43,508 [INFO] ThirdParty:1030 - CMSIS Pack Vendor :STMicroelectronics X-CUBE-IPS 3.2.0
2025-10-10 16:00:43,509 [INFO] ThirdParty:1030 - CMSIS Pack Vendor :STMicroelectronics X-CUBE-BLEMGR 4.1.0
2025-10-10 16:00:43,509 [INFO] ThirdParty:1030 - CMSIS Pack Vendor :STMicroelectronics X-CUBE-AZRTOS-WB 2.0.0
2025-10-10 16:00:43,509 [INFO] ThirdParty:1030 - CMSIS Pack Vendor :STMicroelectronics X-CUBE-ST60 1.0.0
2025-10-10 16:00:43,509 [INFO] ThirdParty:1030 - CMSIS Pack Vendor :STMicroelectronics X-CUBE-GNSS1 7.0.1
2025-10-10 16:00:43,510 [INFO] ThirdParty:1030 - CMSIS Pack Vendor :STMicroelectronics X-CUBE-NFC12 1.0.0
2025-10-10 16:00:43,510 [INFO] ThirdParty:1030 - CMSIS Pack Vendor :STMicroelectronics X-CUBE-AZRTOS-F7 1.1.0
2025-10-10 16:00:43,511 [INFO] ThirdParty:1030 - CMSIS Pack Vendor :STMicroelectronics X-CUBE-AZRTOS-L5 2.0.0
2025-10-10 16:00:43,511 [INFO] ThirdParty:1030 - CMSIS Pack Vendor :STMicroelectronics USB_DEVICE 2.0.0
2025-10-10 16:00:43,512 [INFO] ThirdParty:1030 - CMSIS Pack Vendor :STMicroelectronics X-CUBE-NFC6 3.1.0
2025-10-10 16:00:43,514 [INFO] ThirdParty:1030 - CMSIS Pack Vendor :Cesanta I-CUBE-Mongoose 7.19.0
2025-10-10 16:00:43,515 [INFO] ThirdParty:1030 - CMSIS Pack Vendor :quantropi X-CUBE-qispace-sdk-base 2.1.0
2025-10-10 16:00:43,516 [INFO] ThirdParty:1030 - CMSIS Pack Vendor :STMicroelectronics FreeRTOS 0.0.1
2025-10-10 16:00:43,517 [INFO] ThirdParty:1030 - CMSIS Pack Vendor :STMicroelectronics X-CUBE-AZRTOS-G0 1.1.0
2025-10-10 16:00:43,520 [INFO] ThirdParty:1030 - CMSIS Pack Vendor :STMicroelectronics X-CUBE-SAFEA1 1.2.2
2025-10-10 16:00:43,521 [INFO] ThirdParty:1030 - CMSIS Pack Vendor :STMicroelectronics X-CUBE-NFC4 3.0.0
2025-10-10 16:00:43,523 [INFO] ThirdParty:1030 - CMSIS Pack Vendor :STMicroelectronics X-CUBE-SUBG2 5.0.0
2025-10-10 16:00:43,524 [INFO] ThirdParty:1030 - CMSIS Pack Vendor :STMicroelectronics X-CUBE-AZRTOS-H7RS 1.1.0
2025-10-10 16:00:43,525 [INFO] ThirdParty:1030 - CMSIS Pack Vendor :STMicroelectronics STM32_WPAN 1.0.0
2025-10-10 16:00:43,526 [INFO] ThirdParty:1030 - CMSIS Pack Vendor :EmbeddedOffice I-CUBE-FS-RTOS 1.0.1
2025-10-10 16:00:43,527 [INFO] ThirdParty:1030 - CMSIS Pack Vendor :STMicroelectronics lwIP 2.0.3
2025-10-10 16:00:43,527 [INFO] ThirdParty:1030 - CMSIS Pack Vendor :WES I-CUBE-Cesium 1.4.0
2025-10-10 16:00:43,528 [INFO] ThirdParty:1030 - CMSIS Pack Vendor :STMicroelectronics USB_HOST 1.0.0
2025-10-10 16:00:43,528 [INFO] ThirdParty:1030 - CMSIS Pack Vendor :Infineon AIROC-Wi-Fi-Bluetooth-STM32 1.7.1
2025-10-10 16:00:43,531 [INFO] ThirdParty:1030 - CMSIS Pack Vendor :STMicroelectronics X-CUBE-AZRTOS-G4 2.0.0
2025-10-10 16:00:43,532 [INFO] ThirdParty:1030 - CMSIS Pack Vendor :STMicroelectronics X-CUBE-WB05N 2.0.0
2025-10-10 16:00:43,532 [INFO] ThirdParty:1030 - CMSIS Pack Vendor :STMicroelectronics PDM2PCM 3.1.0
2025-10-10 16:00:43,532 [INFO] ThirdParty:1030 - CMSIS Pack Vendor :STMicroelectronics PDM2PCM 3.3.0
2025-10-10 16:00:43,533 [INFO] ThirdParty:1030 - CMSIS Pack Vendor :wolfSSL I-CUBE-wolfTPM 3.8.0
2025-10-10 16:00:43,534 [INFO] ThirdParty:1030 - CMSIS Pack Vendor :STMicroelectronics X-CUBE-AZRTOS-H7 3.4.0
2025-10-10 16:00:43,535 [INFO] ThirdParty:1030 - CMSIS Pack Vendor :STMicroelectronics X-CUBE-DISPLAY 3.0.0
2025-10-10 16:00:43,537 [INFO] ThirdParty:1030 - CMSIS Pack Vendor :wolfSSL I-CUBE-wolfSSH 1.4.20
2025-10-10 16:00:43,537 [INFO] ThirdParty:1030 - CMSIS Pack Vendor :STMicroelectronics X-CUBE-NFC7 2.0.0
2025-10-10 16:00:43,538 [INFO] ThirdParty:1030 - CMSIS Pack Vendor :STMicroelectronics X-CUBE-TCPP 4.2.0
2025-10-10 16:00:43,538 [INFO] ThirdParty:1030 - CMSIS Pack Vendor :RealThread X-CUBE-RT-Thread_Nano 4.1.1
2025-10-10 16:00:43,539 [INFO] ThirdParty:1030 - CMSIS Pack Vendor :STMicroelectronics FP-ATR-SIGFOX1 3.2.0
2025-10-10 16:00:43,539 [INFO] ThirdParty:1030 - CMSIS Pack Vendor :STMicroelectronics X-CUBE-NFC10 1.0.0
2025-10-10 16:00:43,540 [INFO] ThirdParty:1030 - CMSIS Pack Vendor :STMicroelectronics X-CUBE-FREERTOS 1.3.1
2025-10-10 16:00:43,540 [INFO] ThirdParty:1030 - CMSIS Pack Vendor :STMicroelectronics HAL Drivers 0.0.0
2025-10-10 16:00:43,540 [INFO] ThirdParty:1030 - CMSIS Pack Vendor :STMicroelectronics MBEDTLS 2.16.2
2025-10-10 16:00:43,540 [INFO] ThirdParty:1030 - CMSIS Pack Vendor :STMicroelectronics X-CUBE-IPS 3.1.0
2025-10-10 16:00:43,541 [INFO] ThirdParty:1030 - CMSIS Pack Vendor :STMicroelectronics X-CUBE-ALS 1.0.2
2025-10-10 16:00:43,541 [INFO] ThirdParty:1030 - CMSIS Pack Vendor :emotas I-CUBE-CANOPEN 1.3.0
2025-10-10 16:00:43,541 [INFO] ThirdParty:1030 - CMSIS Pack Vendor :STMicroelectronics MBEDTLS 2.14.1
2025-10-10 16:00:43,541 [INFO] ThirdParty:1030 - CMSIS Pack Vendor :ITTIA_DB I-CUBE-ITTIADB 8.9.0
2025-10-10 16:00:43,541 [INFO] ThirdParty:1030 - CMSIS Pack Vendor :STMicroelectronics X-CUBE-TOUCHGFX 4.26.0
2025-10-10 16:00:43,542 [INFO] ThirdParty:1030 - CMSIS Pack Vendor :STMicroelectronics X-CUBE-STSE01 1.0.0
2025-10-10 16:00:43,543 [INFO] ThirdParty:1030 - CMSIS Pack Vendor :STMicroelectronics X-CUBE-ST67W61 1.0.0
2025-10-10 16:00:43,558 [INFO] ThirdParty:1030 - CMSIS Pack Vendor :STMicroelectronics FP-SNS-STBOX1 2.1.0
2025-10-10 16:00:43,559 [INFO] ThirdParty:1030 - CMSIS Pack Vendor :STMicroelectronics X-CUBE-AI 10.2.0
2025-10-10 16:00:43,559 [INFO] ThirdParty:1030 - CMSIS Pack Vendor :STMicroelectronics FP-SNS-STAIOTCFT 1.0.0
2025-10-10 16:00:43,559 [INFO] ThirdParty:1030 - CMSIS Pack Vendor :STMicroelectronics ThreadX 1.0.0
2025-10-10 16:00:43,559 [INFO] ThirdParty:1030 - CMSIS Pack Vendor :STMicroelectronics FP-SNS-SMARTAG2 1.2.0
2025-10-10 16:00:43,560 [INFO] ThirdParty:1030 - CMSIS Pack Vendor :STMicroelectronics FP-SNS-FLIGHT1 5.1.0
2025-10-10 16:00:43,560 [INFO] ThirdParty:1030 - CMSIS Pack Vendor :STMicroelectronics X-CUBE-AZRTOS-WL 2.0.0
2025-10-10 16:00:43,560 [INFO] ThirdParty:1030 - CMSIS Pack Vendor :SEGGER I-CUBE-embOS 1.3.1
2025-10-10 16:00:43,560 [INFO] ThirdParty:1030 - CMSIS Pack Vendor :STMicroelectronics X-CUBE-ALGOBUILD 1.4.0
2025-10-10 16:00:43,560 [INFO] ThirdParty:1030 - CMSIS Pack Vendor :STMicroelectronics X-CUBE-DPower 1.3.0
2025-10-10 16:00:43,561 [INFO] ThirdParty:1030 - CMSIS Pack Vendor :STMicroelectronics X-CUBE-MEMS1 11.3.0
2025-10-10 16:00:43,561 [INFO] ThirdParty:1030 - CMSIS Pack Vendor :STMicroelectronics FP-SNS-MOTENV1 5.0.0
2025-10-10 16:00:43,562 [INFO] ThirdParty:1030 - CMSIS Pack Vendor :STMicroelectronics USB_DEVICE 1.0.0
2025-10-10 16:00:43,562 [INFO] ThirdParty:1030 - CMSIS Pack Vendor :STMicroelectronics X-CUBE-AZRTOS-L4 2.0.0
2025-10-10 16:00:43,566 [INFO] ThirdParty:1030 - CMSIS Pack Vendor :STMicroelectronics ThreadX 0.0.2
2025-10-10 16:00:43,566 [INFO] ThirdParty:1030 - CMSIS Pack Vendor :STMicroelectronics lwIP 2.1.2
2025-10-10 16:00:43,567 [INFO] ThirdParty:1030 - CMSIS Pack Vendor :STMicroelectronics X-CUBE-SFXS2LP1 4.0.0
2025-10-10 16:00:43,567 [INFO] ThirdParty:1030 - CMSIS Pack Vendor :STMicroelectronics X-CUBE-BLE2 3.3.0
2025-10-10 16:00:43,567 [INFO] ThirdParty:1030 - CMSIS Pack Vendor :STMicroelectronics X-CUBE-TOF1 3.4.3
2025-10-10 16:00:43,567 [INFO] ThirdParty:1030 - CMSIS Pack Vendor :STMicroelectronics PDM2PCM 3.2.0
2025-10-10 16:00:43,568 [INFO] ThirdParty:841 - exiting critical section [change project]
2025-10-10 16:00:44,484 [INFO] PinOutPanel:1589 - setPackage(No Configuration,No Configuration)
2025-10-10 16:00:44,487 [INFO] PinOutPanel:1589 - setPackage(STM32F103C8Tx,LQFP48)
2025-10-10 16:00:45,596 [INFO] UtilMem:75 - Before build in PCC Used Memory: 382745912 Bytes (633339904)
2025-10-10 16:00:46,682 [INFO] UtilMem:75 - After build in PCC Used Memory: 427834680 Bytes (633339904)
2025-10-10 16:00:46,704 [INFO] ApiDbMcu:532 - Load IP Config File for FREERTOS
2025-10-10 16:00:46,774 [INFO] IPUIPlugin:80 - create IPUIPlugin
2025-10-10 16:00:46,775 [INFO] IPUIPlugin:80 - create IPUIPlugin
2025-10-10 16:00:46,775 [INFO] IPUIPlugin:80 - create IPUIPlugin
2025-10-10 16:00:46,777 [INFO] IPUIPlugin:80 - create IPUIPlugin
2025-10-10 16:00:46,778 [INFO] IPUIPlugin:80 - create IPUIPlugin
2025-10-10 16:00:46,779 [INFO] IPUIPlugin:80 - create IPUIPlugin
2025-10-10 16:00:46,779 [INFO] IPUIPlugin:80 - create IPUIPlugin
2025-10-10 16:00:46,780 [INFO] IPUIPlugin:80 - create IPUIPlugin
2025-10-10 16:00:46,782 [INFO] IPUIPlugin:80 - create IPUIPlugin
2025-10-10 16:00:46,783 [INFO] IPUIPlugin:80 - create IPUIPlugin
2025-10-10 16:00:46,785 [INFO] IPUIPlugin:80 - create IPUIPlugin
2025-10-10 16:00:46,786 [INFO] IPUIPlugin:80 - create IPUIPlugin
2025-10-10 16:00:46,787 [INFO] IPUIPlugin:80 - create IPUIPlugin
2025-10-10 16:00:46,787 [INFO] IPUIPlugin:80 - create IPUIPlugin
2025-10-10 16:00:46,788 [INFO] IPUIPlugin:80 - create IPUIPlugin
2025-10-10 16:00:46,788 [INFO] IPUIPlugin:80 - create IPUIPlugin
2025-10-10 16:00:46,789 [INFO] IPUIPlugin:80 - create IPUIPlugin
2025-10-10 16:00:46,790 [INFO] IPUIPlugin:80 - create IPUIPlugin
2025-10-10 16:00:46,790 [INFO] IPUIPlugin:80 - create IPUIPlugin
2025-10-10 16:00:46,791 [INFO] IPUIPlugin:80 - create IPUIPlugin
2025-10-10 16:00:46,792 [INFO] IPUIPlugin:80 - create IPUIPlugin
2025-10-10 16:00:46,792 [INFO] IPUIPlugin:80 - create IPUIPlugin
2025-10-10 16:00:46,793 [INFO] IPUIPlugin:80 - create IPUIPlugin
2025-10-10 16:00:46,795 [INFO] IPUIPlugin:80 - create IPUIPlugin
2025-10-10 16:00:46,795 [INFO] IPUIPlugin:80 - create IPUIPlugin
2025-10-10 16:00:46,796 [INFO] IPUIPlugin:80 - create IPUIPlugin
2025-10-10 16:00:46,797 [INFO] IPUIPlugin:80 - create IPUIPlugin
2025-10-10 16:00:46,832 [WARN] FreeRTOS:1023 - Null or empty value: should not occur! (nothing added to the table)
2025-10-10 16:00:46,986 [INFO] CADModel:165 - CPN selected for project levelSTM32F103C8T6
2025-10-10 16:00:46,986 [INFO] CADModel:114 - Register for checkConnection events
2025-10-10 16:00:46,991 [INFO] RtosManager:728 - Active RTOS found at IOC load: FREERTOS [Cortex-M3NS]
2025-10-10 16:00:47,099 [INFO] OpenFileManager:386 - Restore cursor
2025-10-10 16:01:03,524 [INFO] NvicIntPanel:101 - NVIC parent = com.st.microxplorer.plugins.ip.nvic.MultiNvicIntPanel[,0,0,608x274,layout=javax.swing.BoxLayout,alignmentX=0.0,alignmentY=0.0,border=,flags=9,maximumSize=,minimumSize=,preferredSize=]
2025-10-10 16:01:04,884 [INFO] NvicIntPanel:101 - NVIC parent = com.st.microxplorer.plugins.ip.nvic.MultiNvicIntPanel[,0,0,0x0,invalid,layout=javax.swing.BoxLayout,alignmentX=0.0,alignmentY=0.0,border=,flags=9,maximumSize=,minimumSize=,preferredSize=]
2025-10-10 16:01:08,277 [INFO] UtilMem:75 - End SaveConfig() Used Memory: 523184832 Bytes (639631360)
2025-10-10 16:01:10,108 [INFO] UtilMem:75 - End SaveConfig() Used Memory: 542468824 Bytes (639631360)
2025-10-10 16:01:12,338 [INFO] UtilMem:75 - End SaveConfig() Used Memory: 275718848 Bytes (639631360)
2025-10-10 16:01:16,416 [INFO] BlockDiagram:2775 - set Specific Code input for plugin: NVIC
2025-10-10 16:01:16,416 [INFO] BlockDiagram:2775 - set Specific Code input for plugin: FREERTOS
2025-10-10 16:01:16,417 [INFO] BlockDiagram:2775 - set Specific Code input for plugin: USART
2025-10-10 16:01:16,417 [INFO] BlockDiagram:2775 - set Specific Code input for plugin: SYS
2025-10-10 16:01:16,417 [INFO] BlockDiagram:2775 - set Specific Code input for plugin: GPIO
2025-10-10 16:01:16,418 [INFO] BlockDiagram:2775 - set Specific Code input for plugin: RCC
2025-10-10 16:01:16,423 [INFO] CodeGenerator:892 - code generatio: config db path: D:\STM32CubeIDE_1.19.0\STM32CubeIDE\plugins\com.st.stm32cube.common.mx_6.15.0.202507011659\\db\
2025-10-10 16:01:16,995 [INFO] CodeEngine:265 - oldGeneratedFile, D:\stm32\v1\MXTmpFiles\license.tmp_save
2025-10-10 16:01:18,053 [INFO] CodeEngine:289 - Generated code: D:\stm32\v1\MXTmpFiles\license.tmp
2025-10-10 16:01:18,288 [INFO] CodeEngine:265 - oldGeneratedFile, D:\stm32\v1\MXTmpFiles\gpio.tmp_save
2025-10-10 16:01:18,729 [INFO] CodeEngine:289 - Generated code: D:\stm32\v1\MXTmpFiles\gpio.tmp
2025-10-10 16:01:19,038 [INFO] Middleware:1452 - No code input for Bsp Dependency
2025-10-10 16:01:19,065 [INFO] CodeEngine:265 - oldGeneratedFile, D:\stm32\v1\MXTmpFiles\rtos_inc.tmp_save
2025-10-10 16:01:19,313 [INFO] CodeEngine:289 - Generated code: D:\stm32\v1\MXTmpFiles\rtos_inc.tmp
2025-10-10 16:01:19,339 [INFO] CodeEngine:265 - oldGeneratedFile, D:\stm32\v1\MXTmpFiles\rtos_kernelInit.tmp_save
2025-10-10 16:01:19,592 [INFO] CodeEngine:289 - Generated code: D:\stm32\v1\MXTmpFiles\rtos_kernelInit.tmp
2025-10-10 16:01:19,611 [INFO] CodeEngine:265 - oldGeneratedFile, D:\stm32\v1\MXTmpFiles\rtos_kernelStart.tmp_save
2025-10-10 16:01:19,838 [INFO] CodeEngine:289 - Generated code: D:\stm32\v1\MXTmpFiles\rtos_kernelStart.tmp
2025-10-10 16:01:19,888 [INFO] CodeEngine:265 - oldGeneratedFile, D:\stm32\v1\MXTmpFiles\rtos_typedefs.tmp_save
2025-10-10 16:01:20,113 [INFO] CodeEngine:289 - Generated code: D:\stm32\v1\MXTmpFiles\rtos_typedefs.tmp
2025-10-10 16:01:20,140 [INFO] CodeEngine:265 - oldGeneratedFile, D:\stm32\v1\MXTmpFiles\rtos_vars.tmp_save
2025-10-10 16:01:20,359 [INFO] CodeEngine:289 - Generated code: D:\stm32\v1\MXTmpFiles\rtos_vars.tmp
2025-10-10 16:01:20,438 [INFO] CodeEngine:265 - oldGeneratedFile, D:\stm32\v1\MXTmpFiles\rtos_pfp.tmp_save
2025-10-10 16:01:20,660 [INFO] CodeEngine:289 - Generated code: D:\stm32\v1\MXTmpFiles\rtos_pfp.tmp
2025-10-10 16:01:20,682 [INFO] CodeEngine:265 - oldGeneratedFile, D:\stm32\v1\MXTmpFiles\rtos_obj_creat.tmp_save
2025-10-10 16:01:20,882 [INFO] CodeEngine:289 - Generated code: D:\stm32\v1\MXTmpFiles\rtos_obj_creat.tmp
2025-10-10 16:01:20,957 [INFO] CodeEngine:265 - oldGeneratedFile, D:\stm32\v1\MXTmpFiles\rtos_default_thread.tmp_save
2025-10-10 16:01:21,127 [INFO] CodeEngine:289 - Generated code: D:\stm32\v1\MXTmpFiles\rtos_default_thread.tmp
2025-10-10 16:01:21,142 [INFO] CodeEngine:265 - oldGeneratedFile, D:\stm32\v1\MXTmpFiles\rtos_threads.tmp_save
2025-10-10 16:01:21,302 [INFO] CodeEngine:289 - Generated code: D:\stm32\v1\MXTmpFiles\rtos_threads.tmp
2025-10-10 16:01:21,350 [INFO] Middleware:1452 - No code input for Bsp Dependency
2025-10-10 16:01:21,381 [INFO] CodeEngine:265 - oldGeneratedFile, D:\stm32\v1\MXTmpFiles\rtos_inc.tmp_save
2025-10-10 16:01:21,541 [INFO] CodeEngine:289 - Generated code: D:\stm32\v1\MXTmpFiles\rtos_inc.tmp
2025-10-10 16:01:21,564 [INFO] CodeEngine:265 - oldGeneratedFile, D:\stm32\v1\MXTmpFiles\rtos_kernelInit.tmp_save
2025-10-10 16:01:21,730 [INFO] CodeEngine:289 - Generated code: D:\stm32\v1\MXTmpFiles\rtos_kernelInit.tmp
2025-10-10 16:01:21,759 [INFO] CodeEngine:265 - oldGeneratedFile, D:\stm32\v1\MXTmpFiles\rtos_kernelStart.tmp_save
2025-10-10 16:01:21,928 [INFO] CodeEngine:289 - Generated code: D:\stm32\v1\MXTmpFiles\rtos_kernelStart.tmp
2025-10-10 16:01:21,950 [INFO] CodeEngine:265 - oldGeneratedFile, D:\stm32\v1\MXTmpFiles\rtos_typedefs.tmp_save
2025-10-10 16:01:22,113 [INFO] CodeEngine:289 - Generated code: D:\stm32\v1\MXTmpFiles\rtos_typedefs.tmp
2025-10-10 16:01:22,139 [INFO] CodeEngine:265 - oldGeneratedFile, D:\stm32\v1\MXTmpFiles\rtos_vars.tmp_save
2025-10-10 16:01:22,305 [INFO] CodeEngine:289 - Generated code: D:\stm32\v1\MXTmpFiles\rtos_vars.tmp
2025-10-10 16:01:22,323 [INFO] CodeEngine:265 - oldGeneratedFile, D:\stm32\v1\MXTmpFiles\rtos_pfp.tmp_save
2025-10-10 16:01:22,602 [INFO] CodeEngine:289 - Generated code: D:\stm32\v1\MXTmpFiles\rtos_pfp.tmp
2025-10-10 16:01:22,626 [INFO] CodeEngine:265 - oldGeneratedFile, D:\stm32\v1\MXTmpFiles\rtos_obj_creat.tmp_save
2025-10-10 16:01:22,773 [INFO] CodeEngine:289 - Generated code: D:\stm32\v1\MXTmpFiles\rtos_obj_creat.tmp
2025-10-10 16:01:22,793 [INFO] CodeEngine:265 - oldGeneratedFile, D:\stm32\v1\MXTmpFiles\rtos_default_thread.tmp_save
2025-10-10 16:01:22,932 [INFO] CodeEngine:289 - Generated code: D:\stm32\v1\MXTmpFiles\rtos_default_thread.tmp
2025-10-10 16:01:22,951 [INFO] CodeEngine:265 - oldGeneratedFile, D:\stm32\v1\MXTmpFiles\rtos_threads.tmp_save
2025-10-10 16:01:23,091 [INFO] CodeEngine:289 - Generated code: D:\stm32\v1\MXTmpFiles\rtos_threads.tmp
2025-10-10 16:01:23,151 [INFO] CodeEngine:265 - oldGeneratedFile, D:\stm32\v1\Core\Inc\FreeRTOSConfig.h_save
2025-10-10 16:01:23,362 [INFO] CodeEngine:289 - Generated code: D:\stm32\v1\Core\Inc\FreeRTOSConfig.h
2025-10-10 16:01:23,385 [INFO] CodeEngine:265 - oldGeneratedFile, D:\stm32\v1\Core\Src\freertos.c_save
2025-10-10 16:01:23,541 [INFO] CodeEngine:289 - Generated code: D:\stm32\v1\Core\Src\freertos.c
2025-10-10 16:01:23,644 [INFO] CodeEngine:265 - oldGeneratedFile, D:\stm32\v1\Core\Src\stm32f1xx_it.c_save
2025-10-10 16:01:23,952 [INFO] CodeEngine:289 - Generated code: D:\stm32\v1\Core\Src\stm32f1xx_it.c
2025-10-10 16:01:24,042 [INFO] CodeEngine:265 - oldGeneratedFile, D:\stm32\v1\Core\Inc\stm32f1xx_it.h_save
2025-10-10 16:01:24,223 [INFO] CodeEngine:289 - Generated code: D:\stm32\v1\Core\Inc\stm32f1xx_it.h
2025-10-10 16:01:24,337 [INFO] CodeEngine:265 - oldGeneratedFile, D:\stm32\v1\Core\Src\stm32f1xx_hal_msp.c_save
2025-10-10 16:01:24,643 [INFO] CodeEngine:289 - Generated code: D:\stm32\v1\Core\Src\stm32f1xx_hal_msp.c
2025-10-10 16:01:24,661 [INFO] CodeEngine:265 - oldGeneratedFile, D:\stm32\v1\MXTmpFiles\system.tmp_save
2025-10-10 16:01:24,836 [INFO] CodeEngine:289 - Generated code: D:\stm32\v1\MXTmpFiles\system.tmp
2025-10-10 16:01:24,860 [INFO] CodeEngine:265 - oldGeneratedFile, D:\stm32\v1\Core\Src\stm32f1xx_hal_timebase_tim.c_save
2025-10-10 16:01:25,040 [INFO] CodeEngine:289 - Generated code: D:\stm32\v1\Core\Src\stm32f1xx_hal_timebase_tim.c
2025-10-10 16:01:25,146 [INFO] CodeEngine:321 - oldGeneratedFile, D:\stm32\v1\Core\Inc\stm32f1xx_hal_conf.h_save
2025-10-10 16:01:25,343 [INFO] CodeEngine:345 - Generated code: D:\stm32\v1\Core\Inc\stm32f1xx_hal_conf.h
2025-10-10 16:01:25,438 [INFO] ApiDbMcu:532 - Load IP Config File for USART1
2025-10-10 16:01:25,446 [INFO] ApiDbMcu:532 - Load IP Config File for RCC
2025-10-10 16:01:25,534 [INFO] CodeEngine:265 - oldGeneratedFile, D:\stm32\v1\Core\Inc\main.h_save
2025-10-10 16:01:25,836 [INFO] CodeEngine:289 - Generated code: D:\stm32\v1\Core\Inc\main.h
2025-10-10 16:01:25,859 [INFO] CodeEngine:265 - oldGeneratedFile, D:\stm32\v1\Core\Src\main.c_save
2025-10-10 16:01:26,424 [INFO] CodeEngine:289 - Generated code: D:\stm32\v1\Core\Src\main.c
2025-10-10 16:01:27,735 [INFO] ProjectBuilder:3606 - Time for Copy HAL[1] : 788mS.
2025-10-10 16:01:27,760 [INFO] ProjectBuilder:5216 - Project Generator version: 4.7.0-B52
2025-10-10 16:01:28,061 [INFO] ConfigFileManager:1595 - The Die is : DIE410
2025-10-10 16:01:28,160 [INFO] ApiDbMcu:532 - Load IP Config File for FATFS
2025-10-10 16:01:28,199 [INFO] ApiDbMcu:532 - Load IP Config File for USB_DEVICE
2025-10-10 16:01:29,568 [INFO] LogOutputStream:77 - [STDOUT_REDIRECT] 
2025-10-10 16:01:34,404 [INFO] ProjectBuilder:5496 - Time for Generating toolchain IDE Files: 6641mS.
2025-10-10 16:01:34,407 [INFO] ProjectBuilder:3463 - Time for Copy CMSIS : 2mS.
2025-10-10 16:01:34,430 [INFO] ProjectBuilder:3463 - Time for Copy CMSIS : 0mS.
2025-10-10 16:23:09,603 [INFO] NvicIntPanel:101 - NVIC parent = com.st.microxplorer.plugins.ip.nvic.MultiNvicIntPanel[,0,0,0x0,invalid,layout=javax.swing.BoxLayout,alignmentX=0.0,alignmentY=0.0,border=,flags=9,maximumSize=,minimumSize=,preferredSize=]
2025-10-10 16:23:30,269 [INFO] NvicIntPanel:101 - NVIC parent = com.st.microxplorer.plugins.ip.nvic.MultiNvicIntPanel[,0,0,0x0,invalid,layout=javax.swing.BoxLayout,alignmentX=0.0,alignmentY=0.0,border=,flags=9,maximumSize=,minimumSize=,preferredSize=]
2025-10-10 16:23:36,731 [INFO] NvicIntPanel:101 - NVIC parent = com.st.microxplorer.plugins.ip.nvic.MultiNvicIntPanel[,0,0,0x0,invalid,layout=javax.swing.BoxLayout,alignmentX=0.0,alignmentY=0.0,border=,flags=9,maximumSize=,minimumSize=,preferredSize=]
2025-10-10 16:25:13,822 [INFO] UtilMem:75 - End SaveConfig() Used Memory: 285607656 Bytes (677380096)
2025-10-10 16:25:15,467 [INFO] UtilMem:75 - End SaveConfig() Used Memory: 318358040 Bytes (677380096)
2025-10-10 16:25:17,463 [INFO] UtilMem:75 - End SaveConfig() Used Memory: 401999592 Bytes (677380096)
2025-10-10 16:25:20,201 [INFO] BlockDiagram:2775 - set Specific Code input for plugin: NVIC
2025-10-10 16:25:20,201 [INFO] BlockDiagram:2775 - set Specific Code input for plugin: FREERTOS
2025-10-10 16:25:20,202 [INFO] BlockDiagram:2775 - set Specific Code input for plugin: USART
2025-10-10 16:25:20,202 [INFO] BlockDiagram:2775 - set Specific Code input for plugin: DMA
2025-10-10 16:25:20,202 [INFO] BlockDiagram:2775 - set Specific Code input for plugin: SYS
2025-10-10 16:25:20,204 [INFO] BlockDiagram:2775 - set Specific Code input for plugin: GPIO
2025-10-10 16:25:20,204 [INFO] BlockDiagram:2775 - set Specific Code input for plugin: RCC
2025-10-10 16:25:20,208 [INFO] CodeGenerator:892 - code generatio: config db path: D:\STM32CubeIDE_1.19.0\STM32CubeIDE\plugins\com.st.stm32cube.common.mx_6.15.0.202507011659\\db\
2025-10-10 16:25:20,449 [INFO] CodeEngine:265 - oldGeneratedFile, D:\stm32\v1\MXTmpFiles\license.tmp_save
2025-10-10 16:25:22,650 [INFO] CodeEngine:289 - Generated code: D:\stm32\v1\MXTmpFiles\license.tmp
2025-10-10 16:25:23,519 [INFO] CodeEngine:265 - oldGeneratedFile, D:\stm32\v1\MXTmpFiles\gpio.tmp_save
2025-10-10 16:25:24,321 [INFO] CodeEngine:289 - Generated code: D:\stm32\v1\MXTmpFiles\gpio.tmp
2025-10-10 16:25:25,668 [INFO] Middleware:1452 - No code input for Bsp Dependency
2025-10-10 16:25:25,756 [INFO] CodeEngine:265 - oldGeneratedFile, D:\stm32\v1\MXTmpFiles\rtos_inc.tmp_save
2025-10-10 16:25:26,191 [INFO] CodeEngine:289 - Generated code: D:\stm32\v1\MXTmpFiles\rtos_inc.tmp
2025-10-10 16:25:26,357 [INFO] CodeEngine:265 - oldGeneratedFile, D:\stm32\v1\MXTmpFiles\rtos_kernelInit.tmp_save
2025-10-10 16:25:26,891 [INFO] CodeEngine:289 - Generated code: D:\stm32\v1\MXTmpFiles\rtos_kernelInit.tmp
2025-10-10 16:25:26,921 [INFO] CodeEngine:265 - oldGeneratedFile, D:\stm32\v1\MXTmpFiles\rtos_kernelStart.tmp_save
2025-10-10 16:25:27,177 [INFO] CodeEngine:289 - Generated code: D:\stm32\v1\MXTmpFiles\rtos_kernelStart.tmp
2025-10-10 16:25:27,192 [INFO] CodeEngine:265 - oldGeneratedFile, D:\stm32\v1\MXTmpFiles\rtos_typedefs.tmp_save
2025-10-10 16:25:27,445 [INFO] CodeEngine:289 - Generated code: D:\stm32\v1\MXTmpFiles\rtos_typedefs.tmp
2025-10-10 16:25:27,459 [INFO] CodeEngine:265 - oldGeneratedFile, D:\stm32\v1\MXTmpFiles\rtos_vars.tmp_save
2025-10-10 16:25:27,740 [INFO] CodeEngine:289 - Generated code: D:\stm32\v1\MXTmpFiles\rtos_vars.tmp
2025-10-10 16:25:27,798 [INFO] CodeEngine:265 - oldGeneratedFile, D:\stm32\v1\MXTmpFiles\rtos_pfp.tmp_save
2025-10-10 16:25:28,031 [INFO] CodeEngine:289 - Generated code: D:\stm32\v1\MXTmpFiles\rtos_pfp.tmp
2025-10-10 16:25:28,057 [INFO] CodeEngine:265 - oldGeneratedFile, D:\stm32\v1\MXTmpFiles\rtos_obj_creat.tmp_save
2025-10-10 16:25:28,239 [INFO] CodeEngine:289 - Generated code: D:\stm32\v1\MXTmpFiles\rtos_obj_creat.tmp
2025-10-10 16:25:28,260 [INFO] CodeEngine:265 - oldGeneratedFile, D:\stm32\v1\MXTmpFiles\rtos_default_thread.tmp_save
2025-10-10 16:25:28,499 [INFO] CodeEngine:289 - Generated code: D:\stm32\v1\MXTmpFiles\rtos_default_thread.tmp
2025-10-10 16:25:28,523 [INFO] CodeEngine:265 - oldGeneratedFile, D:\stm32\v1\MXTmpFiles\rtos_threads.tmp_save
2025-10-10 16:25:28,776 [INFO] CodeEngine:289 - Generated code: D:\stm32\v1\MXTmpFiles\rtos_threads.tmp
2025-10-10 16:25:28,950 [INFO] Middleware:1452 - No code input for Bsp Dependency
2025-10-10 16:25:29,000 [INFO] CodeEngine:265 - oldGeneratedFile, D:\stm32\v1\MXTmpFiles\rtos_inc.tmp_save
2025-10-10 16:25:29,300 [INFO] CodeEngine:289 - Generated code: D:\stm32\v1\MXTmpFiles\rtos_inc.tmp
2025-10-10 16:25:29,329 [INFO] CodeEngine:265 - oldGeneratedFile, D:\stm32\v1\MXTmpFiles\rtos_kernelInit.tmp_save
2025-10-10 16:25:29,586 [INFO] CodeEngine:289 - Generated code: D:\stm32\v1\MXTmpFiles\rtos_kernelInit.tmp
2025-10-10 16:25:29,611 [INFO] CodeEngine:265 - oldGeneratedFile, D:\stm32\v1\MXTmpFiles\rtos_kernelStart.tmp_save
2025-10-10 16:25:30,141 [INFO] CodeEngine:289 - Generated code: D:\stm32\v1\MXTmpFiles\rtos_kernelStart.tmp
2025-10-10 16:25:30,195 [INFO] CodeEngine:265 - oldGeneratedFile, D:\stm32\v1\MXTmpFiles\rtos_typedefs.tmp_save
2025-10-10 16:25:30,685 [INFO] CodeEngine:289 - Generated code: D:\stm32\v1\MXTmpFiles\rtos_typedefs.tmp
2025-10-10 16:25:30,749 [INFO] CodeEngine:265 - oldGeneratedFile, D:\stm32\v1\MXTmpFiles\rtos_vars.tmp_save
2025-10-10 16:25:31,471 [INFO] CodeEngine:289 - Generated code: D:\stm32\v1\MXTmpFiles\rtos_vars.tmp
2025-10-10 16:25:31,494 [INFO] CodeEngine:265 - oldGeneratedFile, D:\stm32\v1\MXTmpFiles\rtos_pfp.tmp_save
2025-10-10 16:25:31,649 [INFO] CodeEngine:289 - Generated code: D:\stm32\v1\MXTmpFiles\rtos_pfp.tmp
2025-10-10 16:25:31,668 [INFO] CodeEngine:265 - oldGeneratedFile, D:\stm32\v1\MXTmpFiles\rtos_obj_creat.tmp_save
2025-10-10 16:25:31,809 [INFO] CodeEngine:289 - Generated code: D:\stm32\v1\MXTmpFiles\rtos_obj_creat.tmp
2025-10-10 16:25:31,837 [INFO] CodeEngine:265 - oldGeneratedFile, D:\stm32\v1\MXTmpFiles\rtos_default_thread.tmp_save
2025-10-10 16:25:31,988 [INFO] CodeEngine:289 - Generated code: D:\stm32\v1\MXTmpFiles\rtos_default_thread.tmp
2025-10-10 16:25:32,008 [INFO] CodeEngine:265 - oldGeneratedFile, D:\stm32\v1\MXTmpFiles\rtos_threads.tmp_save
2025-10-10 16:25:32,144 [INFO] CodeEngine:289 - Generated code: D:\stm32\v1\MXTmpFiles\rtos_threads.tmp
2025-10-10 16:25:32,164 [INFO] CodeEngine:265 - oldGeneratedFile, D:\stm32\v1\Core\Inc\FreeRTOSConfig.h_save
2025-10-10 16:25:32,476 [INFO] CodeEngine:289 - Generated code: D:\stm32\v1\Core\Inc\FreeRTOSConfig.h
2025-10-10 16:25:32,529 [INFO] CodeEngine:265 - oldGeneratedFile, D:\stm32\v1\Core\Src\freertos.c_save
2025-10-10 16:25:32,699 [INFO] CodeEngine:289 - Generated code: D:\stm32\v1\Core\Src\freertos.c
2025-10-10 16:25:32,757 [INFO] CodeEngine:265 - oldGeneratedFile, D:\stm32\v1\MXTmpFiles\dma.tmp_save
2025-10-10 16:25:32,957 [INFO] CodeEngine:289 - Generated code: D:\stm32\v1\MXTmpFiles\dma.tmp
2025-10-10 16:25:32,974 [INFO] CodeEngine:265 - oldGeneratedFile, D:\stm32\v1\MXTmpFiles\dma_GV.tmp_save
2025-10-10 16:25:33,107 [INFO] CodeEngine:289 - Generated code: D:\stm32\v1\MXTmpFiles\dma_GV.tmp
2025-10-10 16:25:33,178 [INFO] CodeEngine:265 - oldGeneratedFile, D:\stm32\v1\Core\Src\stm32f1xx_it.c_save
2025-10-10 16:25:33,766 [INFO] CodeEngine:289 - Generated code: D:\stm32\v1\Core\Src\stm32f1xx_it.c
2025-10-10 16:25:33,789 [INFO] CodeEngine:265 - oldGeneratedFile, D:\stm32\v1\Core\Inc\stm32f1xx_it.h_save
2025-10-10 16:25:33,958 [INFO] CodeEngine:289 - Generated code: D:\stm32\v1\Core\Inc\stm32f1xx_it.h
2025-10-10 16:25:34,000 [INFO] CodeEngine:265 - oldGeneratedFile, D:\stm32\v1\Core\Src\stm32f1xx_hal_msp.c_save
2025-10-10 16:25:34,319 [INFO] CodeEngine:289 - Generated code: D:\stm32\v1\Core\Src\stm32f1xx_hal_msp.c
2025-10-10 16:25:34,340 [INFO] CodeEngine:265 - oldGeneratedFile, D:\stm32\v1\MXTmpFiles\system.tmp_save
2025-10-10 16:25:34,500 [INFO] CodeEngine:289 - Generated code: D:\stm32\v1\MXTmpFiles\system.tmp
2025-10-10 16:25:34,518 [INFO] CodeEngine:265 - oldGeneratedFile, D:\stm32\v1\Core\Src\stm32f1xx_hal_timebase_tim.c_save
2025-10-10 16:25:34,689 [INFO] CodeEngine:289 - Generated code: D:\stm32\v1\Core\Src\stm32f1xx_hal_timebase_tim.c
2025-10-10 16:25:34,732 [INFO] CodeEngine:321 - oldGeneratedFile, D:\stm32\v1\Core\Inc\stm32f1xx_hal_conf.h_save
2025-10-10 16:25:34,917 [INFO] CodeEngine:345 - Generated code: D:\stm32\v1\Core\Inc\stm32f1xx_hal_conf.h
2025-10-10 16:25:35,004 [INFO] CodeEngine:265 - oldGeneratedFile, D:\stm32\v1\Core\Inc\main.h_save
2025-10-10 16:25:35,225 [INFO] CodeEngine:289 - Generated code: D:\stm32\v1\Core\Inc\main.h
2025-10-10 16:25:35,247 [INFO] CodeEngine:265 - oldGeneratedFile, D:\stm32\v1\Core\Src\main.c_save
2025-10-10 16:25:35,731 [INFO] CodeEngine:289 - Generated code: D:\stm32\v1\Core\Src\main.c
2025-10-10 16:25:37,081 [INFO] ProjectBuilder:3606 - Time for Copy HAL[1] : 809mS.
2025-10-10 16:25:37,093 [INFO] ProjectBuilder:5216 - Project Generator version: 4.7.0-B52
2025-10-10 16:25:37,259 [INFO] ConfigFileManager:1595 - The Die is : DIE410
2025-10-10 16:25:42,793 [INFO] ProjectBuilder:5496 - Time for Generating toolchain IDE Files: 5699mS.
2025-10-10 16:25:42,795 [INFO] ProjectBuilder:3463 - Time for Copy CMSIS : 2mS.
2025-10-10 16:25:42,818 [INFO] ProjectBuilder:3463 - Time for Copy CMSIS : 0mS.
2025-10-10 17:23:10,996 [ERROR] ConfigurationRetriever:142 - IOException on connection: Read timed out
