2025-10-17 16:03:44,935 [ERROR] ConfigurationRetriever:142 - IOException on connection: Connect timed out
2025-10-17 16:03:46,947 [ERROR] ConfigurationRetriever:142 - IOException on connection: Connect timed out
2025-10-17 16:14:37,492 [INFO] WebApp:194 - Connection lost
2025-10-17 16:14:37,951 [INFO] WebApp:191 - Connection restablished
2025-10-17 16:19:21,571 [INFO] MainUpdater:2872 - connection check result : 10
2025-10-17 16:19:21,572 [INFO] MainUpdater:2872 - connection check result : 10
2025-10-17 16:19:21,759 [INFO] I2sManager:658 - 9.6E7
2025-10-17 16:19:21,760 [INFO] I2sManager:195 - I2S Clock Value : 9.6E7
2025-10-17 16:19:21,763 [INFO] I2sManager:553 - AudioClock : 93750Divider : 2Odd : 0
2025-10-17 16:19:21,774 [INFO] MicroXplorer:468 - Change Database Path : 
2025-10-17 16:19:21,776 [INFO] MicroXplorer:498 - Change Database Version : DB.6.0.150
2025-10-17 16:19:21,843 [ERROR] ProjectManagerView:395 - 
java.lang.NullPointerException: Cannot invoke "javax.swing.JTextField.getText()" because the return value of "java.util.List.get(int)" is null
	at com.st.microxplorer.plugins.projectmanager.gui.ProjectChoiceTab$9.caretUpdate(ProjectChoiceTab.java:2706) ~[filemanager.jar:?]
	at javax.swing.text.JTextComponent.fireCaretUpdate(JTextComponent.java:408) ~[?:?]
	at javax.swing.text.JTextComponent$MutableCaretEvent.fire(JTextComponent.java:4484) ~[?:?]
	at javax.swing.text.JTextComponent$MutableCaretEvent.stateChanged(JTextComponent.java:4506) ~[?:?]
	at javax.swing.text.DefaultCaret.fireStateChanged(DefaultCaret.java:857) ~[?:?]
	at javax.swing.text.DefaultCaret.changeCaretPosition(DefaultCaret.java:1343) ~[?:?]
	at javax.swing.text.DefaultCaret.handleSetDot(DefaultCaret.java:1242) ~[?:?]
	at javax.swing.text.DefaultCaret.setDot(DefaultCaret.java:1223) ~[?:?]
	at javax.swing.text.DefaultCaret$Handler.insertUpdate(DefaultCaret.java:1819) ~[?:?]
	at javax.swing.text.AbstractDocument.fireInsertUpdate(AbstractDocument.java:227) ~[?:?]
	at javax.swing.text.AbstractDocument.handleInsertString(AbstractDocument.java:781) ~[?:?]
	at javax.swing.text.AbstractDocument.insertString(AbstractDocument.java:740) ~[?:?]
	at javax.swing.text.PlainDocument.insertString(PlainDocument.java:131) ~[?:?]
	at javax.swing.text.AbstractDocument.replace(AbstractDocument.java:699) ~[?:?]
	at javax.swing.text.JTextComponent.setText(JTextComponent.java:1725) ~[?:?]
	at com.st.microxplorer.plugins.projectmanager.gui.ProjectChoiceTab.createHeapStackFields(ProjectChoiceTab.java:993) ~[filemanager.jar:?]
	at com.st.microxplorer.plugins.projectmanager.gui.ProjectChoiceTab.buildLinkSettingsPanel(ProjectChoiceTab.java:3813) ~[filemanager.jar:?]
	at com.st.microxplorer.plugins.projectmanager.gui.ProjectChoiceTab.defineWindowsFields(ProjectChoiceTab.java:1987) ~[filemanager.jar:?]
	at com.st.microxplorer.plugins.projectmanager.gui.ProjectChoiceTab.updateSettings(ProjectChoiceTab.java:558) ~[filemanager.jar:?]
	at com.st.microxplorer.plugins.projectmanager.gui.ProjectSettingsPanel.UpdateDialog(ProjectSettingsPanel.java:247) ~[filemanager.jar:?]
	at com.st.microxplorer.plugins.projectmanager.ProjectManagerView.propertyChange(ProjectManagerView.java:392) ~[filemanager.jar:?]
	at java.beans.PropertyChangeSupport.fire(PropertyChangeSupport.java:343) ~[?:?]
	at java.beans.PropertyChangeSupport.firePropertyChange(PropertyChangeSupport.java:335) ~[?:?]
	at java.beans.PropertyChangeSupport.firePropertyChange(PropertyChangeSupport.java:268) ~[?:?]
	at com.st.microxplorer.util.MXPropertyChangeSupport.firePropertyChange(MXPropertyChangeSupport.java:54) ~[STM32CubeMX.jar:?]
	at com.st.microxplorer.mxsystem.MxSystem.closeConfig(MxSystem.java:899) ~[STM32CubeMX.jar:?]
	at com.st.microxplorer.maingui.MainPanel.closeConfig(MainPanel.java:792) ~[STM32CubeMX.jar:?]
	at com.st.microxplorer.plugins.filemanager.engine.OpenFileManager.loadConfigurationFile(OpenFileManager.java:288) ~[filemanager.jar:?]
	at com.st.microxplorer.plugins.filemanager.engine.MainFileManager.userLoadConfig(MainFileManager.java:364) ~[filemanager.jar:?]
	at com.st.microxplorer.plugins.filemanager.engine.MainFileManager.userLoadConfig(MainFileManager.java:342) ~[filemanager.jar:?]
	at com.st.microxplorer.plugins.filemanager.FileManagerView.getSpecificTask(FileManagerView.java:264) ~[filemanager.jar:?]
	at com.st.stm32cube.common.mx.editor.CubeMxEditor.getMxTabbedPaneInstance(CubeMxEditor.java:1198) ~[com.st.stm32cube.common.mx_6.15.0.202507011659/:?]
	at com.st.stm32cube.common.mx.editor.CubeMxEditor$12$1.createSwingComponent(CubeMxEditor.java:1068) ~[com.st.stm32cube.common.mx_6.15.0.202507011659/:?]
	at com.st.stm32cube.common.mx.oss.core.awtswtbridge.EmbeddedSwingComposite.doComponentCreation(EmbeddedSwingComposite.java:492) ~[com.st.stm32cube.common.mx.oss_6.15.0.202507011659/:?]
	at com.st.stm32cube.common.mx.oss.core.awtswtbridge.EmbeddedSwingComposite$4.run(EmbeddedSwingComposite.java:291) ~[com.st.stm32cube.common.mx.oss_6.15.0.202507011659/:?]
	at com.st.stm32cube.common.mx.oss.core.awtswtbridge.AwtEnvironment$2.run(AwtEnvironment.java:166) ~[com.st.stm32cube.common.mx.oss_6.15.0.202507011659/:?]
	at java.awt.event.InvocationEvent.dispatch(InvocationEvent.java:318) ~[?:?]
	at java.awt.EventQueue.dispatchEventImpl(EventQueue.java:773) ~[?:?]
	at java.awt.EventQueue$4.run(EventQueue.java:720) ~[?:?]
	at java.awt.EventQueue$4.run(EventQueue.java:714) ~[?:?]
	at java.security.AccessController.doPrivileged(AccessController.java:400) ~[?:?]
	at java.security.ProtectionDomain$JavaSecurityAccessImpl.doIntersectionPrivilege(ProtectionDomain.java:87) ~[?:?]
	at java.awt.EventQueue.dispatchEvent(EventQueue.java:742) ~[?:?]
	at java.awt.EventDispatchThread.pumpOneEventForFilters(EventDispatchThread.java:203) ~[?:?]
	at java.awt.EventDispatchThread.pumpEventsForFilter(EventDispatchThread.java:124) ~[?:?]
	at java.awt.EventDispatchThread.pumpEventsForHierarchy(EventDispatchThread.java:113) ~[?:?]
	at java.awt.EventDispatchThread.pumpEvents(EventDispatchThread.java:109) ~[?:?]
	at java.awt.EventDispatchThread.pumpEvents(EventDispatchThread.java:101) ~[?:?]
	at java.awt.EventDispatchThread.run(EventDispatchThread.java:90) ~[?:?]
2025-10-17 16:19:21,867 [WARN] ThirdParty:871 - waiting for thirdparty lock release [close project]
2025-10-17 16:19:21,868 [INFO] ThirdParty:873 - entering critical section [close project]
2025-10-17 16:19:21,868 [INFO] ThirdParty:883 - exiting critical section [close project]
2025-10-17 16:19:21,874 [INFO] PinOutPanel:1589 - setPackage(No Configuration,No Configuration)
2025-10-17 16:19:21,909 [WARN] IpParametersView:155 - Warning: This peripheral hasn't parameters
2025-10-17 16:19:22,070 [WARN] MainPanel:289 - <html><b><center>Warning: This peripheral has no parameters to be configured<br></b></html>
2025-10-17 16:19:22,082 [INFO] UtilMem:75 - Begin LoadConfig() Used Memory: 678095776 Bytes (1073741824)
2025-10-17 16:19:22,085 [INFO] MicroXplorer:468 - Change Database Path : 
2025-10-17 16:19:22,085 [INFO] MicroXplorer:498 - Change Database Version : DB.6.0.150
2025-10-17 16:19:22,086 [INFO] OpenFileManager:355 - Change cursor
2025-10-17 16:19:22,153 [INFO] Mcu:2029 - Initializing MCU STM32F407V(E-G)Tx STM32F407VGTx STM32F407VGT6
2025-10-17 16:19:28,964 [INFO] Context:786 - Trying to add GPIOservice into a context  which must be forbidden
2025-10-17 16:19:30,870 [INFO] ImportTextPane:234 - (OptionalMessage_ERROR) Pin37 (VP_RIF_VS_RIF1) cannot be retrieved for this MCU
2025-10-17 16:19:31,076 [INFO] RtosManager:558 - Registered RTOS mode: class=CMSIS, group=RTOS, mode=CMSIS_V1, owner=FREERTOS
2025-10-17 16:19:31,077 [INFO] RtosManager:558 - Registered RTOS mode: class=CMSIS, group=RTOS2, mode=CMSIS_V2, owner=FREERTOS
2025-10-17 16:19:31,077 [INFO] RtosManager:558 - Registered RTOS mode: class=RTOS, group=Core, mode=CMSIS_V1, owner=FREERTOS
2025-10-17 16:19:31,078 [INFO] RtosManager:558 - Registered RTOS mode: class=RTOS, group=Core, mode=CMSIS_V2, owner=FREERTOS
2025-10-17 16:19:31,078 [WARN] ModelIntegratedComponent:184 - Missing modes for component STMicroelectronics:FreeRTOS:0.0.1:STMicroelectronics:RTOS:FreeRTOS:Core:::10.2.0:
2025-10-17 16:19:31,129 [WARN] ModelIntegratedComponent:63 - No mode defined for component null
2025-10-17 16:19:31,130 [WARN] ModelIntegratedComponent:63 - No mode defined for component null
2025-10-17 16:19:31,130 [WARN] ModelIntegratedComponent:63 - No mode defined for component null
2025-10-17 16:19:31,130 [WARN] ModelIntegratedComponent:63 - No mode defined for component null
2025-10-17 16:19:31,131 [WARN] ModelIntegratedComponent:63 - No mode defined for component null
2025-10-17 16:19:31,131 [WARN] ModelIntegratedComponent:63 - No mode defined for component null
2025-10-17 16:19:31,132 [WARN] ModelIntegratedComponent:63 - No mode defined for component null
2025-10-17 16:19:31,132 [WARN] ModelIntegratedComponent:63 - No mode defined for component null
2025-10-17 16:19:31,133 [WARN] ModelIntegratedComponent:63 - No mode defined for component null
2025-10-17 16:19:31,134 [WARN] ModelIntegratedComponent:63 - No mode defined for component null
2025-10-17 16:19:31,135 [WARN] ModelIntegratedComponent:63 - No mode defined for component null
2025-10-17 16:19:31,137 [WARN] ModelIntegratedComponent:63 - No mode defined for component null
2025-10-17 16:19:31,138 [WARN] ModelIntegratedComponent:63 - No mode defined for component null
2025-10-17 16:19:31,138 [WARN] ModelIntegratedComponent:63 - No mode defined for component null
2025-10-17 16:19:31,139 [WARN] ModelIntegratedComponent:63 - No mode defined for component null
2025-10-17 16:19:31,139 [WARN] ModelIntegratedComponent:63 - No mode defined for component null
2025-10-17 16:19:31,139 [WARN] ModelIntegratedComponent:63 - No mode defined for component null
2025-10-17 16:19:31,140 [WARN] ModelIntegratedComponent:63 - No mode defined for component null
2025-10-17 16:19:31,140 [WARN] ModelIntegratedComponent:63 - No mode defined for component null
2025-10-17 16:19:31,141 [WARN] ModelIntegratedComponent:63 - No mode defined for component null
2025-10-17 16:19:31,141 [WARN] ModelIntegratedComponent:63 - No mode defined for component null
2025-10-17 16:19:31,141 [WARN] ModelIntegratedComponent:63 - No mode defined for component null
2025-10-17 16:19:31,142 [WARN] ModelIntegratedComponent:63 - No mode defined for component null
2025-10-17 16:19:31,143 [WARN] ModelIntegratedComponent:63 - No mode defined for component null
2025-10-17 16:19:31,143 [WARN] ModelIntegratedComponent:63 - No mode defined for component null
2025-10-17 16:19:31,144 [WARN] ModelIntegratedComponent:63 - No mode defined for component null
2025-10-17 16:19:31,145 [WARN] ModelIntegratedComponent:63 - No mode defined for component null
2025-10-17 16:19:31,145 [WARN] ModelIntegratedComponent:63 - No mode defined for component null
2025-10-17 16:19:31,145 [WARN] ModelIntegratedComponent:63 - No mode defined for component null
2025-10-17 16:19:31,146 [WARN] ModelIntegratedComponent:63 - No mode defined for component null
2025-10-17 16:19:31,146 [WARN] ModelIntegratedComponent:63 - No mode defined for component null
2025-10-17 16:19:31,146 [WARN] ModelIntegratedComponent:63 - No mode defined for component null
2025-10-17 16:19:31,147 [WARN] ModelIntegratedComponent:63 - No mode defined for component null
2025-10-17 16:19:31,147 [WARN] ModelIntegratedComponent:63 - No mode defined for component null
2025-10-17 16:19:31,148 [WARN] ModelIntegratedComponent:63 - No mode defined for component null
2025-10-17 16:19:31,148 [WARN] ModelPack:524 - Component already loaded: STMicroelectronics:HAL Drivers:0.0.0:STMicroelectronics:Device:STMicro_Driver:XSPI:HAL::0.0.1:HAL_XSPI
2025-10-17 16:19:31,656 [INFO] ThirdPartyModel:298 - Start build external matchings
2025-10-17 16:19:34,651 [INFO] ThirdPartyModel:316 - End build external matchings
2025-10-17 16:19:34,713 [INFO] RtosManager:1018 - Current active RTOS is FREERTOS [Cortex-M4NS]
2025-10-17 16:19:34,743 [INFO] ImportTextPane:234 - (OptionalMessage_ERROR) IP (RCC) : Parameter (RTCHSEDivFreq_Value) has invalid value (4000000)
2025-10-17 16:19:36,378 [INFO] UtilMem:75 - End LoadConfig() Used Memory: 775290392 Bytes (1073741824)
2025-10-17 16:19:36,621 [WARN] ThirdParty:833 - waiting for thirdparty lock release [change project]
2025-10-17 16:19:36,622 [INFO] ThirdParty:835 - entering critical section [change project]
2025-10-17 16:19:36,622 [INFO] ThirdParty:1030 - CMSIS Pack Vendor :STMicroelectronics X-CUBE-PM33A1 1.0.0
2025-10-17 16:19:36,622 [INFO] ThirdParty:1030 - CMSIS Pack Vendor :STMicroelectronics USBPD 4.1
2025-10-17 16:19:36,622 [INFO] ThirdParty:1030 - CMSIS Pack Vendor :STMicroelectronics X-CUBE-NFC9 1.0.0
2025-10-17 16:19:36,622 [INFO] ThirdParty:1030 - CMSIS Pack Vendor :STMicroelectronics USB_HOST 2.0.0
2025-10-17 16:19:36,626 [INFO] ThirdParty:1030 - CMSIS Pack Vendor :STMicroelectronics FP-SNS-MOTENVWB1 1.4.0
2025-10-17 16:19:36,626 [INFO] ThirdParty:1030 - CMSIS Pack Vendor :STMicroelectronics X-CUBE-AZRTOS-F4 1.1.0
2025-10-17 16:19:36,627 [INFO] ThirdParty:1030 - CMSIS Pack Vendor :STMicroelectronics LIBJPEG 8.0.0
2025-10-17 16:19:36,627 [INFO] ThirdParty:1030 - CMSIS Pack Vendor :STMicroelectronics FP-ATR-ASTRA1 2.0.2
2025-10-17 16:19:36,627 [INFO] ThirdParty:1030 - CMSIS Pack Vendor :wolfSSL I-CUBE-wolfSSL 5.8.2
2025-10-17 16:19:36,628 [INFO] ThirdParty:1030 - CMSIS Pack Vendor :STMicroelectronics X-CUBE-BLE1 7.1.0
2025-10-17 16:19:36,629 [INFO] ThirdParty:1030 - CMSIS Pack Vendor :STMicroelectronics X-CUBE-SMBUS 2.1.0
2025-10-17 16:19:36,629 [INFO] ThirdParty:1030 - CMSIS Pack Vendor :wolfSSL I-CUBE-wolfMQTT 1.19.2
2025-10-17 16:19:36,629 [INFO] ThirdParty:1030 - CMSIS Pack Vendor :STMicroelectronics USB_DEVICE 3.0.0
2025-10-17 16:19:36,629 [INFO] ThirdParty:1030 - CMSIS Pack Vendor :STMicroelectronics X-CUBE-ISPU 2.1.0
2025-10-17 16:19:36,629 [INFO] ThirdParty:1030 - CMSIS Pack Vendor :STMicroelectronics X-CUBE-EEPRMA1 5.2.0
2025-10-17 16:19:36,630 [INFO] ThirdParty:1030 - CMSIS Pack Vendor :STMicroelectronics X-CUBE-IPS 3.2.0
2025-10-17 16:19:36,632 [INFO] ThirdParty:1030 - CMSIS Pack Vendor :STMicroelectronics X-CUBE-BLEMGR 4.1.0
2025-10-17 16:19:36,632 [INFO] ThirdParty:1030 - CMSIS Pack Vendor :STMicroelectronics X-CUBE-AZRTOS-WB 2.0.0
2025-10-17 16:19:36,640 [INFO] ThirdParty:1030 - CMSIS Pack Vendor :STMicroelectronics X-CUBE-ST60 1.0.0
2025-10-17 16:19:36,640 [INFO] ThirdParty:1030 - CMSIS Pack Vendor :STMicroelectronics X-CUBE-GNSS1 7.0.1
2025-10-17 16:19:36,641 [INFO] ThirdParty:1030 - CMSIS Pack Vendor :STMicroelectronics X-CUBE-NFC12 1.0.0
2025-10-17 16:19:36,641 [INFO] ThirdParty:1030 - CMSIS Pack Vendor :STMicroelectronics X-CUBE-AZRTOS-F7 1.1.0
2025-10-17 16:19:36,641 [INFO] ThirdParty:1030 - CMSIS Pack Vendor :STMicroelectronics X-CUBE-AZRTOS-L5 2.0.0
2025-10-17 16:19:36,641 [INFO] ThirdParty:1030 - CMSIS Pack Vendor :STMicroelectronics USB_DEVICE 2.0.0
2025-10-17 16:19:36,641 [INFO] ThirdParty:1030 - CMSIS Pack Vendor :STMicroelectronics X-CUBE-NFC6 3.1.0
2025-10-17 16:19:36,641 [INFO] ThirdParty:1030 - CMSIS Pack Vendor :STMicroelectronics X-CUBE-ST67W61 1.1.0
2025-10-17 16:19:36,641 [INFO] ThirdParty:1030 - CMSIS Pack Vendor :Cesanta I-CUBE-Mongoose 7.19.0
2025-10-17 16:19:36,641 [INFO] ThirdParty:1030 - CMSIS Pack Vendor :quantropi X-CUBE-qispace-sdk-base 2.1.0
2025-10-17 16:19:36,641 [INFO] ThirdParty:1030 - CMSIS Pack Vendor :STMicroelectronics FreeRTOS 0.0.1
2025-10-17 16:19:36,642 [INFO] ThirdParty:1030 - CMSIS Pack Vendor :STMicroelectronics X-CUBE-AZRTOS-G0 1.1.0
2025-10-17 16:19:36,642 [INFO] ThirdParty:1030 - CMSIS Pack Vendor :STMicroelectronics X-CUBE-SAFEA1 1.2.2
2025-10-17 16:19:36,642 [INFO] ThirdParty:1030 - CMSIS Pack Vendor :STMicroelectronics X-CUBE-NFC4 3.0.0
2025-10-17 16:19:36,642 [INFO] ThirdParty:1030 - CMSIS Pack Vendor :STMicroelectronics X-CUBE-SUBG2 5.0.0
2025-10-17 16:19:36,642 [INFO] ThirdParty:1030 - CMSIS Pack Vendor :STMicroelectronics X-CUBE-AZRTOS-H7RS 1.1.0
2025-10-17 16:19:36,642 [INFO] ThirdParty:1030 - CMSIS Pack Vendor :STMicroelectronics STM32_WPAN 1.0.0
2025-10-17 16:19:36,648 [INFO] ThirdParty:1030 - CMSIS Pack Vendor :EmbeddedOffice I-CUBE-FS-RTOS 1.0.1
2025-10-17 16:19:36,650 [INFO] ThirdParty:1030 - CMSIS Pack Vendor :STMicroelectronics lwIP 2.0.3
2025-10-17 16:19:36,650 [INFO] ThirdParty:1030 - CMSIS Pack Vendor :WES I-CUBE-Cesium 1.4.0
2025-10-17 16:19:36,651 [INFO] ThirdParty:1030 - CMSIS Pack Vendor :STMicroelectronics USB_HOST 1.0.0
2025-10-17 16:19:36,652 [INFO] ThirdParty:1030 - CMSIS Pack Vendor :Infineon AIROC-Wi-Fi-Bluetooth-STM32 1.7.1
2025-10-17 16:19:36,652 [INFO] ThirdParty:1030 - CMSIS Pack Vendor :STMicroelectronics X-CUBE-AZRTOS-G4 2.0.0
2025-10-17 16:19:36,653 [INFO] ThirdParty:1030 - CMSIS Pack Vendor :STMicroelectronics X-CUBE-WB05N 2.0.0
2025-10-17 16:19:36,653 [INFO] ThirdParty:1030 - CMSIS Pack Vendor :STMicroelectronics PDM2PCM 3.1.0
2025-10-17 16:19:36,653 [INFO] ThirdParty:1030 - CMSIS Pack Vendor :STMicroelectronics PDM2PCM 3.3.0
2025-10-17 16:19:36,654 [INFO] ThirdParty:1030 - CMSIS Pack Vendor :wolfSSL I-CUBE-wolfTPM 3.8.0
2025-10-17 16:19:36,655 [INFO] ThirdParty:1030 - CMSIS Pack Vendor :STMicroelectronics X-CUBE-AZRTOS-H7 3.4.0
2025-10-17 16:19:36,655 [INFO] ThirdParty:1030 - CMSIS Pack Vendor :STMicroelectronics X-CUBE-DISPLAY 3.0.0
2025-10-17 16:19:36,656 [INFO] ThirdParty:1030 - CMSIS Pack Vendor :wolfSSL I-CUBE-wolfSSH 1.4.20
2025-10-17 16:19:36,656 [INFO] ThirdParty:1030 - CMSIS Pack Vendor :STMicroelectronics X-CUBE-NFC7 2.0.0
2025-10-17 16:19:36,657 [INFO] ThirdParty:1030 - CMSIS Pack Vendor :STMicroelectronics X-CUBE-TCPP 4.2.0
2025-10-17 16:19:36,657 [INFO] ThirdParty:1030 - CMSIS Pack Vendor :RealThread X-CUBE-RT-Thread_Nano 4.1.1
2025-10-17 16:19:36,658 [INFO] ThirdParty:1030 - CMSIS Pack Vendor :STMicroelectronics FP-ATR-SIGFOX1 3.2.0
2025-10-17 16:19:36,658 [INFO] ThirdParty:1030 - CMSIS Pack Vendor :STMicroelectronics X-CUBE-NFC10 1.0.0
2025-10-17 16:19:36,658 [INFO] ThirdParty:1030 - CMSIS Pack Vendor :STMicroelectronics X-CUBE-FREERTOS 1.3.1
2025-10-17 16:19:36,659 [INFO] ThirdParty:1030 - CMSIS Pack Vendor :STMicroelectronics HAL Drivers 0.0.0
2025-10-17 16:19:36,659 [INFO] ThirdParty:1030 - CMSIS Pack Vendor :STMicroelectronics MBEDTLS 2.16.2
2025-10-17 16:19:36,659 [INFO] ThirdParty:1030 - CMSIS Pack Vendor :STMicroelectronics X-CUBE-ST60 1.1.0
2025-10-17 16:19:36,659 [INFO] ThirdParty:1030 - CMSIS Pack Vendor :STMicroelectronics X-CUBE-IPS 3.1.0
2025-10-17 16:19:36,660 [INFO] ThirdParty:1030 - CMSIS Pack Vendor :STMicroelectronics X-CUBE-ALS 1.0.2
2025-10-17 16:19:36,660 [INFO] ThirdParty:1030 - CMSIS Pack Vendor :emotas I-CUBE-CANOPEN 1.3.0
2025-10-17 16:19:36,661 [INFO] ThirdParty:1030 - CMSIS Pack Vendor :STMicroelectronics MBEDTLS 2.14.1
2025-10-17 16:19:36,661 [INFO] ThirdParty:1030 - CMSIS Pack Vendor :ITTIA_DB I-CUBE-ITTIADB 8.9.0
2025-10-17 16:19:36,661 [INFO] ThirdParty:1030 - CMSIS Pack Vendor :STMicroelectronics X-CUBE-TOUCHGFX 4.26.0
2025-10-17 16:19:36,661 [INFO] ThirdParty:1030 - CMSIS Pack Vendor :STMicroelectronics X-CUBE-STSE01 1.0.0
2025-10-17 16:19:36,661 [INFO] ThirdParty:1030 - CMSIS Pack Vendor :STMicroelectronics X-CUBE-ST67W61 1.0.0
2025-10-17 16:19:36,661 [INFO] ThirdParty:1030 - CMSIS Pack Vendor :STMicroelectronics FP-SNS-STBOX1 2.1.0
2025-10-17 16:19:36,662 [INFO] ThirdParty:1030 - CMSIS Pack Vendor :STMicroelectronics X-CUBE-AI 10.2.0
2025-10-17 16:19:36,662 [INFO] ThirdParty:1030 - CMSIS Pack Vendor :STMicroelectronics FP-SNS-STAIOTCFT 1.0.0
2025-10-17 16:19:36,662 [INFO] ThirdParty:1030 - CMSIS Pack Vendor :STMicroelectronics ThreadX 1.0.0
2025-10-17 16:19:36,663 [INFO] ThirdParty:1030 - CMSIS Pack Vendor :STMicroelectronics FP-SNS-SMARTAG2 1.2.0
2025-10-17 16:19:36,663 [INFO] ThirdParty:1030 - CMSIS Pack Vendor :STMicroelectronics FP-SNS-FLIGHT1 5.1.0
2025-10-17 16:19:36,664 [INFO] ThirdParty:1030 - CMSIS Pack Vendor :STMicroelectronics X-CUBE-AZRTOS-WL 2.0.0
2025-10-17 16:19:36,664 [INFO] ThirdParty:1030 - CMSIS Pack Vendor :SEGGER I-CUBE-embOS 1.3.1
2025-10-17 16:19:36,665 [INFO] ThirdParty:1030 - CMSIS Pack Vendor :STMicroelectronics X-CUBE-ALGOBUILD 1.4.0
2025-10-17 16:19:36,667 [INFO] ThirdParty:1030 - CMSIS Pack Vendor :STMicroelectronics X-CUBE-DPower 1.3.0
2025-10-17 16:19:36,667 [INFO] ThirdParty:1030 - CMSIS Pack Vendor :STMicroelectronics X-CUBE-MEMS1 11.3.0
2025-10-17 16:19:36,667 [INFO] ThirdParty:1030 - CMSIS Pack Vendor :STMicroelectronics FP-SNS-MOTENV1 5.0.0
2025-10-17 16:19:36,668 [INFO] ThirdParty:1030 - CMSIS Pack Vendor :STMicroelectronics USB_DEVICE 1.0.0
2025-10-17 16:19:36,668 [INFO] ThirdParty:1030 - CMSIS Pack Vendor :STMicroelectronics X-CUBE-AZRTOS-L4 2.0.0
2025-10-17 16:19:36,668 [INFO] ThirdParty:1030 - CMSIS Pack Vendor :STMicroelectronics ThreadX 0.0.2
2025-10-17 16:19:36,668 [INFO] ThirdParty:1030 - CMSIS Pack Vendor :STMicroelectronics lwIP 2.1.2
2025-10-17 16:19:36,668 [INFO] ThirdParty:1030 - CMSIS Pack Vendor :STMicroelectronics X-CUBE-SFXS2LP1 4.0.0
2025-10-17 16:19:36,669 [INFO] ThirdParty:1030 - CMSIS Pack Vendor :STMicroelectronics X-CUBE-BLE2 3.3.0
2025-10-17 16:19:36,669 [INFO] ThirdParty:1030 - CMSIS Pack Vendor :STMicroelectronics X-CUBE-TOF1 3.4.3
2025-10-17 16:19:36,669 [INFO] ThirdParty:1030 - CMSIS Pack Vendor :STMicroelectronics PDM2PCM 3.2.0
2025-10-17 16:19:36,670 [INFO] ThirdParty:841 - exiting critical section [change project]
2025-10-17 16:19:37,675 [INFO] PinOutPanel:1589 - setPackage(No Configuration,No Configuration)
2025-10-17 16:19:37,677 [INFO] PinOutPanel:1589 - setPackage(STM32F407VGTx,LQFP100)
2025-10-17 16:19:38,948 [INFO] UtilMem:75 - Before build in PCC Used Memory: 448785680 Bytes (1073741824)
2025-10-17 16:19:40,180 [INFO] UtilMem:75 - After build in PCC Used Memory: 496493840 Bytes (1073741824)
2025-10-17 16:19:40,199 [INFO] ApiDbMcu:532 - Load IP Config File for FREERTOS
2025-10-17 16:19:40,339 [INFO] IPUIPlugin:80 - create IPUIPlugin
2025-10-17 16:19:40,340 [INFO] IPUIPlugin:80 - create IPUIPlugin
2025-10-17 16:19:40,341 [INFO] IPUIPlugin:80 - create IPUIPlugin
2025-10-17 16:19:40,341 [INFO] IPUIPlugin:80 - create IPUIPlugin
2025-10-17 16:19:40,341 [INFO] IPUIPlugin:80 - create IPUIPlugin
2025-10-17 16:19:40,342 [INFO] IPUIPlugin:80 - create IPUIPlugin
2025-10-17 16:19:40,343 [INFO] IPUIPlugin:80 - create IPUIPlugin
2025-10-17 16:19:40,345 [INFO] IPUIPlugin:80 - create IPUIPlugin
2025-10-17 16:19:40,346 [INFO] IPUIPlugin:80 - create IPUIPlugin
2025-10-17 16:19:40,347 [INFO] IPUIPlugin:80 - create IPUIPlugin
2025-10-17 16:19:40,347 [INFO] IPUIPlugin:80 - create IPUIPlugin
2025-10-17 16:19:40,348 [INFO] IPUIPlugin:80 - create IPUIPlugin
2025-10-17 16:19:40,348 [INFO] IPUIPlugin:80 - create IPUIPlugin
2025-10-17 16:19:40,349 [INFO] IPUIPlugin:80 - create IPUIPlugin
2025-10-17 16:19:40,349 [INFO] IPUIPlugin:80 - create IPUIPlugin
2025-10-17 16:19:40,350 [INFO] IPUIPlugin:80 - create IPUIPlugin
2025-10-17 16:19:40,350 [INFO] IPUIPlugin:80 - create IPUIPlugin
2025-10-17 16:19:40,351 [INFO] IPUIPlugin:80 - create IPUIPlugin
2025-10-17 16:19:40,351 [INFO] IPUIPlugin:80 - create IPUIPlugin
2025-10-17 16:19:40,352 [INFO] IPUIPlugin:80 - create IPUIPlugin
2025-10-17 16:19:40,352 [INFO] IPUIPlugin:80 - create IPUIPlugin
2025-10-17 16:19:40,354 [INFO] IPUIPlugin:80 - create IPUIPlugin
2025-10-17 16:19:40,354 [INFO] IPUIPlugin:80 - create IPUIPlugin
2025-10-17 16:19:40,355 [INFO] IPUIPlugin:80 - create IPUIPlugin
2025-10-17 16:19:40,356 [INFO] IPUIPlugin:80 - create IPUIPlugin
2025-10-17 16:19:40,357 [INFO] IPUIPlugin:80 - create IPUIPlugin
2025-10-17 16:19:40,358 [INFO] IPUIPlugin:80 - create IPUIPlugin
2025-10-17 16:19:40,359 [INFO] IPUIPlugin:80 - create IPUIPlugin
2025-10-17 16:19:40,360 [INFO] IPUIPlugin:80 - create IPUIPlugin
2025-10-17 16:19:40,361 [INFO] IPUIPlugin:80 - create IPUIPlugin
2025-10-17 16:19:40,362 [INFO] IPUIPlugin:80 - create IPUIPlugin
2025-10-17 16:19:40,362 [INFO] IPUIPlugin:80 - create IPUIPlugin
2025-10-17 16:19:40,363 [INFO] IPUIPlugin:80 - create IPUIPlugin
2025-10-17 16:19:40,365 [INFO] IPUIPlugin:80 - create IPUIPlugin
2025-10-17 16:19:40,366 [INFO] IPUIPlugin:80 - create IPUIPlugin
2025-10-17 16:19:40,367 [INFO] IPUIPlugin:80 - create IPUIPlugin
2025-10-17 16:19:40,368 [INFO] IPUIPlugin:80 - create IPUIPlugin
2025-10-17 16:19:40,369 [INFO] IPUIPlugin:80 - create IPUIPlugin
2025-10-17 16:19:40,370 [INFO] IPUIPlugin:80 - create IPUIPlugin
2025-10-17 16:19:40,370 [INFO] IPUIPlugin:80 - create IPUIPlugin
2025-10-17 16:19:40,371 [INFO] IPUIPlugin:80 - create IPUIPlugin
2025-10-17 16:19:40,371 [INFO] IPUIPlugin:80 - create IPUIPlugin
2025-10-17 16:19:40,372 [INFO] IPUIPlugin:80 - create IPUIPlugin
2025-10-17 16:19:40,372 [INFO] IPUIPlugin:80 - create IPUIPlugin
2025-10-17 16:19:40,374 [INFO] IPUIPlugin:80 - create IPUIPlugin
2025-10-17 16:19:40,375 [INFO] IPUIPlugin:80 - create IPUIPlugin
2025-10-17 16:19:40,377 [INFO] IPUIPlugin:80 - create IPUIPlugin
2025-10-17 16:19:40,378 [INFO] IPUIPlugin:80 - create IPUIPlugin
2025-10-17 16:19:40,379 [INFO] IPUIPlugin:80 - create IPUIPlugin
2025-10-17 16:19:40,380 [INFO] IPUIPlugin:80 - create IPUIPlugin
2025-10-17 16:19:40,381 [INFO] IPUIPlugin:80 - create IPUIPlugin
2025-10-17 16:19:40,382 [INFO] IPUIPlugin:80 - create IPUIPlugin
2025-10-17 16:19:40,382 [INFO] IPUIPlugin:80 - create IPUIPlugin
2025-10-17 16:19:40,384 [INFO] IPUIPlugin:80 - create IPUIPlugin
2025-10-17 16:19:40,385 [INFO] IPUIPlugin:80 - create IPUIPlugin
2025-10-17 16:19:40,386 [INFO] IPUIPlugin:80 - create IPUIPlugin
2025-10-17 16:19:40,387 [INFO] IPUIPlugin:80 - create IPUIPlugin
2025-10-17 16:19:40,388 [INFO] IPUIPlugin:80 - create IPUIPlugin
2025-10-17 16:19:40,398 [INFO] ApiDbMcu:532 - Load IP Config File for PDM2PCM
2025-10-17 16:19:40,402 [WARN] IP:2250 - I2C_Coeff_DF not found: check if there is a RefParameter without a condition.
2025-10-17 16:19:40,403 [WARN] IP:2250 - Analog_Filter not found: check if there is a RefParameter without a condition.
2025-10-17 16:19:40,440 [INFO] I2sManager:658 - 9.6E7
2025-10-17 16:19:40,441 [INFO] I2sManager:195 - I2S Clock Value : 9.6E7
2025-10-17 16:19:40,442 [INFO] I2sManager:553 - AudioClock : 93750Divider : 2Odd : 0
2025-10-17 16:19:40,461 [WARN] FreeRTOS:1023 - Null or empty value: should not occur! (nothing added to the table)
2025-10-17 16:19:40,720 [INFO] CADModel:165 - CPN selected for project levelSTM32F407VGT6
2025-10-17 16:19:40,720 [INFO] CADModel:114 - Register for checkConnection events
2025-10-17 16:19:40,730 [INFO] RtosManager:728 - Active RTOS found at IOC load: FREERTOS [Cortex-M4NS]
2025-10-17 16:19:40,841 [INFO] OpenFileManager:386 - Restore cursor
2025-10-17 16:19:41,126 [WARN] IP:2250 - I2C_Coeff_DF not found: check if there is a RefParameter without a condition.
2025-10-17 16:19:41,127 [WARN] IP:2250 - Analog_Filter not found: check if there is a RefParameter without a condition.
2025-10-17 16:19:41,128 [WARN] IP:2250 - I2C_Coeff_DF not found: check if there is a RefParameter without a condition.
2025-10-17 16:19:41,128 [WARN] IP:2250 - Analog_Filter not found: check if there is a RefParameter without a condition.
2025-10-17 16:20:05,702 [WARN] IP:2250 - I2C_Coeff_DF not found: check if there is a RefParameter without a condition.
2025-10-17 16:20:05,702 [WARN] IP:2250 - Analog_Filter not found: check if there is a RefParameter without a condition.
2025-10-17 16:20:05,703 [WARN] IP:2250 - I2C_Coeff_DF not found: check if there is a RefParameter without a condition.
2025-10-17 16:20:05,703 [WARN] IP:2250 - Analog_Filter not found: check if there is a RefParameter without a condition.
2025-10-17 16:20:05,802 [WARN] IP:2250 - I2C_Coeff_DF not found: check if there is a RefParameter without a condition.
2025-10-17 16:20:05,803 [WARN] IP:2250 - Analog_Filter not found: check if there is a RefParameter without a condition.
2025-10-17 16:20:05,892 [WARN] IP:2250 - I2C_Coeff_DF not found: check if there is a RefParameter without a condition.
2025-10-17 16:20:05,893 [WARN] IP:2250 - Analog_Filter not found: check if there is a RefParameter without a condition.
2025-10-17 16:20:11,022 [WARN] IP:2250 - I2C_Coeff_DF not found: check if there is a RefParameter without a condition.
2025-10-17 16:20:11,023 [WARN] IP:2250 - Analog_Filter not found: check if there is a RefParameter without a condition.
2025-10-17 16:20:11,024 [WARN] IP:2250 - I2C_Coeff_DF not found: check if there is a RefParameter without a condition.
2025-10-17 16:20:11,025 [WARN] IP:2250 - Analog_Filter not found: check if there is a RefParameter without a condition.
2025-10-17 16:20:11,117 [WARN] IP:2250 - I2C_Coeff_DF not found: check if there is a RefParameter without a condition.
2025-10-17 16:20:11,118 [WARN] IP:2250 - Analog_Filter not found: check if there is a RefParameter without a condition.
2025-10-17 16:20:11,207 [WARN] IP:2250 - I2C_Coeff_DF not found: check if there is a RefParameter without a condition.
2025-10-17 16:20:11,208 [WARN] IP:2250 - Analog_Filter not found: check if there is a RefParameter without a condition.
2025-10-17 16:20:26,193 [WARN] IP:2250 - I2C_Coeff_DF not found: check if there is a RefParameter without a condition.
2025-10-17 16:20:26,194 [WARN] IP:2250 - Analog_Filter not found: check if there is a RefParameter without a condition.
2025-10-17 16:20:26,195 [WARN] IP:2250 - I2C_Coeff_DF not found: check if there is a RefParameter without a condition.
2025-10-17 16:20:26,196 [WARN] IP:2250 - Analog_Filter not found: check if there is a RefParameter without a condition.
2025-10-17 16:20:54,229 [INFO] UtilMem:75 - End SaveConfig() Used Memory: 847649776 Bytes (1073741824)
2025-10-17 16:20:55,734 [INFO] UtilMem:75 - End SaveConfig() Used Memory: 882775024 Bytes (1073741824)
2025-10-17 16:20:56,449 [INFO] UtilMem:75 - End SaveConfig() Used Memory: 913156040 Bytes (1073741824)
2025-10-17 16:21:00,545 [INFO] BlockDiagram:2775 - set Specific Code input for plugin: SPI
2025-10-17 16:21:00,545 [INFO] BlockDiagram:2775 - set Specific Code input for plugin: FREERTOS
2025-10-17 16:21:00,545 [INFO] BlockDiagram:2775 - set Specific Code input for plugin: I2S
2025-10-17 16:21:00,546 [INFO] BlockDiagram:2775 - set Specific Code input for plugin: SYS
2025-10-17 16:21:00,546 [INFO] BlockDiagram:2775 - set Specific Code input for plugin: RCC
2025-10-17 16:21:00,546 [INFO] BlockDiagram:2775 - set Specific Code input for plugin: I2C
2025-10-17 16:21:00,546 [INFO] BlockDiagram:2775 - set Specific Code input for plugin: NVIC
2025-10-17 16:21:00,546 [INFO] BlockDiagram:2775 - set Specific Code input for plugin: USART
2025-10-17 16:21:00,548 [INFO] BlockDiagram:2775 - set Specific Code input for plugin: GPIO
2025-10-17 16:21:00,552 [INFO] CodeGenerator:892 - code generatio: config db path: D:\STM32CubeIDE_1.19.0\STM32CubeIDE\plugins\com.st.stm32cube.common.mx_6.15.0.202507011659\\db\
2025-10-17 16:21:00,571 [WARN] IP:2250 - I2C_Coeff_DF not found: check if there is a RefParameter without a condition.
2025-10-17 16:21:00,571 [WARN] IP:2250 - Analog_Filter not found: check if there is a RefParameter without a condition.
2025-10-17 16:21:00,962 [INFO] CodeEngine:265 - oldGeneratedFile, D:\stm32\newproject\MXTmpFiles\license.tmp_save
2025-10-17 16:21:02,857 [INFO] CodeEngine:289 - Generated code: D:\stm32\newproject\MXTmpFiles\license.tmp
2025-10-17 16:21:03,290 [INFO] CodeEngine:265 - oldGeneratedFile, D:\stm32\newproject\MXTmpFiles\gpio.tmp_save
2025-10-17 16:21:03,971 [INFO] CodeEngine:289 - Generated code: D:\stm32\newproject\MXTmpFiles\gpio.tmp
2025-10-17 16:21:05,168 [INFO] Middleware:1452 - No code input for Bsp Dependency
2025-10-17 16:21:05,232 [INFO] CodeEngine:265 - oldGeneratedFile, D:\stm32\newproject\MXTmpFiles\rtos_inc.tmp_save
2025-10-17 16:21:05,611 [INFO] CodeEngine:289 - Generated code: D:\stm32\newproject\MXTmpFiles\rtos_inc.tmp
2025-10-17 16:21:05,647 [INFO] CodeEngine:265 - oldGeneratedFile, D:\stm32\newproject\MXTmpFiles\rtos_kernelInit.tmp_save
2025-10-17 16:21:05,957 [INFO] CodeEngine:289 - Generated code: D:\stm32\newproject\MXTmpFiles\rtos_kernelInit.tmp
2025-10-17 16:21:05,990 [INFO] CodeEngine:265 - oldGeneratedFile, D:\stm32\newproject\MXTmpFiles\rtos_kernelStart.tmp_save
2025-10-17 16:21:06,410 [INFO] CodeEngine:289 - Generated code: D:\stm32\newproject\MXTmpFiles\rtos_kernelStart.tmp
2025-10-17 16:21:06,450 [INFO] CodeEngine:265 - oldGeneratedFile, D:\stm32\newproject\MXTmpFiles\rtos_typedefs.tmp_save
2025-10-17 16:21:06,787 [INFO] CodeEngine:289 - Generated code: D:\stm32\newproject\MXTmpFiles\rtos_typedefs.tmp
2025-10-17 16:21:06,872 [INFO] CodeEngine:265 - oldGeneratedFile, D:\stm32\newproject\MXTmpFiles\rtos_vars.tmp_save
2025-10-17 16:21:07,131 [INFO] CodeEngine:289 - Generated code: D:\stm32\newproject\MXTmpFiles\rtos_vars.tmp
2025-10-17 16:21:07,166 [INFO] CodeEngine:265 - oldGeneratedFile, D:\stm32\newproject\MXTmpFiles\rtos_pfp.tmp_save
2025-10-17 16:21:07,432 [INFO] CodeEngine:289 - Generated code: D:\stm32\newproject\MXTmpFiles\rtos_pfp.tmp
2025-10-17 16:21:07,457 [INFO] CodeEngine:265 - oldGeneratedFile, D:\stm32\newproject\MXTmpFiles\rtos_obj_creat.tmp_save
2025-10-17 16:21:07,691 [INFO] CodeEngine:289 - Generated code: D:\stm32\newproject\MXTmpFiles\rtos_obj_creat.tmp
2025-10-17 16:21:07,712 [INFO] CodeEngine:265 - oldGeneratedFile, D:\stm32\newproject\MXTmpFiles\rtos_default_thread.tmp_save
2025-10-17 16:21:08,012 [INFO] CodeEngine:289 - Generated code: D:\stm32\newproject\MXTmpFiles\rtos_default_thread.tmp
2025-10-17 16:21:08,062 [INFO] CodeEngine:265 - oldGeneratedFile, D:\stm32\newproject\MXTmpFiles\rtos_threads.tmp_save
2025-10-17 16:21:08,414 [INFO] CodeEngine:289 - Generated code: D:\stm32\newproject\MXTmpFiles\rtos_threads.tmp
2025-10-17 16:21:08,482 [INFO] Middleware:1452 - No code input for Bsp Dependency
2025-10-17 16:21:08,532 [INFO] CodeEngine:265 - oldGeneratedFile, D:\stm32\newproject\MXTmpFiles\rtos_inc.tmp_save
2025-10-17 16:21:08,829 [INFO] CodeEngine:289 - Generated code: D:\stm32\newproject\MXTmpFiles\rtos_inc.tmp
2025-10-17 16:21:08,870 [INFO] CodeEngine:265 - oldGeneratedFile, D:\stm32\newproject\MXTmpFiles\rtos_kernelInit.tmp_save
2025-10-17 16:21:09,116 [INFO] CodeEngine:289 - Generated code: D:\stm32\newproject\MXTmpFiles\rtos_kernelInit.tmp
2025-10-17 16:21:09,140 [INFO] CodeEngine:265 - oldGeneratedFile, D:\stm32\newproject\MXTmpFiles\rtos_kernelStart.tmp_save
2025-10-17 16:21:09,317 [INFO] CodeEngine:289 - Generated code: D:\stm32\newproject\MXTmpFiles\rtos_kernelStart.tmp
2025-10-17 16:21:09,347 [INFO] CodeEngine:265 - oldGeneratedFile, D:\stm32\newproject\MXTmpFiles\rtos_typedefs.tmp_save
2025-10-17 16:21:09,496 [INFO] CodeEngine:289 - Generated code: D:\stm32\newproject\MXTmpFiles\rtos_typedefs.tmp
2025-10-17 16:21:09,517 [INFO] CodeEngine:265 - oldGeneratedFile, D:\stm32\newproject\MXTmpFiles\rtos_vars.tmp_save
2025-10-17 16:21:09,669 [INFO] CodeEngine:289 - Generated code: D:\stm32\newproject\MXTmpFiles\rtos_vars.tmp
2025-10-17 16:21:09,689 [INFO] CodeEngine:265 - oldGeneratedFile, D:\stm32\newproject\MXTmpFiles\rtos_pfp.tmp_save
2025-10-17 16:21:09,842 [INFO] CodeEngine:289 - Generated code: D:\stm32\newproject\MXTmpFiles\rtos_pfp.tmp
2025-10-17 16:21:09,868 [INFO] CodeEngine:265 - oldGeneratedFile, D:\stm32\newproject\MXTmpFiles\rtos_obj_creat.tmp_save
2025-10-17 16:21:10,042 [INFO] CodeEngine:289 - Generated code: D:\stm32\newproject\MXTmpFiles\rtos_obj_creat.tmp
2025-10-17 16:21:10,066 [INFO] CodeEngine:265 - oldGeneratedFile, D:\stm32\newproject\MXTmpFiles\rtos_default_thread.tmp_save
2025-10-17 16:21:10,220 [INFO] CodeEngine:289 - Generated code: D:\stm32\newproject\MXTmpFiles\rtos_default_thread.tmp
2025-10-17 16:21:10,241 [INFO] CodeEngine:265 - oldGeneratedFile, D:\stm32\newproject\MXTmpFiles\rtos_threads.tmp_save
2025-10-17 16:21:10,399 [INFO] CodeEngine:289 - Generated code: D:\stm32\newproject\MXTmpFiles\rtos_threads.tmp
2025-10-17 16:21:10,419 [INFO] CodeEngine:265 - oldGeneratedFile, D:\stm32\newproject\Core\Inc\FreeRTOSConfig.h_save
2025-10-17 16:21:10,661 [INFO] CodeEngine:289 - Generated code: D:\stm32\newproject\Core\Inc\FreeRTOSConfig.h
2025-10-17 16:21:10,698 [INFO] CodeEngine:265 - oldGeneratedFile, D:\stm32\newproject\Core\Src\freertos.c_save
2025-10-17 16:21:11,012 [INFO] CodeEngine:289 - Generated code: D:\stm32\newproject\Core\Src\freertos.c
2025-10-17 16:21:11,090 [INFO] CodeEngine:265 - oldGeneratedFile, D:\stm32\newproject\Core\Src\stm32f4xx_it.c_save
2025-10-17 16:21:11,740 [INFO] CodeEngine:289 - Generated code: D:\stm32\newproject\Core\Src\stm32f4xx_it.c
2025-10-17 16:21:11,775 [INFO] CodeEngine:265 - oldGeneratedFile, D:\stm32\newproject\Core\Inc\stm32f4xx_it.h_save
2025-10-17 16:21:12,027 [INFO] CodeEngine:289 - Generated code: D:\stm32\newproject\Core\Inc\stm32f4xx_it.h
2025-10-17 16:21:12,073 [INFO] CodeEngine:265 - oldGeneratedFile, D:\stm32\newproject\Core\Src\stm32f4xx_hal_msp.c_save
2025-10-17 16:21:12,585 [INFO] CodeEngine:289 - Generated code: D:\stm32\newproject\Core\Src\stm32f4xx_hal_msp.c
2025-10-17 16:21:12,612 [INFO] CodeEngine:265 - oldGeneratedFile, D:\stm32\newproject\MXTmpFiles\system.tmp_save
2025-10-17 16:21:12,840 [INFO] CodeEngine:289 - Generated code: D:\stm32\newproject\MXTmpFiles\system.tmp
2025-10-17 16:21:12,970 [INFO] CodeEngine:265 - oldGeneratedFile, D:\stm32\newproject\Core\Src\stm32f4xx_hal_timebase_tim.c_save
2025-10-17 16:21:13,279 [INFO] CodeEngine:289 - Generated code: D:\stm32\newproject\Core\Src\stm32f4xx_hal_timebase_tim.c
2025-10-17 16:21:13,338 [INFO] CodeEngine:321 - oldGeneratedFile, D:\stm32\newproject\Core\Inc\stm32f4xx_hal_conf.h_save
2025-10-17 16:21:13,579 [INFO] CodeEngine:345 - Generated code: D:\stm32\newproject\Core\Inc\stm32f4xx_hal_conf.h
2025-10-17 16:21:13,701 [INFO] ApiDbMcu:532 - Load IP Config File for I2C1
2025-10-17 16:21:13,711 [INFO] ApiDbMcu:532 - Load IP Config File for I2S3
2025-10-17 16:21:13,719 [INFO] ApiDbMcu:532 - Load IP Config File for SPI1
2025-10-17 16:21:13,728 [INFO] ApiDbMcu:532 - Load IP Config File for USART1
2025-10-17 16:21:13,738 [INFO] ApiDbMcu:532 - Load IP Config File for RCC
2025-10-17 16:21:13,799 [INFO] CodeEngine:265 - oldGeneratedFile, D:\stm32\newproject\Core\Inc\main.h_save
2025-10-17 16:21:14,212 [INFO] CodeEngine:289 - Generated code: D:\stm32\newproject\Core\Inc\main.h
2025-10-17 16:21:14,239 [INFO] CodeEngine:265 - oldGeneratedFile, D:\stm32\newproject\Core\Src\main.c_save
2025-10-17 16:21:14,666 [INFO] CodeEngine:289 - Generated code: D:\stm32\newproject\Core\Src\main.c
2025-10-17 16:21:16,248 [INFO] ProjectBuilder:3606 - Time for Copy HAL[1] : 917mS.
2025-10-17 16:21:16,261 [INFO] ProjectBuilder:5216 - Project Generator version: 4.7.0-B52
2025-10-17 16:21:16,479 [INFO] ConfigFileManager:1595 - The Die is : DIE413
2025-10-17 16:21:16,490 [INFO] ApiDbMcu:532 - Load IP Config File for FATFS
2025-10-17 16:21:16,501 [INFO] ApiDbMcu:532 - Load IP Config File for LIBJPEG
2025-10-17 16:21:16,517 [INFO] ApiDbMcu:532 - Load IP Config File for LWIP
2025-10-17 16:21:16,531 [INFO] ApiDbMcu:532 - Load IP Config File for MBEDTLS
2025-10-17 16:21:16,548 [INFO] ApiDbMcu:532 - Load IP Config File for USB_DEVICE
2025-10-17 16:21:16,574 [INFO] ApiDbMcu:532 - Load IP Config File for USB_HOST
2025-10-17 16:21:28,116 [INFO] ProjectBuilder:5496 - Time for Generating toolchain IDE Files: 11856mS.
2025-10-17 16:21:28,121 [INFO] ProjectBuilder:3463 - Time for Copy CMSIS : 4mS.
2025-10-17 16:21:28,231 [INFO] ProjectBuilder:3463 - Time for Copy CMSIS : 0mS.
2025-10-17 16:29:37,429 [INFO] UtilMem:75 - End SaveConfig() Used Memory: 534516936 Bytes (1073741824)
2025-10-17 16:29:39,326 [INFO] UtilMem:75 - End SaveConfig() Used Memory: 560353720 Bytes (1073741824)
2025-10-17 16:29:42,378 [INFO] UtilMem:75 - End SaveConfig() Used Memory: 619991176 Bytes (1073741824)
2025-10-17 16:31:57,361 [INFO] BlockDiagram:2775 - set Specific Code input for plugin: SPI
2025-10-17 16:31:57,364 [INFO] BlockDiagram:2775 - set Specific Code input for plugin: FREERTOS
2025-10-17 16:31:57,365 [INFO] BlockDiagram:2775 - set Specific Code input for plugin: I2S
2025-10-17 16:31:57,367 [INFO] BlockDiagram:2775 - set Specific Code input for plugin: SYS
2025-10-17 16:31:57,368 [INFO] BlockDiagram:2775 - set Specific Code input for plugin: RCC
2025-10-17 16:31:57,368 [INFO] BlockDiagram:2775 - set Specific Code input for plugin: I2C
2025-10-17 16:31:57,368 [INFO] BlockDiagram:2775 - set Specific Code input for plugin: NVIC
2025-10-17 16:31:57,369 [INFO] BlockDiagram:2775 - set Specific Code input for plugin: USART
2025-10-17 16:31:57,371 [INFO] BlockDiagram:2775 - set Specific Code input for plugin: GPIO
2025-10-17 16:31:57,378 [INFO] CodeGenerator:892 - code generatio: config db path: D:\STM32CubeIDE_1.19.0\STM32CubeIDE\plugins\com.st.stm32cube.common.mx_6.15.0.202507011659\\db\
2025-10-17 16:31:57,400 [WARN] IP:2250 - I2C_Coeff_DF not found: check if there is a RefParameter without a condition.
2025-10-17 16:31:57,401 [WARN] IP:2250 - Analog_Filter not found: check if there is a RefParameter without a condition.
2025-10-17 16:31:57,727 [INFO] CodeEngine:265 - oldGeneratedFile, D:\stm32\newproject\MXTmpFiles\license.tmp_save
2025-10-17 16:31:58,674 [INFO] CodeEngine:289 - Generated code: D:\stm32\newproject\MXTmpFiles\license.tmp
2025-10-17 16:31:58,867 [INFO] CodeEngine:265 - oldGeneratedFile, D:\stm32\newproject\MXTmpFiles\gpio.tmp_save
2025-10-17 16:31:59,508 [INFO] CodeEngine:289 - Generated code: D:\stm32\newproject\MXTmpFiles\gpio.tmp
2025-10-17 16:32:00,616 [INFO] Middleware:1452 - No code input for Bsp Dependency
2025-10-17 16:32:00,644 [INFO] CodeEngine:265 - oldGeneratedFile, D:\stm32\newproject\MXTmpFiles\rtos_inc.tmp_save
2025-10-17 16:32:00,975 [INFO] CodeEngine:289 - Generated code: D:\stm32\newproject\MXTmpFiles\rtos_inc.tmp
2025-10-17 16:32:00,995 [INFO] CodeEngine:265 - oldGeneratedFile, D:\stm32\newproject\MXTmpFiles\rtos_kernelInit.tmp_save
2025-10-17 16:32:01,440 [INFO] CodeEngine:289 - Generated code: D:\stm32\newproject\MXTmpFiles\rtos_kernelInit.tmp
2025-10-17 16:32:01,462 [INFO] CodeEngine:265 - oldGeneratedFile, D:\stm32\newproject\MXTmpFiles\rtos_kernelStart.tmp_save
2025-10-17 16:32:01,778 [INFO] CodeEngine:289 - Generated code: D:\stm32\newproject\MXTmpFiles\rtos_kernelStart.tmp
2025-10-17 16:32:01,797 [INFO] CodeEngine:265 - oldGeneratedFile, D:\stm32\newproject\MXTmpFiles\rtos_typedefs.tmp_save
2025-10-17 16:32:02,168 [INFO] CodeEngine:289 - Generated code: D:\stm32\newproject\MXTmpFiles\rtos_typedefs.tmp
2025-10-17 16:32:02,190 [INFO] CodeEngine:265 - oldGeneratedFile, D:\stm32\newproject\MXTmpFiles\rtos_vars.tmp_save
2025-10-17 16:32:02,581 [INFO] CodeEngine:289 - Generated code: D:\stm32\newproject\MXTmpFiles\rtos_vars.tmp
2025-10-17 16:32:02,609 [INFO] CodeEngine:265 - oldGeneratedFile, D:\stm32\newproject\MXTmpFiles\rtos_pfp.tmp_save
2025-10-17 16:32:02,952 [INFO] CodeEngine:289 - Generated code: D:\stm32\newproject\MXTmpFiles\rtos_pfp.tmp
2025-10-17 16:32:02,979 [INFO] CodeEngine:265 - oldGeneratedFile, D:\stm32\newproject\MXTmpFiles\rtos_obj_creat.tmp_save
2025-10-17 16:32:03,291 [INFO] CodeEngine:289 - Generated code: D:\stm32\newproject\MXTmpFiles\rtos_obj_creat.tmp
2025-10-17 16:32:03,326 [INFO] CodeEngine:265 - oldGeneratedFile, D:\stm32\newproject\MXTmpFiles\rtos_default_thread.tmp_save
2025-10-17 16:32:03,628 [INFO] CodeEngine:289 - Generated code: D:\stm32\newproject\MXTmpFiles\rtos_default_thread.tmp
2025-10-17 16:32:03,651 [INFO] CodeEngine:265 - oldGeneratedFile, D:\stm32\newproject\MXTmpFiles\rtos_threads.tmp_save
2025-10-17 16:32:03,973 [INFO] CodeEngine:289 - Generated code: D:\stm32\newproject\MXTmpFiles\rtos_threads.tmp
2025-10-17 16:32:04,045 [INFO] Middleware:1452 - No code input for Bsp Dependency
2025-10-17 16:32:04,081 [INFO] CodeEngine:265 - oldGeneratedFile, D:\stm32\newproject\MXTmpFiles\rtos_inc.tmp_save
2025-10-17 16:32:04,333 [INFO] CodeEngine:289 - Generated code: D:\stm32\newproject\MXTmpFiles\rtos_inc.tmp
2025-10-17 16:32:04,360 [INFO] CodeEngine:265 - oldGeneratedFile, D:\stm32\newproject\MXTmpFiles\rtos_kernelInit.tmp_save
2025-10-17 16:32:04,584 [INFO] CodeEngine:289 - Generated code: D:\stm32\newproject\MXTmpFiles\rtos_kernelInit.tmp
2025-10-17 16:32:04,616 [INFO] CodeEngine:265 - oldGeneratedFile, D:\stm32\newproject\MXTmpFiles\rtos_kernelStart.tmp_save
2025-10-17 16:32:04,917 [INFO] CodeEngine:289 - Generated code: D:\stm32\newproject\MXTmpFiles\rtos_kernelStart.tmp
2025-10-17 16:32:04,952 [INFO] CodeEngine:265 - oldGeneratedFile, D:\stm32\newproject\MXTmpFiles\rtos_typedefs.tmp_save
2025-10-17 16:32:05,178 [INFO] CodeEngine:289 - Generated code: D:\stm32\newproject\MXTmpFiles\rtos_typedefs.tmp
2025-10-17 16:32:05,213 [INFO] CodeEngine:265 - oldGeneratedFile, D:\stm32\newproject\MXTmpFiles\rtos_vars.tmp_save
2025-10-17 16:32:05,430 [INFO] CodeEngine:289 - Generated code: D:\stm32\newproject\MXTmpFiles\rtos_vars.tmp
2025-10-17 16:32:05,456 [INFO] CodeEngine:265 - oldGeneratedFile, D:\stm32\newproject\MXTmpFiles\rtos_pfp.tmp_save
2025-10-17 16:32:05,659 [INFO] CodeEngine:289 - Generated code: D:\stm32\newproject\MXTmpFiles\rtos_pfp.tmp
2025-10-17 16:32:05,682 [INFO] CodeEngine:265 - oldGeneratedFile, D:\stm32\newproject\MXTmpFiles\rtos_obj_creat.tmp_save
2025-10-17 16:32:05,911 [INFO] CodeEngine:289 - Generated code: D:\stm32\newproject\MXTmpFiles\rtos_obj_creat.tmp
2025-10-17 16:32:05,939 [INFO] CodeEngine:265 - oldGeneratedFile, D:\stm32\newproject\MXTmpFiles\rtos_default_thread.tmp_save
2025-10-17 16:32:06,138 [INFO] CodeEngine:289 - Generated code: D:\stm32\newproject\MXTmpFiles\rtos_default_thread.tmp
2025-10-17 16:32:06,167 [INFO] CodeEngine:265 - oldGeneratedFile, D:\stm32\newproject\MXTmpFiles\rtos_threads.tmp_save
2025-10-17 16:32:06,399 [INFO] CodeEngine:289 - Generated code: D:\stm32\newproject\MXTmpFiles\rtos_threads.tmp
2025-10-17 16:32:06,425 [INFO] CodeEngine:265 - oldGeneratedFile, D:\stm32\newproject\Core\Inc\FreeRTOSConfig.h_save
2025-10-17 16:32:06,723 [INFO] CodeEngine:289 - Generated code: D:\stm32\newproject\Core\Inc\FreeRTOSConfig.h
2025-10-17 16:32:06,755 [INFO] CodeEngine:265 - oldGeneratedFile, D:\stm32\newproject\Core\Src\freertos.c_save
2025-10-17 16:32:07,001 [INFO] CodeEngine:289 - Generated code: D:\stm32\newproject\Core\Src\freertos.c
2025-10-17 16:32:07,075 [INFO] CodeEngine:265 - oldGeneratedFile, D:\stm32\newproject\Core\Src\stm32f4xx_it.c_save
2025-10-17 16:32:07,723 [INFO] CodeEngine:289 - Generated code: D:\stm32\newproject\Core\Src\stm32f4xx_it.c
2025-10-17 16:32:07,753 [INFO] CodeEngine:265 - oldGeneratedFile, D:\stm32\newproject\Core\Inc\stm32f4xx_it.h_save
2025-10-17 16:32:08,000 [INFO] CodeEngine:289 - Generated code: D:\stm32\newproject\Core\Inc\stm32f4xx_it.h
2025-10-17 16:32:08,079 [INFO] CodeEngine:265 - oldGeneratedFile, D:\stm32\newproject\Core\Src\stm32f4xx_hal_msp.c_save
2025-10-17 16:32:08,525 [INFO] CodeEngine:289 - Generated code: D:\stm32\newproject\Core\Src\stm32f4xx_hal_msp.c
2025-10-17 16:32:08,545 [INFO] CodeEngine:265 - oldGeneratedFile, D:\stm32\newproject\MXTmpFiles\system.tmp_save
2025-10-17 16:32:08,754 [INFO] CodeEngine:289 - Generated code: D:\stm32\newproject\MXTmpFiles\system.tmp
2025-10-17 16:32:08,783 [INFO] CodeEngine:265 - oldGeneratedFile, D:\stm32\newproject\Core\Src\stm32f4xx_hal_timebase_tim.c_save
2025-10-17 16:32:09,019 [INFO] CodeEngine:289 - Generated code: D:\stm32\newproject\Core\Src\stm32f4xx_hal_timebase_tim.c
2025-10-17 16:32:09,059 [INFO] CodeEngine:321 - oldGeneratedFile, D:\stm32\newproject\Core\Inc\stm32f4xx_hal_conf.h_save
2025-10-17 16:32:09,220 [INFO] CodeEngine:345 - Generated code: D:\stm32\newproject\Core\Inc\stm32f4xx_hal_conf.h
2025-10-17 16:32:09,371 [INFO] CodeEngine:265 - oldGeneratedFile, D:\stm32\newproject\Core\Inc\main.h_save
2025-10-17 16:32:09,689 [INFO] CodeEngine:289 - Generated code: D:\stm32\newproject\Core\Inc\main.h
2025-10-17 16:32:09,724 [INFO] CodeEngine:265 - oldGeneratedFile, D:\stm32\newproject\Core\Src\main.c_save
2025-10-17 16:32:10,176 [INFO] CodeEngine:289 - Generated code: D:\stm32\newproject\Core\Src\main.c
2025-10-17 16:32:11,614 [INFO] ProjectBuilder:3606 - Time for Copy HAL[1] : 880mS.
2025-10-17 16:32:11,629 [INFO] ProjectBuilder:5216 - Project Generator version: 4.7.0-B52
2025-10-17 16:32:11,875 [INFO] ConfigFileManager:1595 - The Die is : DIE413
2025-10-17 16:32:18,370 [INFO] ProjectBuilder:5496 - Time for Generating toolchain IDE Files: 6741mS.
2025-10-17 16:32:18,372 [INFO] ProjectBuilder:3463 - Time for Copy CMSIS : 2mS.
2025-10-17 16:32:18,404 [INFO] ProjectBuilder:3463 - Time for Copy CMSIS : 0mS.
2025-10-17 16:44:46,933 [INFO] WebApp:194 - Connection lost
2025-10-17 16:44:47,254 [INFO] WebApp:191 - Connection restablished
2025-10-17 16:45:06,348 [INFO] UtilMem:75 - End SaveConfig() Used Memory: 886160920 Bytes (1073741824)
2025-10-17 16:45:08,342 [INFO] UtilMem:75 - End SaveConfig() Used Memory: 954844696 Bytes (1073741824)
2025-10-17 16:45:10,177 [INFO] UtilMem:75 - End SaveConfig() Used Memory: 415372352 Bytes (1073741824)
2025-10-17 16:45:12,955 [INFO] BlockDiagram:2775 - set Specific Code input for plugin: SPI
2025-10-17 16:45:12,962 [INFO] BlockDiagram:2775 - set Specific Code input for plugin: FREERTOS
2025-10-17 16:45:12,963 [INFO] BlockDiagram:2775 - set Specific Code input for plugin: I2S
2025-10-17 16:45:12,964 [INFO] BlockDiagram:2775 - set Specific Code input for plugin: SYS
2025-10-17 16:45:12,964 [INFO] BlockDiagram:2775 - set Specific Code input for plugin: RCC
2025-10-17 16:45:12,964 [INFO] BlockDiagram:2775 - set Specific Code input for plugin: I2C
2025-10-17 16:45:12,964 [INFO] BlockDiagram:2775 - set Specific Code input for plugin: USB_OTG_FS
2025-10-17 16:45:12,964 [INFO] BlockDiagram:2775 - set Specific Code input for plugin: NVIC
2025-10-17 16:45:12,965 [INFO] BlockDiagram:2775 - set Specific Code input for plugin: GPIO
2025-10-17 16:45:12,972 [INFO] CodeGenerator:892 - code generatio: config db path: D:\STM32CubeIDE_1.19.0\STM32CubeIDE\plugins\com.st.stm32cube.common.mx_6.15.0.202507011659\\db\
2025-10-17 16:45:13,005 [WARN] IP:2250 - I2C_Coeff_DF not found: check if there is a RefParameter without a condition.
2025-10-17 16:45:13,006 [WARN] IP:2250 - Analog_Filter not found: check if there is a RefParameter without a condition.
2025-10-17 16:45:13,367 [INFO] CodeEngine:265 - oldGeneratedFile, D:\stm32\newproject\MXTmpFiles\license.tmp_save
2025-10-17 16:45:14,241 [INFO] CodeEngine:289 - Generated code: D:\stm32\newproject\MXTmpFiles\license.tmp
2025-10-17 16:45:14,504 [INFO] CodeEngine:265 - oldGeneratedFile, D:\stm32\newproject\MXTmpFiles\gpio.tmp_save
2025-10-17 16:45:15,016 [INFO] CodeEngine:289 - Generated code: D:\stm32\newproject\MXTmpFiles\gpio.tmp
2025-10-17 16:45:15,857 [WARN] IPConfigManager:103 - WARNING: Missing Config File for USB ip!!
2025-10-17 16:45:15,978 [WARN] IPConfigManager:3238 - Warning: the RefConfig PWREx_EnableUSBVoltageDetector is not available in your config.xml file
2025-10-17 16:45:16,070 [INFO] Middleware:1452 - No code input for Bsp Dependency
2025-10-17 16:45:16,099 [INFO] CodeEngine:265 - oldGeneratedFile, D:\stm32\newproject\MXTmpFiles\rtos_inc.tmp_save
2025-10-17 16:45:16,433 [INFO] CodeEngine:289 - Generated code: D:\stm32\newproject\MXTmpFiles\rtos_inc.tmp
2025-10-17 16:45:16,452 [INFO] CodeEngine:265 - oldGeneratedFile, D:\stm32\newproject\MXTmpFiles\rtos_kernelInit.tmp_save
2025-10-17 16:45:16,805 [INFO] CodeEngine:289 - Generated code: D:\stm32\newproject\MXTmpFiles\rtos_kernelInit.tmp
2025-10-17 16:45:16,828 [INFO] CodeEngine:265 - oldGeneratedFile, D:\stm32\newproject\MXTmpFiles\rtos_kernelStart.tmp_save
2025-10-17 16:45:17,231 [INFO] CodeEngine:289 - Generated code: D:\stm32\newproject\MXTmpFiles\rtos_kernelStart.tmp
2025-10-17 16:45:17,276 [INFO] CodeEngine:265 - oldGeneratedFile, D:\stm32\newproject\MXTmpFiles\rtos_typedefs.tmp_save
2025-10-17 16:45:17,740 [INFO] CodeEngine:289 - Generated code: D:\stm32\newproject\MXTmpFiles\rtos_typedefs.tmp
2025-10-17 16:45:17,780 [INFO] CodeEngine:265 - oldGeneratedFile, D:\stm32\newproject\MXTmpFiles\rtos_vars.tmp_save
2025-10-17 16:45:18,150 [INFO] CodeEngine:289 - Generated code: D:\stm32\newproject\MXTmpFiles\rtos_vars.tmp
2025-10-17 16:45:18,169 [INFO] CodeEngine:265 - oldGeneratedFile, D:\stm32\newproject\MXTmpFiles\rtos_pfp.tmp_save
2025-10-17 16:45:18,427 [INFO] CodeEngine:289 - Generated code: D:\stm32\newproject\MXTmpFiles\rtos_pfp.tmp
2025-10-17 16:45:18,445 [INFO] CodeEngine:265 - oldGeneratedFile, D:\stm32\newproject\MXTmpFiles\rtos_obj_creat.tmp_save
2025-10-17 16:45:18,687 [INFO] CodeEngine:289 - Generated code: D:\stm32\newproject\MXTmpFiles\rtos_obj_creat.tmp
2025-10-17 16:45:18,707 [INFO] CodeEngine:265 - oldGeneratedFile, D:\stm32\newproject\MXTmpFiles\rtos_default_thread.tmp_save
2025-10-17 16:45:18,948 [INFO] CodeEngine:289 - Generated code: D:\stm32\newproject\MXTmpFiles\rtos_default_thread.tmp
2025-10-17 16:45:18,976 [INFO] CodeEngine:265 - oldGeneratedFile, D:\stm32\newproject\MXTmpFiles\rtos_threads.tmp_save
2025-10-17 16:45:19,185 [INFO] CodeEngine:289 - Generated code: D:\stm32\newproject\MXTmpFiles\rtos_threads.tmp
2025-10-17 16:45:19,268 [INFO] Middleware:1452 - No code input for Bsp Dependency
2025-10-17 16:45:19,307 [INFO] CodeEngine:265 - oldGeneratedFile, D:\stm32\newproject\MXTmpFiles\rtos_inc.tmp_save
2025-10-17 16:45:19,520 [INFO] CodeEngine:289 - Generated code: D:\stm32\newproject\MXTmpFiles\rtos_inc.tmp
2025-10-17 16:45:19,547 [INFO] CodeEngine:265 - oldGeneratedFile, D:\stm32\newproject\MXTmpFiles\rtos_kernelInit.tmp_save
2025-10-17 16:45:19,764 [INFO] CodeEngine:289 - Generated code: D:\stm32\newproject\MXTmpFiles\rtos_kernelInit.tmp
2025-10-17 16:45:19,794 [INFO] CodeEngine:265 - oldGeneratedFile, D:\stm32\newproject\MXTmpFiles\rtos_kernelStart.tmp_save
2025-10-17 16:45:20,014 [INFO] CodeEngine:289 - Generated code: D:\stm32\newproject\MXTmpFiles\rtos_kernelStart.tmp
2025-10-17 16:45:20,038 [INFO] CodeEngine:265 - oldGeneratedFile, D:\stm32\newproject\MXTmpFiles\rtos_typedefs.tmp_save
2025-10-17 16:45:20,239 [INFO] CodeEngine:289 - Generated code: D:\stm32\newproject\MXTmpFiles\rtos_typedefs.tmp
2025-10-17 16:45:20,267 [INFO] CodeEngine:265 - oldGeneratedFile, D:\stm32\newproject\MXTmpFiles\rtos_vars.tmp_save
2025-10-17 16:45:20,486 [INFO] CodeEngine:289 - Generated code: D:\stm32\newproject\MXTmpFiles\rtos_vars.tmp
2025-10-17 16:45:20,516 [INFO] CodeEngine:265 - oldGeneratedFile, D:\stm32\newproject\MXTmpFiles\rtos_pfp.tmp_save
2025-10-17 16:45:20,714 [INFO] CodeEngine:289 - Generated code: D:\stm32\newproject\MXTmpFiles\rtos_pfp.tmp
2025-10-17 16:45:20,750 [INFO] CodeEngine:265 - oldGeneratedFile, D:\stm32\newproject\MXTmpFiles\rtos_obj_creat.tmp_save
2025-10-17 16:45:20,973 [INFO] CodeEngine:289 - Generated code: D:\stm32\newproject\MXTmpFiles\rtos_obj_creat.tmp
2025-10-17 16:45:21,002 [INFO] CodeEngine:265 - oldGeneratedFile, D:\stm32\newproject\MXTmpFiles\rtos_default_thread.tmp_save
2025-10-17 16:45:21,206 [INFO] CodeEngine:289 - Generated code: D:\stm32\newproject\MXTmpFiles\rtos_default_thread.tmp
2025-10-17 16:45:21,235 [INFO] CodeEngine:265 - oldGeneratedFile, D:\stm32\newproject\MXTmpFiles\rtos_threads.tmp_save
2025-10-17 16:45:21,437 [INFO] CodeEngine:289 - Generated code: D:\stm32\newproject\MXTmpFiles\rtos_threads.tmp
2025-10-17 16:45:21,463 [INFO] CodeEngine:265 - oldGeneratedFile, D:\stm32\newproject\Core\Inc\FreeRTOSConfig.h_save
2025-10-17 16:45:21,731 [INFO] CodeEngine:289 - Generated code: D:\stm32\newproject\Core\Inc\FreeRTOSConfig.h
2025-10-17 16:45:21,764 [INFO] CodeEngine:265 - oldGeneratedFile, D:\stm32\newproject\Core\Src\freertos.c_save
2025-10-17 16:45:21,967 [INFO] CodeEngine:289 - Generated code: D:\stm32\newproject\Core\Src\freertos.c
2025-10-17 16:45:22,026 [INFO] CodeEngine:265 - oldGeneratedFile, D:\stm32\newproject\Core\Src\stm32f4xx_it.c_save
2025-10-17 16:45:22,619 [INFO] CodeEngine:289 - Generated code: D:\stm32\newproject\Core\Src\stm32f4xx_it.c
2025-10-17 16:45:22,639 [INFO] CodeEngine:265 - oldGeneratedFile, D:\stm32\newproject\Core\Inc\stm32f4xx_it.h_save
2025-10-17 16:45:22,840 [INFO] CodeEngine:289 - Generated code: D:\stm32\newproject\Core\Inc\stm32f4xx_it.h
2025-10-17 16:45:22,890 [INFO] CodeEngine:265 - oldGeneratedFile, D:\stm32\newproject\Core\Src\stm32f4xx_hal_msp.c_save
2025-10-17 16:45:23,252 [INFO] CodeEngine:289 - Generated code: D:\stm32\newproject\Core\Src\stm32f4xx_hal_msp.c
2025-10-17 16:45:23,270 [INFO] CodeEngine:265 - oldGeneratedFile, D:\stm32\newproject\MXTmpFiles\system.tmp_save
2025-10-17 16:45:23,444 [INFO] CodeEngine:289 - Generated code: D:\stm32\newproject\MXTmpFiles\system.tmp
2025-10-17 16:45:23,480 [INFO] CodeEngine:265 - oldGeneratedFile, D:\stm32\newproject\Core\Src\stm32f4xx_hal_timebase_tim.c_save
2025-10-17 16:45:23,668 [INFO] CodeEngine:289 - Generated code: D:\stm32\newproject\Core\Src\stm32f4xx_hal_timebase_tim.c
2025-10-17 16:45:23,712 [INFO] CodeEngine:321 - oldGeneratedFile, D:\stm32\newproject\Core\Inc\stm32f4xx_hal_conf.h_save
2025-10-17 16:45:23,913 [INFO] CodeEngine:345 - Generated code: D:\stm32\newproject\Core\Inc\stm32f4xx_hal_conf.h
2025-10-17 16:45:24,009 [ERROR] ApiDbMcu:560 - Cannot parse USB_OTG_FS_Config file : file do not exist
2025-10-17 16:45:24,011 [ERROR] ApiDbMcu:560 - Cannot parse USB_OTG_FS_Config file : file do not exist
2025-10-17 16:45:24,044 [WARN] IPConfigManager:3811 - IP not found : USB_OTG
2025-10-17 16:45:24,046 [WARN] CodeGenerator:4259 - IP not found : null
2025-10-17 16:45:24,084 [INFO] CodeEngine:265 - oldGeneratedFile, D:\stm32\newproject\Core\Inc\main.h_save
2025-10-17 16:45:24,438 [INFO] CodeEngine:289 - Generated code: D:\stm32\newproject\Core\Inc\main.h
2025-10-17 16:45:24,465 [INFO] CodeEngine:265 - oldGeneratedFile, D:\stm32\newproject\Core\Src\main.c_save
2025-10-17 16:45:24,887 [INFO] CodeEngine:289 - Generated code: D:\stm32\newproject\Core\Src\main.c
2025-10-17 16:45:26,155 [INFO] ProjectBuilder:3606 - Time for Copy HAL[1] : 833mS.
2025-10-17 16:45:26,168 [INFO] ProjectBuilder:5216 - Project Generator version: 4.7.0-B52
2025-10-17 16:45:26,346 [INFO] ConfigFileManager:1595 - The Die is : DIE413
2025-10-17 16:45:32,210 [INFO] ProjectBuilder:5496 - Time for Generating toolchain IDE Files: 6042mS.
2025-10-17 16:45:32,212 [INFO] ProjectBuilder:3463 - Time for Copy CMSIS : 1mS.
2025-10-17 16:45:32,374 [INFO] ProjectBuilder:3463 - Time for Copy CMSIS : 0mS.
2025-10-17 16:47:00,161 [INFO] UtilMem:75 - End SaveConfig() Used Memory: 948695432 Bytes (1073741824)
2025-10-17 16:47:06,345 [INFO] UtilMem:75 - End SaveConfig() Used Memory: 377848688 Bytes (1073741824)
2025-10-17 16:47:07,888 [INFO] UtilMem:75 - End SaveConfig() Used Memory: 465402736 Bytes (1073741824)
2025-10-17 16:47:10,998 [INFO] BlockDiagram:2775 - set Specific Code input for plugin: SPI
2025-10-17 16:47:10,998 [INFO] BlockDiagram:2775 - set Specific Code input for plugin: FREERTOS
2025-10-17 16:47:10,998 [INFO] BlockDiagram:2775 - set Specific Code input for plugin: I2S
2025-10-17 16:47:10,998 [INFO] BlockDiagram:2775 - set Specific Code input for plugin: SYS
2025-10-17 16:47:10,998 [INFO] BlockDiagram:2775 - set Specific Code input for plugin: RCC
2025-10-17 16:47:10,998 [INFO] BlockDiagram:2775 - set Specific Code input for plugin: I2C
2025-10-17 16:47:10,998 [INFO] BlockDiagram:2775 - set Specific Code input for plugin: USB_OTG_FS
2025-10-17 16:47:10,998 [INFO] BlockDiagram:2775 - set Specific Code input for plugin: NVIC
2025-10-17 16:47:10,999 [INFO] BlockDiagram:2775 - set Specific Code input for plugin: GPIO
2025-10-17 16:47:11,002 [INFO] CodeGenerator:892 - code generatio: config db path: D:\STM32CubeIDE_1.19.0\STM32CubeIDE\plugins\com.st.stm32cube.common.mx_6.15.0.202507011659\\db\
2025-10-17 16:47:11,017 [WARN] IP:2250 - I2C_Coeff_DF not found: check if there is a RefParameter without a condition.
2025-10-17 16:47:11,017 [WARN] IP:2250 - Analog_Filter not found: check if there is a RefParameter without a condition.
2025-10-17 16:47:11,228 [INFO] CodeEngine:265 - oldGeneratedFile, D:\stm32\newproject\MXTmpFiles\license.tmp_save
2025-10-17 16:47:11,367 [INFO] CodeEngine:289 - Generated code: D:\stm32\newproject\MXTmpFiles\license.tmp
2025-10-17 16:47:11,457 [INFO] CodeEngine:265 - oldGeneratedFile, D:\stm32\newproject\MXTmpFiles\gpio.tmp_save
2025-10-17 16:47:11,631 [INFO] CodeEngine:289 - Generated code: D:\stm32\newproject\MXTmpFiles\gpio.tmp
2025-10-17 16:47:12,131 [WARN] IPConfigManager:103 - WARNING: Missing Config File for USB ip!!
2025-10-17 16:47:12,255 [WARN] IPConfigManager:3238 - Warning: the RefConfig PWREx_EnableUSBVoltageDetector is not available in your config.xml file
2025-10-17 16:47:12,324 [INFO] Middleware:1452 - No code input for Bsp Dependency
2025-10-17 16:47:12,368 [INFO] CodeEngine:265 - oldGeneratedFile, D:\stm32\newproject\MXTmpFiles\rtos_inc.tmp_save
2025-10-17 16:47:12,575 [INFO] CodeEngine:289 - Generated code: D:\stm32\newproject\MXTmpFiles\rtos_inc.tmp
2025-10-17 16:47:12,597 [INFO] CodeEngine:265 - oldGeneratedFile, D:\stm32\newproject\MXTmpFiles\rtos_kernelInit.tmp_save
2025-10-17 16:47:12,833 [INFO] CodeEngine:289 - Generated code: D:\stm32\newproject\MXTmpFiles\rtos_kernelInit.tmp
2025-10-17 16:47:12,852 [INFO] CodeEngine:265 - oldGeneratedFile, D:\stm32\newproject\MXTmpFiles\rtos_kernelStart.tmp_save
2025-10-17 16:47:13,054 [INFO] CodeEngine:289 - Generated code: D:\stm32\newproject\MXTmpFiles\rtos_kernelStart.tmp
2025-10-17 16:47:13,071 [INFO] CodeEngine:265 - oldGeneratedFile, D:\stm32\newproject\MXTmpFiles\rtos_typedefs.tmp_save
2025-10-17 16:47:13,241 [INFO] CodeEngine:289 - Generated code: D:\stm32\newproject\MXTmpFiles\rtos_typedefs.tmp
2025-10-17 16:47:13,256 [INFO] CodeEngine:265 - oldGeneratedFile, D:\stm32\newproject\MXTmpFiles\rtos_vars.tmp_save
2025-10-17 16:47:13,415 [INFO] CodeEngine:289 - Generated code: D:\stm32\newproject\MXTmpFiles\rtos_vars.tmp
2025-10-17 16:47:13,434 [INFO] CodeEngine:265 - oldGeneratedFile, D:\stm32\newproject\MXTmpFiles\rtos_pfp.tmp_save
2025-10-17 16:47:13,581 [INFO] CodeEngine:289 - Generated code: D:\stm32\newproject\MXTmpFiles\rtos_pfp.tmp
2025-10-17 16:47:13,596 [INFO] CodeEngine:265 - oldGeneratedFile, D:\stm32\newproject\MXTmpFiles\rtos_obj_creat.tmp_save
2025-10-17 16:47:13,766 [INFO] CodeEngine:289 - Generated code: D:\stm32\newproject\MXTmpFiles\rtos_obj_creat.tmp
2025-10-17 16:47:13,784 [INFO] CodeEngine:265 - oldGeneratedFile, D:\stm32\newproject\MXTmpFiles\rtos_default_thread.tmp_save
2025-10-17 16:47:13,946 [INFO] CodeEngine:289 - Generated code: D:\stm32\newproject\MXTmpFiles\rtos_default_thread.tmp
2025-10-17 16:47:13,960 [INFO] CodeEngine:265 - oldGeneratedFile, D:\stm32\newproject\MXTmpFiles\rtos_threads.tmp_save
2025-10-17 16:47:14,102 [INFO] CodeEngine:289 - Generated code: D:\stm32\newproject\MXTmpFiles\rtos_threads.tmp
2025-10-17 16:47:14,148 [INFO] Middleware:1452 - No code input for Bsp Dependency
2025-10-17 16:47:14,180 [INFO] CodeEngine:265 - oldGeneratedFile, D:\stm32\newproject\MXTmpFiles\rtos_inc.tmp_save
2025-10-17 16:47:14,329 [INFO] CodeEngine:289 - Generated code: D:\stm32\newproject\MXTmpFiles\rtos_inc.tmp
2025-10-17 16:47:14,348 [INFO] CodeEngine:265 - oldGeneratedFile, D:\stm32\newproject\MXTmpFiles\rtos_kernelInit.tmp_save
2025-10-17 16:47:14,498 [INFO] CodeEngine:289 - Generated code: D:\stm32\newproject\MXTmpFiles\rtos_kernelInit.tmp
2025-10-17 16:47:14,518 [INFO] CodeEngine:265 - oldGeneratedFile, D:\stm32\newproject\MXTmpFiles\rtos_kernelStart.tmp_save
2025-10-17 16:47:14,661 [INFO] CodeEngine:289 - Generated code: D:\stm32\newproject\MXTmpFiles\rtos_kernelStart.tmp
2025-10-17 16:47:14,679 [INFO] CodeEngine:265 - oldGeneratedFile, D:\stm32\newproject\MXTmpFiles\rtos_typedefs.tmp_save
2025-10-17 16:47:14,816 [INFO] CodeEngine:289 - Generated code: D:\stm32\newproject\MXTmpFiles\rtos_typedefs.tmp
2025-10-17 16:47:14,834 [INFO] CodeEngine:265 - oldGeneratedFile, D:\stm32\newproject\MXTmpFiles\rtos_vars.tmp_save
2025-10-17 16:47:14,963 [INFO] CodeEngine:289 - Generated code: D:\stm32\newproject\MXTmpFiles\rtos_vars.tmp
2025-10-17 16:47:14,982 [INFO] CodeEngine:265 - oldGeneratedFile, D:\stm32\newproject\MXTmpFiles\rtos_pfp.tmp_save
2025-10-17 16:47:15,124 [INFO] CodeEngine:289 - Generated code: D:\stm32\newproject\MXTmpFiles\rtos_pfp.tmp
2025-10-17 16:47:15,146 [INFO] CodeEngine:265 - oldGeneratedFile, D:\stm32\newproject\MXTmpFiles\rtos_obj_creat.tmp_save
2025-10-17 16:47:15,295 [INFO] CodeEngine:289 - Generated code: D:\stm32\newproject\MXTmpFiles\rtos_obj_creat.tmp
2025-10-17 16:47:15,315 [INFO] CodeEngine:265 - oldGeneratedFile, D:\stm32\newproject\MXTmpFiles\rtos_default_thread.tmp_save
2025-10-17 16:47:15,452 [INFO] CodeEngine:289 - Generated code: D:\stm32\newproject\MXTmpFiles\rtos_default_thread.tmp
2025-10-17 16:47:15,472 [INFO] CodeEngine:265 - oldGeneratedFile, D:\stm32\newproject\MXTmpFiles\rtos_threads.tmp_save
2025-10-17 16:47:15,593 [INFO] CodeEngine:289 - Generated code: D:\stm32\newproject\MXTmpFiles\rtos_threads.tmp
2025-10-17 16:47:15,614 [INFO] CodeEngine:265 - oldGeneratedFile, D:\stm32\newproject\Core\Inc\FreeRTOSConfig.h_save
2025-10-17 16:47:15,804 [INFO] CodeEngine:289 - Generated code: D:\stm32\newproject\Core\Inc\FreeRTOSConfig.h
2025-10-17 16:47:15,824 [INFO] CodeEngine:265 - oldGeneratedFile, D:\stm32\newproject\Core\Src\freertos.c_save
2025-10-17 16:47:15,973 [INFO] CodeEngine:289 - Generated code: D:\stm32\newproject\Core\Src\freertos.c
2025-10-17 16:47:16,026 [INFO] CodeEngine:265 - oldGeneratedFile, D:\stm32\newproject\Core\Src\stm32f4xx_it.c_save
2025-10-17 16:47:16,204 [INFO] CodeEngine:289 - Generated code: D:\stm32\newproject\Core\Src\stm32f4xx_it.c
2025-10-17 16:47:16,231 [INFO] CodeEngine:265 - oldGeneratedFile, D:\stm32\newproject\Core\Inc\stm32f4xx_it.h_save
2025-10-17 16:47:16,521 [INFO] CodeEngine:289 - Generated code: D:\stm32\newproject\Core\Inc\stm32f4xx_it.h
2025-10-17 16:47:16,575 [INFO] CodeEngine:265 - oldGeneratedFile, D:\stm32\newproject\Core\Src\stm32f4xx_hal_msp.c_save
2025-10-17 16:47:16,871 [INFO] CodeEngine:289 - Generated code: D:\stm32\newproject\Core\Src\stm32f4xx_hal_msp.c
2025-10-17 16:47:16,886 [INFO] CodeEngine:265 - oldGeneratedFile, D:\stm32\newproject\MXTmpFiles\system.tmp_save
2025-10-17 16:47:17,014 [INFO] CodeEngine:289 - Generated code: D:\stm32\newproject\MXTmpFiles\system.tmp
2025-10-17 16:47:17,031 [INFO] CodeEngine:265 - oldGeneratedFile, D:\stm32\newproject\Core\Src\stm32f4xx_hal_timebase_tim.c_save
2025-10-17 16:47:17,175 [INFO] CodeEngine:289 - Generated code: D:\stm32\newproject\Core\Src\stm32f4xx_hal_timebase_tim.c
2025-10-17 16:47:17,215 [INFO] CodeEngine:321 - oldGeneratedFile, D:\stm32\newproject\Core\Inc\stm32f4xx_hal_conf.h_save
2025-10-17 16:47:17,381 [INFO] CodeEngine:345 - Generated code: D:\stm32\newproject\Core\Inc\stm32f4xx_hal_conf.h
2025-10-17 16:47:17,437 [ERROR] ApiDbMcu:560 - Cannot parse USB_OTG_FS_Config file : file do not exist
2025-10-17 16:47:17,438 [ERROR] ApiDbMcu:560 - Cannot parse USB_OTG_FS_Config file : file do not exist
2025-10-17 16:47:17,445 [WARN] IPConfigManager:3811 - IP not found : USB_OTG
2025-10-17 16:47:17,447 [WARN] CodeGenerator:4259 - IP not found : null
2025-10-17 16:47:17,477 [INFO] CodeEngine:265 - oldGeneratedFile, D:\stm32\newproject\Core\Inc\main.h_save
2025-10-17 16:47:17,670 [INFO] CodeEngine:289 - Generated code: D:\stm32\newproject\Core\Inc\main.h
2025-10-17 16:47:17,690 [INFO] CodeEngine:265 - oldGeneratedFile, D:\stm32\newproject\Core\Src\main.c_save
2025-10-17 16:47:18,011 [INFO] CodeEngine:289 - Generated code: D:\stm32\newproject\Core\Src\main.c
2025-10-17 16:47:19,379 [INFO] ProjectBuilder:3606 - Time for Copy HAL[1] : 861mS.
2025-10-17 16:47:19,391 [INFO] ProjectBuilder:5216 - Project Generator version: 4.7.0-B52
2025-10-17 16:47:19,583 [INFO] ConfigFileManager:1595 - The Die is : DIE413
2025-10-17 16:47:23,445 [INFO] ProjectBuilder:5496 - Time for Generating toolchain IDE Files: 4055mS.
2025-10-17 16:47:23,447 [INFO] ProjectBuilder:3463 - Time for Copy CMSIS : 2mS.
2025-10-17 16:47:23,495 [INFO] ProjectBuilder:3463 - Time for Copy CMSIS : 0mS.
2025-10-17 16:48:44,064 [INFO] WebApp:194 - Connection lost
2025-10-17 16:48:44,336 [INFO] WebApp:191 - Connection restablished
2025-10-17 16:49:31,003 [INFO] WebApp:194 - Connection lost
2025-10-17 16:49:31,556 [INFO] WebApp:191 - Connection restablished
2025-10-17 16:55:49,195 [WARN] IP:2250 - I2C_Coeff_DF not found: check if there is a RefParameter without a condition.
2025-10-17 16:55:49,195 [WARN] IP:2250 - Analog_Filter not found: check if there is a RefParameter without a condition.
2025-10-17 16:55:49,196 [WARN] IP:2250 - I2C_Coeff_DF not found: check if there is a RefParameter without a condition.
2025-10-17 16:55:49,196 [WARN] IP:2250 - Analog_Filter not found: check if there is a RefParameter without a condition.
2025-10-17 16:55:59,104 [INFO] NvicIntPanel:101 - NVIC parent = com.st.microxplorer.plugins.ip.nvic.MultiNvicIntPanel[,0,0,686x371,layout=javax.swing.BoxLayout,alignmentX=0.0,alignmentY=0.0,border=,flags=9,maximumSize=,minimumSize=,preferredSize=]
2025-10-17 16:56:04,980 [INFO] UtilMem:75 - End SaveConfig() Used Memory: 568066240 Bytes (1073741824)
2025-10-17 16:56:06,615 [INFO] UtilMem:75 - End SaveConfig() Used Memory: 592183488 Bytes (1073741824)
2025-10-17 16:56:08,103 [INFO] UtilMem:75 - End SaveConfig() Used Memory: 716441792 Bytes (1073741824)
2025-10-17 16:56:10,562 [INFO] BlockDiagram:2775 - set Specific Code input for plugin: SPI
2025-10-17 16:56:10,563 [INFO] BlockDiagram:2775 - set Specific Code input for plugin: FREERTOS
2025-10-17 16:56:10,563 [INFO] BlockDiagram:2775 - set Specific Code input for plugin: I2S
2025-10-17 16:56:10,563 [INFO] BlockDiagram:2775 - set Specific Code input for plugin: SYS
2025-10-17 16:56:10,563 [INFO] BlockDiagram:2775 - set Specific Code input for plugin: RCC
2025-10-17 16:56:10,563 [INFO] BlockDiagram:2775 - set Specific Code input for plugin: I2C
2025-10-17 16:56:10,563 [INFO] BlockDiagram:2775 - set Specific Code input for plugin: USB_OTG_FS
2025-10-17 16:56:10,563 [INFO] BlockDiagram:2775 - set Specific Code input for plugin: NVIC
2025-10-17 16:56:10,563 [INFO] BlockDiagram:2775 - set Specific Code input for plugin: USART
2025-10-17 16:56:10,564 [INFO] BlockDiagram:2775 - set Specific Code input for plugin: GPIO
2025-10-17 16:56:10,566 [INFO] CodeGenerator:892 - code generatio: config db path: D:\STM32CubeIDE_1.19.0\STM32CubeIDE\plugins\com.st.stm32cube.common.mx_6.15.0.202507011659\\db\
2025-10-17 16:56:10,589 [WARN] IP:2250 - I2C_Coeff_DF not found: check if there is a RefParameter without a condition.
2025-10-17 16:56:10,589 [WARN] IP:2250 - Analog_Filter not found: check if there is a RefParameter without a condition.
2025-10-17 16:56:10,884 [INFO] CodeEngine:265 - oldGeneratedFile, D:\stm32\newproject\MXTmpFiles\license.tmp_save
2025-10-17 16:56:11,084 [INFO] CodeEngine:289 - Generated code: D:\stm32\newproject\MXTmpFiles\license.tmp
2025-10-17 16:56:11,294 [INFO] CodeEngine:265 - oldGeneratedFile, D:\stm32\newproject\MXTmpFiles\gpio.tmp_save
2025-10-17 16:56:11,500 [INFO] CodeEngine:289 - Generated code: D:\stm32\newproject\MXTmpFiles\gpio.tmp
2025-10-17 16:56:12,551 [WARN] IPConfigManager:103 - WARNING: Missing Config File for USB ip!!
2025-10-17 16:56:12,764 [WARN] IPConfigManager:3238 - Warning: the RefConfig PWREx_EnableUSBVoltageDetector is not available in your config.xml file
2025-10-17 16:56:12,853 [INFO] Middleware:1452 - No code input for Bsp Dependency
2025-10-17 16:56:12,886 [INFO] CodeEngine:265 - oldGeneratedFile, D:\stm32\newproject\MXTmpFiles\rtos_inc.tmp_save
2025-10-17 16:56:13,073 [INFO] CodeEngine:289 - Generated code: D:\stm32\newproject\MXTmpFiles\rtos_inc.tmp
2025-10-17 16:56:13,097 [INFO] CodeEngine:265 - oldGeneratedFile, D:\stm32\newproject\MXTmpFiles\rtos_kernelInit.tmp_save
2025-10-17 16:56:13,280 [INFO] CodeEngine:289 - Generated code: D:\stm32\newproject\MXTmpFiles\rtos_kernelInit.tmp
2025-10-17 16:56:13,300 [INFO] CodeEngine:265 - oldGeneratedFile, D:\stm32\newproject\MXTmpFiles\rtos_kernelStart.tmp_save
2025-10-17 16:56:13,493 [INFO] CodeEngine:289 - Generated code: D:\stm32\newproject\MXTmpFiles\rtos_kernelStart.tmp
2025-10-17 16:56:13,513 [INFO] CodeEngine:265 - oldGeneratedFile, D:\stm32\newproject\MXTmpFiles\rtos_typedefs.tmp_save
2025-10-17 16:56:13,708 [INFO] CodeEngine:289 - Generated code: D:\stm32\newproject\MXTmpFiles\rtos_typedefs.tmp
2025-10-17 16:56:13,727 [INFO] CodeEngine:265 - oldGeneratedFile, D:\stm32\newproject\MXTmpFiles\rtos_vars.tmp_save
2025-10-17 16:56:13,923 [INFO] CodeEngine:289 - Generated code: D:\stm32\newproject\MXTmpFiles\rtos_vars.tmp
2025-10-17 16:56:13,946 [INFO] CodeEngine:265 - oldGeneratedFile, D:\stm32\newproject\MXTmpFiles\rtos_pfp.tmp_save
2025-10-17 16:56:14,221 [INFO] CodeEngine:289 - Generated code: D:\stm32\newproject\MXTmpFiles\rtos_pfp.tmp
2025-10-17 16:56:14,250 [INFO] CodeEngine:265 - oldGeneratedFile, D:\stm32\newproject\MXTmpFiles\rtos_obj_creat.tmp_save
2025-10-17 16:56:14,519 [INFO] CodeEngine:289 - Generated code: D:\stm32\newproject\MXTmpFiles\rtos_obj_creat.tmp
2025-10-17 16:56:14,539 [INFO] CodeEngine:265 - oldGeneratedFile, D:\stm32\newproject\MXTmpFiles\rtos_default_thread.tmp_save
2025-10-17 16:56:14,756 [INFO] CodeEngine:289 - Generated code: D:\stm32\newproject\MXTmpFiles\rtos_default_thread.tmp
2025-10-17 16:56:14,780 [INFO] CodeEngine:265 - oldGeneratedFile, D:\stm32\newproject\MXTmpFiles\rtos_threads.tmp_save
2025-10-17 16:56:15,007 [INFO] CodeEngine:289 - Generated code: D:\stm32\newproject\MXTmpFiles\rtos_threads.tmp
2025-10-17 16:56:15,097 [INFO] Middleware:1452 - No code input for Bsp Dependency
2025-10-17 16:56:15,138 [INFO] CodeEngine:265 - oldGeneratedFile, D:\stm32\newproject\MXTmpFiles\rtos_inc.tmp_save
2025-10-17 16:56:15,403 [INFO] CodeEngine:289 - Generated code: D:\stm32\newproject\MXTmpFiles\rtos_inc.tmp
2025-10-17 16:56:15,430 [INFO] CodeEngine:265 - oldGeneratedFile, D:\stm32\newproject\MXTmpFiles\rtos_kernelInit.tmp_save
2025-10-17 16:56:15,595 [INFO] CodeEngine:289 - Generated code: D:\stm32\newproject\MXTmpFiles\rtos_kernelInit.tmp
2025-10-17 16:56:15,614 [INFO] CodeEngine:265 - oldGeneratedFile, D:\stm32\newproject\MXTmpFiles\rtos_kernelStart.tmp_save
2025-10-17 16:56:15,765 [INFO] CodeEngine:289 - Generated code: D:\stm32\newproject\MXTmpFiles\rtos_kernelStart.tmp
2025-10-17 16:56:15,786 [INFO] CodeEngine:265 - oldGeneratedFile, D:\stm32\newproject\MXTmpFiles\rtos_typedefs.tmp_save
2025-10-17 16:56:15,938 [INFO] CodeEngine:289 - Generated code: D:\stm32\newproject\MXTmpFiles\rtos_typedefs.tmp
2025-10-17 16:56:15,960 [INFO] CodeEngine:265 - oldGeneratedFile, D:\stm32\newproject\MXTmpFiles\rtos_vars.tmp_save
2025-10-17 16:56:16,111 [INFO] CodeEngine:289 - Generated code: D:\stm32\newproject\MXTmpFiles\rtos_vars.tmp
2025-10-17 16:56:16,132 [INFO] CodeEngine:265 - oldGeneratedFile, D:\stm32\newproject\MXTmpFiles\rtos_pfp.tmp_save
2025-10-17 16:56:16,267 [INFO] CodeEngine:289 - Generated code: D:\stm32\newproject\MXTmpFiles\rtos_pfp.tmp
2025-10-17 16:56:16,287 [INFO] CodeEngine:265 - oldGeneratedFile, D:\stm32\newproject\MXTmpFiles\rtos_obj_creat.tmp_save
2025-10-17 16:56:16,431 [INFO] CodeEngine:289 - Generated code: D:\stm32\newproject\MXTmpFiles\rtos_obj_creat.tmp
2025-10-17 16:56:16,448 [INFO] CodeEngine:265 - oldGeneratedFile, D:\stm32\newproject\MXTmpFiles\rtos_default_thread.tmp_save
2025-10-17 16:56:16,591 [INFO] CodeEngine:289 - Generated code: D:\stm32\newproject\MXTmpFiles\rtos_default_thread.tmp
2025-10-17 16:56:16,612 [INFO] CodeEngine:265 - oldGeneratedFile, D:\stm32\newproject\MXTmpFiles\rtos_threads.tmp_save
2025-10-17 16:56:16,744 [INFO] CodeEngine:289 - Generated code: D:\stm32\newproject\MXTmpFiles\rtos_threads.tmp
2025-10-17 16:56:16,763 [INFO] CodeEngine:265 - oldGeneratedFile, D:\stm32\newproject\Core\Inc\FreeRTOSConfig.h_save
2025-10-17 16:56:16,952 [INFO] CodeEngine:289 - Generated code: D:\stm32\newproject\Core\Inc\FreeRTOSConfig.h
2025-10-17 16:56:16,975 [INFO] CodeEngine:265 - oldGeneratedFile, D:\stm32\newproject\Core\Src\freertos.c_save
2025-10-17 16:56:17,167 [INFO] CodeEngine:289 - Generated code: D:\stm32\newproject\Core\Src\freertos.c
2025-10-17 16:56:17,232 [INFO] CodeEngine:265 - oldGeneratedFile, D:\stm32\newproject\Core\Src\stm32f4xx_it.c_save
2025-10-17 16:56:17,420 [INFO] CodeEngine:289 - Generated code: D:\stm32\newproject\Core\Src\stm32f4xx_it.c
2025-10-17 16:56:17,457 [INFO] CodeEngine:265 - oldGeneratedFile, D:\stm32\newproject\Core\Inc\stm32f4xx_it.h_save
2025-10-17 16:56:17,623 [INFO] CodeEngine:289 - Generated code: D:\stm32\newproject\Core\Inc\stm32f4xx_it.h
2025-10-17 16:56:17,668 [INFO] CodeEngine:265 - oldGeneratedFile, D:\stm32\newproject\Core\Src\stm32f4xx_hal_msp.c_save
2025-10-17 16:56:17,932 [INFO] CodeEngine:289 - Generated code: D:\stm32\newproject\Core\Src\stm32f4xx_hal_msp.c
2025-10-17 16:56:17,948 [INFO] CodeEngine:265 - oldGeneratedFile, D:\stm32\newproject\MXTmpFiles\system.tmp_save
2025-10-17 16:56:18,138 [INFO] CodeEngine:289 - Generated code: D:\stm32\newproject\MXTmpFiles\system.tmp
2025-10-17 16:56:18,157 [INFO] CodeEngine:265 - oldGeneratedFile, D:\stm32\newproject\Core\Src\stm32f4xx_hal_timebase_tim.c_save
2025-10-17 16:56:18,352 [INFO] CodeEngine:289 - Generated code: D:\stm32\newproject\Core\Src\stm32f4xx_hal_timebase_tim.c
2025-10-17 16:56:18,392 [INFO] CodeEngine:321 - oldGeneratedFile, D:\stm32\newproject\Core\Inc\stm32f4xx_hal_conf.h_save
2025-10-17 16:56:18,582 [INFO] CodeEngine:345 - Generated code: D:\stm32\newproject\Core\Inc\stm32f4xx_hal_conf.h
2025-10-17 16:56:18,702 [INFO] ApiDbMcu:532 - Load IP Config File for USART2
2025-10-17 16:56:18,703 [ERROR] ApiDbMcu:560 - Cannot parse USB_OTG_FS_Config file : file do not exist
2025-10-17 16:56:18,704 [ERROR] ApiDbMcu:560 - Cannot parse USB_OTG_FS_Config file : file do not exist
2025-10-17 16:56:18,711 [WARN] IPConfigManager:3811 - IP not found : USB_OTG
2025-10-17 16:56:18,714 [WARN] CodeGenerator:4259 - IP not found : null
2025-10-17 16:56:18,766 [INFO] CodeEngine:265 - oldGeneratedFile, D:\stm32\newproject\Core\Inc\main.h_save
2025-10-17 16:56:19,023 [INFO] CodeEngine:289 - Generated code: D:\stm32\newproject\Core\Inc\main.h
2025-10-17 16:56:19,059 [INFO] CodeEngine:265 - oldGeneratedFile, D:\stm32\newproject\Core\Src\main.c_save
2025-10-17 16:56:19,534 [INFO] CodeEngine:289 - Generated code: D:\stm32\newproject\Core\Src\main.c
2025-10-17 16:56:20,784 [INFO] ProjectBuilder:3606 - Time for Copy HAL[1] : 785mS.
2025-10-17 16:56:20,794 [INFO] ProjectBuilder:5216 - Project Generator version: 4.7.0-B52
2025-10-17 16:56:20,971 [INFO] ConfigFileManager:1595 - The Die is : DIE413
2025-10-17 16:56:25,354 [INFO] ProjectBuilder:5496 - Time for Generating toolchain IDE Files: 4559mS.
2025-10-17 16:56:25,356 [INFO] ProjectBuilder:3463 - Time for Copy CMSIS : 2mS.
2025-10-17 16:56:25,379 [INFO] ProjectBuilder:3463 - Time for Copy CMSIS : 0mS.
2025-10-17 16:58:06,633 [WARN] MainPanel:289 - <html><b><center>Warning: This peripheral has no parameters to be configured<br></b></html>
2025-10-17 16:58:07,822 [WARN] MainPanel:289 - <html><b><center>Warning: This peripheral has no parameters to be configured<br></b></html>
2025-10-17 16:58:24,352 [WARN] IpParametersView:155 - Warning: This peripheral hasn't parameters
2025-10-17 16:59:06,522 [INFO] UtilMem:75 - End SaveConfig() Used Memory: 735944320 Bytes (1073741824)
2025-10-17 16:59:09,221 [INFO] UtilMem:75 - End SaveConfig() Used Memory: 762158720 Bytes (1073741824)
2025-10-17 16:59:10,762 [INFO] UtilMem:75 - End SaveConfig() Used Memory: 883271296 Bytes (1073741824)
2025-10-17 16:59:13,156 [INFO] BlockDiagram:2775 - set Specific Code input for plugin: SPI
2025-10-17 16:59:13,163 [INFO] BlockDiagram:2775 - set Specific Code input for plugin: FREERTOS
2025-10-17 16:59:13,164 [INFO] BlockDiagram:2775 - set Specific Code input for plugin: I2S
2025-10-17 16:59:13,165 [INFO] BlockDiagram:2775 - set Specific Code input for plugin: SYS
2025-10-17 16:59:13,165 [INFO] BlockDiagram:2775 - set Specific Code input for plugin: RCC
2025-10-17 16:59:13,165 [INFO] BlockDiagram:2775 - set Specific Code input for plugin: I2C
2025-10-17 16:59:13,165 [INFO] BlockDiagram:2775 - set Specific Code input for plugin: USB_OTG_FS
2025-10-17 16:59:13,165 [INFO] BlockDiagram:2775 - set Specific Code input for plugin: NVIC
2025-10-17 16:59:13,165 [INFO] BlockDiagram:2775 - set Specific Code input for plugin: USART
2025-10-17 16:59:13,166 [INFO] BlockDiagram:2775 - set Specific Code input for plugin: GPIO
2025-10-17 16:59:13,171 [INFO] CodeGenerator:892 - code generatio: config db path: D:\STM32CubeIDE_1.19.0\STM32CubeIDE\plugins\com.st.stm32cube.common.mx_6.15.0.202507011659\\db\
2025-10-17 16:59:13,193 [WARN] IP:2250 - I2C_Coeff_DF not found: check if there is a RefParameter without a condition.
2025-10-17 16:59:13,194 [WARN] IP:2250 - Analog_Filter not found: check if there is a RefParameter without a condition.
2025-10-17 16:59:13,436 [INFO] CodeEngine:265 - oldGeneratedFile, D:\stm32\newproject\MXTmpFiles\license.tmp_save
2025-10-17 16:59:13,602 [INFO] CodeEngine:289 - Generated code: D:\stm32\newproject\MXTmpFiles\license.tmp
2025-10-17 16:59:13,763 [INFO] CodeEngine:265 - oldGeneratedFile, D:\stm32\newproject\MXTmpFiles\gpio.tmp_save
2025-10-17 16:59:13,933 [INFO] CodeEngine:289 - Generated code: D:\stm32\newproject\MXTmpFiles\gpio.tmp
2025-10-17 16:59:14,584 [WARN] IPConfigManager:103 - WARNING: Missing Config File for USB ip!!
2025-10-17 16:59:14,683 [WARN] IPConfigManager:3238 - Warning: the RefConfig PWREx_EnableUSBVoltageDetector is not available in your config.xml file
2025-10-17 16:59:14,760 [INFO] Middleware:1452 - No code input for Bsp Dependency
2025-10-17 16:59:14,787 [INFO] CodeEngine:265 - oldGeneratedFile, D:\stm32\newproject\MXTmpFiles\rtos_inc.tmp_save
2025-10-17 16:59:14,945 [INFO] CodeEngine:289 - Generated code: D:\stm32\newproject\MXTmpFiles\rtos_inc.tmp
2025-10-17 16:59:14,963 [INFO] CodeEngine:265 - oldGeneratedFile, D:\stm32\newproject\MXTmpFiles\rtos_kernelInit.tmp_save
2025-10-17 16:59:15,094 [INFO] CodeEngine:289 - Generated code: D:\stm32\newproject\MXTmpFiles\rtos_kernelInit.tmp
2025-10-17 16:59:15,106 [INFO] CodeEngine:265 - oldGeneratedFile, D:\stm32\newproject\MXTmpFiles\rtos_kernelStart.tmp_save
2025-10-17 16:59:15,243 [INFO] CodeEngine:289 - Generated code: D:\stm32\newproject\MXTmpFiles\rtos_kernelStart.tmp
2025-10-17 16:59:15,260 [INFO] CodeEngine:265 - oldGeneratedFile, D:\stm32\newproject\MXTmpFiles\rtos_typedefs.tmp_save
2025-10-17 16:59:15,402 [INFO] CodeEngine:289 - Generated code: D:\stm32\newproject\MXTmpFiles\rtos_typedefs.tmp
2025-10-17 16:59:15,414 [INFO] CodeEngine:265 - oldGeneratedFile, D:\stm32\newproject\MXTmpFiles\rtos_vars.tmp_save
2025-10-17 16:59:15,550 [INFO] CodeEngine:289 - Generated code: D:\stm32\newproject\MXTmpFiles\rtos_vars.tmp
2025-10-17 16:59:15,563 [INFO] CodeEngine:265 - oldGeneratedFile, D:\stm32\newproject\MXTmpFiles\rtos_pfp.tmp_save
2025-10-17 16:59:15,693 [INFO] CodeEngine:289 - Generated code: D:\stm32\newproject\MXTmpFiles\rtos_pfp.tmp
2025-10-17 16:59:15,705 [INFO] CodeEngine:265 - oldGeneratedFile, D:\stm32\newproject\MXTmpFiles\rtos_obj_creat.tmp_save
2025-10-17 16:59:15,853 [INFO] CodeEngine:289 - Generated code: D:\stm32\newproject\MXTmpFiles\rtos_obj_creat.tmp
2025-10-17 16:59:15,867 [INFO] CodeEngine:265 - oldGeneratedFile, D:\stm32\newproject\MXTmpFiles\rtos_default_thread.tmp_save
2025-10-17 16:59:16,008 [INFO] CodeEngine:289 - Generated code: D:\stm32\newproject\MXTmpFiles\rtos_default_thread.tmp
2025-10-17 16:59:16,021 [INFO] CodeEngine:265 - oldGeneratedFile, D:\stm32\newproject\MXTmpFiles\rtos_threads.tmp_save
2025-10-17 16:59:16,150 [INFO] CodeEngine:289 - Generated code: D:\stm32\newproject\MXTmpFiles\rtos_threads.tmp
2025-10-17 16:59:16,194 [INFO] Middleware:1452 - No code input for Bsp Dependency
2025-10-17 16:59:16,224 [INFO] CodeEngine:265 - oldGeneratedFile, D:\stm32\newproject\MXTmpFiles\rtos_inc.tmp_save
2025-10-17 16:59:16,372 [INFO] CodeEngine:289 - Generated code: D:\stm32\newproject\MXTmpFiles\rtos_inc.tmp
2025-10-17 16:59:16,391 [INFO] CodeEngine:265 - oldGeneratedFile, D:\stm32\newproject\MXTmpFiles\rtos_kernelInit.tmp_save
2025-10-17 16:59:16,524 [INFO] CodeEngine:289 - Generated code: D:\stm32\newproject\MXTmpFiles\rtos_kernelInit.tmp
2025-10-17 16:59:16,545 [INFO] CodeEngine:265 - oldGeneratedFile, D:\stm32\newproject\MXTmpFiles\rtos_kernelStart.tmp_save
2025-10-17 16:59:16,673 [INFO] CodeEngine:289 - Generated code: D:\stm32\newproject\MXTmpFiles\rtos_kernelStart.tmp
2025-10-17 16:59:16,695 [INFO] CodeEngine:265 - oldGeneratedFile, D:\stm32\newproject\MXTmpFiles\rtos_typedefs.tmp_save
2025-10-17 16:59:16,834 [INFO] CodeEngine:289 - Generated code: D:\stm32\newproject\MXTmpFiles\rtos_typedefs.tmp
2025-10-17 16:59:16,854 [INFO] CodeEngine:265 - oldGeneratedFile, D:\stm32\newproject\MXTmpFiles\rtos_vars.tmp_save
2025-10-17 16:59:16,989 [INFO] CodeEngine:289 - Generated code: D:\stm32\newproject\MXTmpFiles\rtos_vars.tmp
2025-10-17 16:59:17,007 [INFO] CodeEngine:265 - oldGeneratedFile, D:\stm32\newproject\MXTmpFiles\rtos_pfp.tmp_save
2025-10-17 16:59:17,141 [INFO] CodeEngine:289 - Generated code: D:\stm32\newproject\MXTmpFiles\rtos_pfp.tmp
2025-10-17 16:59:17,162 [INFO] CodeEngine:265 - oldGeneratedFile, D:\stm32\newproject\MXTmpFiles\rtos_obj_creat.tmp_save
2025-10-17 16:59:17,307 [INFO] CodeEngine:289 - Generated code: D:\stm32\newproject\MXTmpFiles\rtos_obj_creat.tmp
2025-10-17 16:59:17,327 [INFO] CodeEngine:265 - oldGeneratedFile, D:\stm32\newproject\MXTmpFiles\rtos_default_thread.tmp_save
2025-10-17 16:59:17,465 [INFO] CodeEngine:289 - Generated code: D:\stm32\newproject\MXTmpFiles\rtos_default_thread.tmp
2025-10-17 16:59:17,483 [INFO] CodeEngine:265 - oldGeneratedFile, D:\stm32\newproject\MXTmpFiles\rtos_threads.tmp_save
2025-10-17 16:59:17,615 [INFO] CodeEngine:289 - Generated code: D:\stm32\newproject\MXTmpFiles\rtos_threads.tmp
2025-10-17 16:59:17,633 [INFO] CodeEngine:265 - oldGeneratedFile, D:\stm32\newproject\Core\Inc\FreeRTOSConfig.h_save
2025-10-17 16:59:17,826 [INFO] CodeEngine:289 - Generated code: D:\stm32\newproject\Core\Inc\FreeRTOSConfig.h
2025-10-17 16:59:17,854 [INFO] CodeEngine:265 - oldGeneratedFile, D:\stm32\newproject\Core\Src\freertos.c_save
2025-10-17 16:59:18,009 [INFO] CodeEngine:289 - Generated code: D:\stm32\newproject\Core\Src\freertos.c
2025-10-17 16:59:18,059 [INFO] CodeEngine:265 - oldGeneratedFile, D:\stm32\newproject\Core\Src\stm32f4xx_it.c_save
2025-10-17 16:59:18,217 [INFO] CodeEngine:289 - Generated code: D:\stm32\newproject\Core\Src\stm32f4xx_it.c
2025-10-17 16:59:18,239 [INFO] CodeEngine:265 - oldGeneratedFile, D:\stm32\newproject\Core\Inc\stm32f4xx_it.h_save
2025-10-17 16:59:18,401 [INFO] CodeEngine:289 - Generated code: D:\stm32\newproject\Core\Inc\stm32f4xx_it.h
2025-10-17 16:59:18,451 [INFO] CodeEngine:265 - oldGeneratedFile, D:\stm32\newproject\Core\Src\stm32f4xx_hal_msp.c_save
2025-10-17 16:59:18,696 [INFO] CodeEngine:289 - Generated code: D:\stm32\newproject\Core\Src\stm32f4xx_hal_msp.c
2025-10-17 16:59:18,713 [INFO] CodeEngine:265 - oldGeneratedFile, D:\stm32\newproject\MXTmpFiles\system.tmp_save
2025-10-17 16:59:18,879 [INFO] CodeEngine:289 - Generated code: D:\stm32\newproject\MXTmpFiles\system.tmp
2025-10-17 16:59:18,899 [INFO] CodeEngine:265 - oldGeneratedFile, D:\stm32\newproject\Core\Src\stm32f4xx_hal_timebase_tim.c_save
2025-10-17 16:59:19,065 [INFO] CodeEngine:289 - Generated code: D:\stm32\newproject\Core\Src\stm32f4xx_hal_timebase_tim.c
2025-10-17 16:59:19,105 [INFO] CodeEngine:321 - oldGeneratedFile, D:\stm32\newproject\Core\Inc\stm32f4xx_hal_conf.h_save
2025-10-17 16:59:19,286 [INFO] CodeEngine:345 - Generated code: D:\stm32\newproject\Core\Inc\stm32f4xx_hal_conf.h
2025-10-17 16:59:19,379 [ERROR] ApiDbMcu:560 - Cannot parse USB_OTG_FS_Config file : file do not exist
2025-10-17 16:59:19,381 [ERROR] ApiDbMcu:560 - Cannot parse USB_OTG_FS_Config file : file do not exist
2025-10-17 16:59:19,391 [WARN] IPConfigManager:3811 - IP not found : USB_OTG
2025-10-17 16:59:19,393 [WARN] CodeGenerator:4259 - IP not found : null
2025-10-17 16:59:19,421 [INFO] CodeEngine:265 - oldGeneratedFile, D:\stm32\newproject\Core\Inc\main.h_save
2025-10-17 16:59:19,586 [INFO] CodeEngine:289 - Generated code: D:\stm32\newproject\Core\Inc\main.h
2025-10-17 16:59:19,609 [INFO] CodeEngine:265 - oldGeneratedFile, D:\stm32\newproject\Core\Src\main.c_save
2025-10-17 16:59:19,927 [INFO] CodeEngine:289 - Generated code: D:\stm32\newproject\Core\Src\main.c
2025-10-17 16:59:21,101 [INFO] ProjectBuilder:3606 - Time for Copy HAL[1] : 751mS.
2025-10-17 16:59:21,110 [INFO] ProjectBuilder:5216 - Project Generator version: 4.7.0-B52
2025-10-17 16:59:21,285 [INFO] ConfigFileManager:1595 - The Die is : DIE413
2025-10-17 16:59:24,692 [INFO] ProjectBuilder:5496 - Time for Generating toolchain IDE Files: 3581mS.
2025-10-17 16:59:24,694 [INFO] ProjectBuilder:3463 - Time for Copy CMSIS : 1mS.
2025-10-17 16:59:24,717 [INFO] ProjectBuilder:3463 - Time for Copy CMSIS : 1mS.
2025-10-17 17:19:42,996 [INFO] WebApp:194 - Connection lost
2025-10-17 17:19:43,361 [INFO] WebApp:191 - Connection restablished
2025-10-17 17:49:51,511 [INFO] WebApp:194 - Connection lost
2025-10-17 17:49:51,725 [INFO] WebApp:191 - Connection restablished
2025-10-17 18:20:01,007 [INFO] WebApp:194 - Connection lost
2025-10-17 18:20:01,222 [INFO] WebApp:191 - Connection restablished
2025-10-17 18:50:09,511 [INFO] WebApp:194 - Connection lost
2025-10-17 18:50:09,722 [INFO] WebApp:191 - Connection restablished
2025-10-17 19:20:18,991 [INFO] WebApp:194 - Connection lost
2025-10-17 19:20:19,212 [INFO] WebApp:191 - Connection restablished
2025-10-17 19:50:28,484 [INFO] WebApp:194 - Connection lost
2025-10-17 19:50:28,715 [INFO] WebApp:191 - Connection restablished
2025-10-17 20:20:42,014 [INFO] WebApp:194 - Connection lost
2025-10-17 20:20:42,217 [INFO] WebApp:191 - Connection restablished
2025-10-17 20:25:25,008 [INFO] WebApp:194 - Connection lost
2025-10-17 20:25:25,205 [INFO] WebApp:191 - Connection restablished
2025-10-17 20:55:34,461 [INFO] WebApp:194 - Connection lost
2025-10-17 20:55:35,142 [INFO] WebApp:191 - Connection restablished
2025-10-17 21:25:43,003 [INFO] WebApp:194 - Connection lost
2025-10-17 21:25:43,216 [INFO] WebApp:191 - Connection restablished
2025-10-17 21:26:31,989 [INFO] WebApp:194 - Connection lost
2025-10-17 21:26:33,058 [INFO] WebApp:191 - Connection restablished
