2025-10-23 01:19:17,732 [INFO] WebApp:194 - Connection lost
2025-10-23 01:19:18,306 [INFO] WebApp:191 - Connection restablished
2025-10-23 01:25:37,739 [INFO] WebApp:194 - Connection lost
2025-10-23 01:25:38,146 [INFO] WebApp:191 - Connection restablished
2025-10-23 01:28:32,707 [INFO] WebApp:194 - Connection lost
2025-10-23 01:28:33,022 [INFO] WebApp:191 - Connection restablished
2025-10-23 02:15:00,197 [INFO] WebApp:194 - Connection lost
2025-10-23 02:15:13,252 [INFO] WebApp:191 - Connection restablished
2025-10-23 02:15:41,245 [INFO] WebApp:194 - Connection lost
2025-10-23 02:15:41,561 [INFO] WebApp:191 - Connection restablished
2025-10-23 02:15:49,752 [INFO] WebApp:194 - Connection lost
2025-10-23 02:15:52,971 [INFO] WebApp:191 - Connection restablished
2025-10-23 02:15:57,612 [INFO] WebApp:194 - Connection lost
2025-10-23 02:15:58,312 [INFO] WebApp:191 - Connection restablished
2025-10-23 02:16:05,648 [INFO] WebApp:194 - Connection lost
2025-10-23 02:16:31,671 [INFO] WebApp:191 - Connection restablished
2025-10-23 02:17:07,670 [INFO] WebApp:194 - Connection lost
2025-10-23 02:17:50,745 [INFO] WebApp:191 - Connection restablished
2025-10-23 02:17:51,861 [INFO] WebApp:194 - Connection lost
2025-10-23 02:17:52,629 [INFO] WebApp:191 - Connection restablished
2025-10-23 02:18:02,674 [INFO] WebApp:194 - Connection lost
2025-10-23 02:18:05,910 [INFO] WebApp:191 - Connection restablished
2025-10-23 02:18:10,152 [INFO] WebApp:194 - Connection lost
2025-10-23 02:19:08,739 [INFO] WebApp:191 - Connection restablished
2025-10-23 02:19:12,711 [INFO] WebApp:194 - Connection lost
2025-10-23 02:19:13,031 [INFO] WebApp:191 - Connection restablished
2025-10-23 02:19:27,635 [INFO] WebApp:194 - Connection lost
2025-10-23 02:19:38,994 [INFO] WebAppUi:1100 - Web application message: Reloading CAD
2025-10-23 02:19:41,359 [INFO] WebApp:191 - Connection restablished
2025-10-23 02:19:49,323 [INFO] WebApp:194 - Connection lost
2025-10-23 02:19:49,552 [INFO] WebApp:191 - Connection restablished
2025-10-23 02:19:51,331 [INFO] WebApp:194 - Connection lost
2025-10-23 02:19:51,700 [INFO] WebApp:191 - Connection restablished
2025-10-23 02:21:29,639 [INFO] WebApp:194 - Connection lost
2025-10-23 02:21:29,966 [INFO] WebApp:191 - Connection restablished
2025-10-23 06:05:20,279 [INFO] WebApp:194 - Connection lost
2025-10-23 06:05:20,953 [INFO] WebApp:191 - Connection restablished
2025-10-23 07:25:34,216 [INFO] WebApp:194 - Connection lost
2025-10-23 07:25:35,499 [INFO] WebApp:191 - Connection restablished
2025-10-23 08:32:35,267 [INFO] WebApp:194 - Connection lost
2025-10-23 08:32:43,252 [INFO] WebAppUi:1100 - Web application message: Reloading CAD
2025-10-23 08:32:46,228 [INFO] WebApp:191 - Connection restablished
2025-10-23 08:32:50,983 [INFO] WebApp:194 - Connection lost
2025-10-23 08:32:56,337 [INFO] WebApp:191 - Connection restablished
2025-10-23 08:37:02,027 [INFO] WebAppUi:1100 - Web application message: Reloading CAD
2025-10-23 08:37:03,563 [INFO] WebApp:194 - Connection lost
2025-10-23 08:37:04,166 [INFO] WebApp:191 - Connection restablished
2025-10-23 08:42:21,147 [INFO] WebApp:194 - Connection lost
2025-10-23 08:42:21,445 [INFO] WebApp:191 - Connection restablished
2025-10-23 10:57:32,647 [INFO] WebApp:194 - Connection lost
2025-10-23 10:57:32,919 [INFO] WebApp:191 - Connection restablished
2025-10-23 11:30:34,156 [INFO] WebApp:194 - Connection lost
2025-10-23 11:30:34,402 [INFO] WebApp:191 - Connection restablished
2025-10-23 11:49:56,174 [INFO] WebApp:194 - Connection lost
2025-10-23 11:49:59,052 [INFO] WebApp:191 - Connection restablished
2025-10-23 12:02:24,672 [INFO] WebApp:194 - Connection lost
2025-10-23 12:02:25,288 [INFO] WebApp:191 - Connection restablished
2025-10-23 12:02:52,661 [INFO] WebApp:194 - Connection lost
2025-10-23 12:02:53,680 [INFO] WebApp:191 - Connection restablished
2025-10-23 12:03:42,157 [INFO] WebApp:194 - Connection lost
2025-10-23 12:03:42,500 [INFO] WebApp:191 - Connection restablished
2025-10-23 12:33:12,704 [INFO] WebApp:194 - Connection lost
2025-10-23 12:33:12,965 [INFO] WebApp:191 - Connection restablished
2025-10-23 12:40:53,722 [INFO] WebApp:194 - Connection lost
2025-10-23 12:40:53,964 [INFO] WebApp:191 - Connection restablished
2025-10-23 13:17:26,767 [INFO] WebApp:194 - Connection lost
2025-10-23 13:17:26,995 [INFO] WebApp:191 - Connection restablished
2025-10-23 13:32:57,711 [INFO] WebApp:194 - Connection lost
2025-10-23 13:32:57,995 [INFO] WebApp:191 - Connection restablished
2025-10-23 14:05:11,729 [INFO] WebApp:194 - Connection lost
2025-10-23 14:05:12,076 [INFO] WebApp:191 - Connection restablished
2025-10-23 14:06:07,356 [INFO] WebApp:194 - Connection lost
2025-10-23 14:06:18,441 [INFO] WebAppUi:1100 - Web application message: Reloading CAD
2025-10-23 14:06:20,459 [INFO] WebApp:191 - Connection restablished
2025-10-23 14:33:02,684 [INFO] WebApp:194 - Connection lost
2025-10-23 14:33:03,482 [INFO] WebApp:191 - Connection restablished
2025-10-23 14:36:33,016 [INFO] WebApp:194 - Connection lost
2025-10-23 14:36:39,692 [INFO] WebAppUi:1100 - Web application message: Reloading CAD
2025-10-23 14:36:42,495 [INFO] WebApp:191 - Connection restablished
2025-10-23 15:19:03,155 [INFO] WebApp:194 - Connection lost
2025-10-23 15:19:17,954 [INFO] WebApp:191 - Connection restablished
2025-10-23 15:19:18,188 [INFO] WebApp:194 - Connection lost
2025-10-23 15:19:18,487 [INFO] WebApp:191 - Connection restablished
2025-10-23 18:13:08,298 [INFO] WebAppUi:305 - Path where cad_preferences.json is located C:\Users\janme/.stm32cubeide/
2025-10-23 18:13:08,303 [INFO] WebAppUi:306 - Updating consent from JSON file
2025-10-23 18:13:08,317 [INFO] WebAppUi:305 - Path where cad_preferences.json is located C:\Users\janme/.stm32cubeide/
2025-10-23 18:13:08,318 [INFO] WebAppUi:306 - Updating consent from JSON file
2025-10-23 18:13:12,585 [INFO] WebApp:403 - JxBrowser engine has been closed 
2025-10-23 18:13:12,587 [INFO] WebAppUi:504 - JxBrowser engine has been closed 
2025-10-23 18:13:12,590 [INFO] WebAppUi:541 - Close the Jxbrowser engine manually
