2026-03-06 16:42:48,382 [INFO] Activator:176 - 


2026-03-06 16:42:48,412 [INFO] Activator:177 - !SESSION log4j initialized
2026-03-06 16:43:05,598 [INFO] LogOutputStream:77 - [STDOUT_REDIRECT] 
2026-03-06 16:43:10,135 [INFO] ApplicationProperties:184 - Using Application install path: D:\STM32CubeIDE_1.19.0\STM32CubeIDE\plugins\com.st.stm32cube.common.mx_6.15.0.202507011659
2026-03-06 16:43:10,239 [INFO] DbMcusXml:78 - Set database path to: D:\STM32CubeIDE_1.19.0\STM32CubeIDE\plugins\com.st.stm32cube.common.mx_6.15.0.202507011659\\db\/mcu/
2026-03-06 16:43:10,240 [INFO] ApiDb:274 - Set plugin database path to: D:\STM32CubeIDE_1.19.0\STM32CubeIDE\plugins\com.st.stm32cube.common.mx_6.15.0.202507011659\\db\/plugins/boardmanager/
2026-03-06 16:43:10,242 [WARN] ApiDb:259 - Overriding images path with different value:  => D:\STM32CubeIDE_1.19.0\STM32CubeIDE\plugins\com.st.stm32cube.common.mx_6.15.0.202507011659\\db\/plugins/mcufinder/images/
2026-03-06 16:43:10,301 [INFO] ApiDb:250 - Set database path to: C:\Users\janme\.stmcufinder\plugins\mcufinder//mcu/
2026-03-06 16:43:10,308 [INFO] DbMcusAds:125 - Set database path to: C:\Users\janme\.stmcufinder\plugins\mcufinder//mcu/
2026-03-06 16:43:10,318 [INFO] CrossReferenceDbSqlite:203 - Set database path to: C:\Users\janme\.stmcufinder\plugins\mcufinder//mcu/cs/
2026-03-06 16:43:10,838 [INFO] RulesReader:64 - Compatibility file has been processed (317 Rules)
2026-03-06 16:43:11,257 [INFO] DbMcusXml:78 - Set database path to: D:\STM32CubeIDE_1.19.0\STM32CubeIDE\plugins\com.st.stm32cube.common.mx_6.15.0.202507011659\\db\/mcu/
2026-03-06 16:43:11,258 [INFO] ApiDb:274 - Set plugin database path to: D:\STM32CubeIDE_1.19.0\STM32CubeIDE\plugins\com.st.stm32cube.common.mx_6.15.0.202507011659\\db\/plugins/boardmanager/
2026-03-06 16:43:11,258 [INFO] ApiDb:261 - Set plugin images path to: D:\STM32CubeIDE_1.19.0\STM32CubeIDE\plugins\com.st.stm32cube.common.mx_6.15.0.202507011659\\db\/plugins/mcufinder/images/
2026-03-06 16:43:11,259 [WARN] DbFile:41 - Overriding database path with different value: C:\Users\janme\.stmcufinder\plugins\mcufinder/ => C:\Users\janme\.stmcufinder\plugins\mcufinder
2026-03-06 16:43:11,259 [INFO] ApiDb:250 - Set database path to: C:\Users\janme\.stmcufinder\plugins\mcufinder//mcu/
2026-03-06 16:43:11,260 [WARN] DbFile:41 - Overriding database path with different value: C:\Users\janme\.stmcufinder\plugins\mcufinder/ => C:\Users\janme\.stmcufinder\plugins\mcufinder
2026-03-06 16:43:11,260 [INFO] DbMcusAds:125 - Set database path to: C:\Users\janme\.stmcufinder\plugins\mcufinder//mcu/
2026-03-06 16:43:11,261 [WARN] DbFile:41 - Overriding database path with different value: C:\Users\janme\.stmcufinder\plugins\mcufinder/ => C:\Users\janme\.stmcufinder\plugins\mcufinder
2026-03-06 16:43:11,261 [WARN] DbFile:41 - Overriding database path with different value: C:\Users\janme\.stmcufinder\plugins\mcufinder/ => C:\Users\janme\.stmcufinder\plugins\mcufinder
2026-03-06 16:43:11,262 [INFO] CrossReferenceDbSqlite:203 - Set database path to: C:\Users\janme\.stmcufinder\plugins\mcufinder//mcu/cs/
2026-03-06 16:43:11,766 [INFO] MainPanel:274 - HeapMemory: 268435456
2026-03-06 16:43:12,299 [INFO] DbMcusXml:78 - Set database path to: D:\STM32CubeIDE_1.19.0\STM32CubeIDE\plugins\com.st.stm32cube.common.mx_6.15.0.202507011659\\db\/mcu/
2026-03-06 16:43:12,300 [INFO] ApiDb:274 - Set plugin database path to: D:\STM32CubeIDE_1.19.0\STM32CubeIDE\plugins\com.st.stm32cube.common.mx_6.15.0.202507011659\\db\/plugins/boardmanager/
2026-03-06 16:43:12,300 [INFO] ApiDb:261 - Set plugin images path to: D:\STM32CubeIDE_1.19.0\STM32CubeIDE\plugins\com.st.stm32cube.common.mx_6.15.0.202507011659\\db\/plugins/mcufinder/images/
2026-03-06 16:43:12,301 [WARN] DbFile:41 - Overriding database path with different value: C:\Users\janme\.stmcufinder\plugins\mcufinder/ => C:\Users\janme\.stmcufinder\plugins\mcufinder
2026-03-06 16:43:12,302 [INFO] ApiDb:250 - Set database path to: C:\Users\janme\.stmcufinder\plugins\mcufinder//mcu/
2026-03-06 16:43:12,302 [WARN] DbFile:41 - Overriding database path with different value: C:\Users\janme\.stmcufinder\plugins\mcufinder/ => C:\Users\janme\.stmcufinder\plugins\mcufinder
2026-03-06 16:43:12,303 [INFO] DbMcusAds:125 - Set database path to: C:\Users\janme\.stmcufinder\plugins\mcufinder//mcu/
2026-03-06 16:43:12,303 [WARN] DbFile:41 - Overriding database path with different value: C:\Users\janme\.stmcufinder\plugins\mcufinder/ => C:\Users\janme\.stmcufinder\plugins\mcufinder
2026-03-06 16:43:12,303 [WARN] DbFile:41 - Overriding database path with different value: C:\Users\janme\.stmcufinder\plugins\mcufinder/ => C:\Users\janme\.stmcufinder\plugins\mcufinder
2026-03-06 16:43:12,303 [INFO] CrossReferenceDbSqlite:203 - Set database path to: C:\Users\janme\.stmcufinder\plugins\mcufinder//mcu/cs/
2026-03-06 16:43:12,429 [INFO] ApplicationProperties:184 - Using Application install path: D:\STM32CubeIDE_1.19.0\STM32CubeIDE\plugins\com.st.stm32cube.common.mx_6.15.0.202507011659
2026-03-06 16:43:12,433 [INFO] PluginManage:196 - Search for loadable plugins [exclusion list=, ]
2026-03-06 16:43:12,441 [INFO] PluginManage:310 - Check plugin analytics
2026-03-06 16:43:13,659 [INFO] AnalyticsPlugin:253 - Accepted Software Licenses: STM32CubeMX.6.14.0,STM32CubeMX.6.15.0
2026-03-06 16:43:13,660 [INFO] AnalyticsPlugin:255 - Accepted CMSIS Pack Licenses: 
2026-03-06 16:43:13,661 [INFO] AnalyticsPlugin:257 - Accepted Firmware Licenses: FW.F4.1.28.0
2026-03-06 16:43:13,687 [INFO] PluginManage:359 - Loaded plugin analytics (category:tool,tabindex:-1)
2026-03-06 16:43:13,688 [INFO] PluginManage:310 - Check plugin cadmodel
2026-03-06 16:43:13,741 [INFO] CADModel:105 - Init CAD model plugin
2026-03-06 16:43:13,741 [INFO] PluginManage:359 - Loaded plugin cadmodel (category:power,tabindex:5)
2026-03-06 16:43:13,743 [INFO] PluginManage:310 - Check plugin clock
2026-03-06 16:43:13,818 [INFO] PluginManage:359 - Loaded plugin clock (category:base,tabindex:2)
2026-03-06 16:43:13,819 [INFO] PluginManage:310 - Check plugin ddr
2026-03-06 16:43:13,833 [INFO] PluginManage:359 - Loaded plugin ddr (category:tool,tabindex:6)
2026-03-06 16:43:13,834 [INFO] PluginManage:310 - Check plugin filemanager
2026-03-06 16:43:14,415 [INFO] PluginManage:359 - Loaded plugin filemanager (category:base,tabindex:10)
2026-03-06 16:43:14,416 [INFO] PluginManage:310 - Check plugin ipmanager
2026-03-06 16:43:14,447 [INFO] PluginManage:359 - Loaded plugin ipmanager (category:base,tabindex:5)
2026-03-06 16:43:14,448 [INFO] PluginManage:310 - Check plugin lpbam
2026-03-06 16:43:14,486 [INFO] PluginManage:359 - Loaded plugin lpbam (category:base,tabindex:0)
2026-03-06 16:43:14,487 [INFO] PluginManage:310 - Check plugin memorymap
2026-03-06 16:43:14,544 [INFO] PluginManage:359 - Loaded plugin memorymap (category:base,tabindex:4)
2026-03-06 16:43:14,545 [INFO] PluginManage:310 - Check plugin pinoutandconfiguration
2026-03-06 16:43:14,571 [INFO] PluginManage:359 - Loaded plugin pinoutandconfiguration (category:base,tabindex:1)
2026-03-06 16:43:14,572 [INFO] PluginManage:310 - Check plugin pinoutconfig
2026-03-06 16:43:14,994 [WARN] SupportedApi:132 - Cannot load RTOS API schema: s4s-elt-must-match.1: The content of 'definitions' must match (annotation?, (simpleType | complexType)?, (unique | key | keyref)*)). A problem was found starting at: attribute.
2026-03-06 16:43:15,389 [INFO] PluginManage:359 - Loaded plugin pinoutconfig (category:base,tabindex:0)
2026-03-06 16:43:15,390 [INFO] PluginManage:310 - Check plugin power
2026-03-06 16:43:15,468 [INFO] PluginManage:359 - Loaded plugin power (category:power,tabindex:4)
2026-03-06 16:43:15,469 [INFO] PluginManage:310 - Check plugin projectmanager
2026-03-06 16:43:15,546 [INFO] PluginManage:359 - Loaded plugin projectmanager (category:projectmanager,tabindex:4)
2026-03-06 16:43:15,546 [INFO] PluginManage:310 - Check plugin rif
2026-03-06 16:43:15,591 [INFO] PluginManage:359 - Loaded plugin rif (category:base,tabindex:3)
2026-03-06 16:43:15,592 [INFO] PluginManage:310 - Check plugin thirdparty
2026-03-06 16:43:16,264 [INFO] PluginManage:359 - Loaded plugin thirdparty (category:base,tabindex:-1)
2026-03-06 16:43:16,265 [WARN] IntegrityCheckThread:84 - waiting for thirdparty lock release [integrity check]
2026-03-06 16:43:16,267 [INFO] IntegrityCheckThread:86 - entering critical section [integrity check]
2026-03-06 16:43:16,267 [INFO] PluginManage:310 - Check plugin tools
2026-03-06 16:43:16,268 [INFO] ThirdPartyUpdaterWithRetryManager:70 - Updater plugin not ready yet. [1/15]
2026-03-06 16:43:16,285 [INFO] PluginManage:359 - Loaded plugin tools (category:base,tabindex:7)
2026-03-06 16:43:16,285 [INFO] PluginManage:310 - Check plugin tutovideos
2026-03-06 16:43:17,020 [INFO] PluginManage:359 - Loaded plugin tutovideos (category:base,tabindex:-1)
2026-03-06 16:43:17,020 [INFO] PluginManage:310 - Check plugin updater
2026-03-06 16:43:17,125 [INFO] PluginManage:359 - Loaded plugin updater (category:base,tabindex:12)
2026-03-06 16:43:17,126 [INFO] PluginManage:310 - Check plugin userauth
2026-03-06 16:43:17,156 [INFO] UserAuth:118 - Init User Auth plugin
2026-03-06 16:43:17,160 [INFO] PluginManage:359 - Loaded plugin userauth (category:base,tabindex:14)
2026-03-06 16:43:17,162 [INFO] PluginManage:283 - PluginManage : Loaded plugins [18]
2026-03-06 16:43:18,097 [INFO] PinOutPanel:1589 - setPackage(No Configuration,No Configuration)
2026-03-06 16:43:18,503 [INFO] CADModel:165 - CPN selected for project level
2026-03-06 16:43:18,503 [INFO] CADModel:114 - Register for checkConnection events
2026-03-06 16:43:18,607 [INFO] IPUIPlugin:80 - create IPUIPlugin
2026-03-06 16:43:18,608 [INFO] PluginManager:220 - loadIPPluginJar : add adc
2026-03-06 16:43:18,620 [INFO] IPUIPlugin:80 - create IPUIPlugin
2026-03-06 16:43:18,621 [INFO] PluginManager:220 - loadIPPluginJar : add aes
2026-03-06 16:43:18,632 [INFO] IPUIPlugin:80 - create IPUIPlugin
2026-03-06 16:43:18,635 [INFO] PluginManager:220 - loadIPPluginJar : add can
2026-03-06 16:43:18,645 [INFO] IPUIPlugin:80 - create IPUIPlugin
2026-03-06 16:43:18,645 [INFO] PluginManager:220 - loadIPPluginJar : add comp
2026-03-06 16:43:18,668 [INFO] IPUIPlugin:80 - create IPUIPlugin
2026-03-06 16:43:18,669 [INFO] PluginManager:220 - loadIPPluginJar : add cryp
2026-03-06 16:43:18,689 [INFO] IPUIPlugin:80 - create IPUIPlugin
2026-03-06 16:43:18,689 [INFO] PluginManager:220 - loadIPPluginJar : add ddr_ctrl_phy
2026-03-06 16:43:18,700 [INFO] IPUIPlugin:80 - create IPUIPlugin
2026-03-06 16:43:18,701 [INFO] PluginManager:220 - loadIPPluginJar : add dfsdm
2026-03-06 16:43:18,736 [INFO] IPUIPlugin:80 - create IPUIPlugin
2026-03-06 16:43:18,737 [INFO] PluginManager:220 - loadIPPluginJar : add dma
2026-03-06 16:43:18,748 [INFO] IPUIPlugin:80 - create IPUIPlugin
2026-03-06 16:43:18,749 [INFO] PluginManager:220 - loadIPPluginJar : add dma3
2026-03-06 16:43:18,769 [INFO] IPUIPlugin:80 - create IPUIPlugin
2026-03-06 16:43:18,770 [INFO] PluginManager:220 - loadIPPluginJar : add extmemmanager
2026-03-06 16:43:18,776 [INFO] IPUIPlugin:80 - create IPUIPlugin
2026-03-06 16:43:18,777 [INFO] PluginManager:220 - loadIPPluginJar : add fatfs
2026-03-06 16:43:18,810 [INFO] IPUIPlugin:80 - create IPUIPlugin
2026-03-06 16:43:18,811 [INFO] PluginManager:220 - loadIPPluginJar : add fmc
2026-03-06 16:43:18,851 [INFO] IPUIPlugin:80 - create IPUIPlugin
2026-03-06 16:43:18,853 [INFO] PluginManager:220 - loadIPPluginJar : add freertos
2026-03-06 16:43:18,858 [INFO] IPUIPlugin:80 - create IPUIPlugin
2026-03-06 16:43:18,858 [INFO] PluginManager:220 - loadIPPluginJar : add genericplugin
2026-03-06 16:43:18,923 [INFO] IPUIPlugin:80 - create IPUIPlugin
2026-03-06 16:43:18,924 [INFO] PluginManager:220 - loadIPPluginJar : add gfxmmu
2026-03-06 16:43:18,940 [INFO] IPUIPlugin:80 - create IPUIPlugin
2026-03-06 16:43:18,941 [INFO] PluginManager:220 - loadIPPluginJar : add gic
2026-03-06 16:43:19,051 [INFO] IPUIPlugin:80 - create IPUIPlugin
2026-03-06 16:43:19,075 [INFO] PluginManager:220 - loadIPPluginJar : add gpio
2026-03-06 16:43:19,089 [INFO] IPUIPlugin:80 - create IPUIPlugin
2026-03-06 16:43:19,090 [INFO] PluginManager:220 - loadIPPluginJar : add gtzc
2026-03-06 16:43:19,098 [INFO] IPUIPlugin:80 - create IPUIPlugin
2026-03-06 16:43:19,099 [INFO] PluginManager:220 - loadIPPluginJar : add hash
2026-03-06 16:43:19,109 [INFO] IPUIPlugin:80 - create IPUIPlugin
2026-03-06 16:43:19,110 [INFO] PluginManager:220 - loadIPPluginJar : add i2c
2026-03-06 16:43:19,120 [INFO] IPUIPlugin:80 - create IPUIPlugin
2026-03-06 16:43:19,122 [INFO] PluginManager:220 - loadIPPluginJar : add i2s
2026-03-06 16:43:19,133 [INFO] IPUIPlugin:80 - create IPUIPlugin
2026-03-06 16:43:19,133 [INFO] PluginManager:220 - loadIPPluginJar : add i3c
2026-03-06 16:43:19,146 [INFO] IPUIPlugin:80 - create IPUIPlugin
2026-03-06 16:43:19,147 [INFO] PluginManager:220 - loadIPPluginJar : add ipddr
2026-03-06 16:43:19,184 [INFO] IPUIPlugin:80 - create IPUIPlugin
2026-03-06 16:43:19,185 [INFO] PluginManager:220 - loadIPPluginJar : add linkedlist
2026-03-06 16:43:19,196 [INFO] IPUIPlugin:80 - create IPUIPlugin
2026-03-06 16:43:19,197 [INFO] PluginManager:220 - loadIPPluginJar : add lorawan
2026-03-06 16:43:19,203 [INFO] IPUIPlugin:80 - create IPUIPlugin
2026-03-06 16:43:19,203 [INFO] PluginManager:220 - loadIPPluginJar : add ltdc
2026-03-06 16:43:19,223 [INFO] IPUIPlugin:80 - create IPUIPlugin
2026-03-06 16:43:19,224 [INFO] PluginManager:220 - loadIPPluginJar : add mdma
2026-03-06 16:43:19,235 [INFO] IPUIPlugin:80 - create IPUIPlugin
2026-03-06 16:43:19,236 [INFO] PluginManager:220 - loadIPPluginJar : add nvic
2026-03-06 16:43:19,255 [INFO] IPUIPlugin:80 - create IPUIPlugin
2026-03-06 16:43:19,255 [INFO] PluginManager:220 - loadIPPluginJar : add opamp
2026-03-06 16:43:19,264 [INFO] IPUIPlugin:80 - create IPUIPlugin
2026-03-06 16:43:19,265 [INFO] PluginManager:220 - loadIPPluginJar : add openamp
2026-03-06 16:43:19,270 [INFO] ThirdPartyUpdaterWithRetryManager:70 - Updater plugin not ready yet. [2/15]
2026-03-06 16:43:19,274 [INFO] IPUIPlugin:80 - create IPUIPlugin
2026-03-06 16:43:19,275 [INFO] PluginManager:220 - loadIPPluginJar : add pdm2pcm
2026-03-06 16:43:19,293 [INFO] IPUIPlugin:80 - create IPUIPlugin
2026-03-06 16:43:19,298 [INFO] PluginManager:220 - loadIPPluginJar : add plateformsettings
2026-03-06 16:43:19,303 [INFO] IPUIPlugin:80 - create IPUIPlugin
2026-03-06 16:43:19,304 [INFO] PluginManager:220 - loadIPPluginJar : add quadspi
2026-03-06 16:43:19,309 [INFO] IPUIPlugin:80 - create IPUIPlugin
2026-03-06 16:43:19,311 [INFO] PluginManager:220 - loadIPPluginJar : add radio
2026-03-06 16:43:19,321 [INFO] IPUIPlugin:80 - create IPUIPlugin
2026-03-06 16:43:19,322 [INFO] PluginManager:220 - loadIPPluginJar : add resmgrutility
2026-03-06 16:43:19,333 [INFO] IPUIPlugin:80 - create IPUIPlugin
2026-03-06 16:43:19,333 [INFO] PluginManager:220 - loadIPPluginJar : add sai
2026-03-06 16:43:19,340 [INFO] IPUIPlugin:80 - create IPUIPlugin
2026-03-06 16:43:19,341 [INFO] PluginManager:220 - loadIPPluginJar : add spi
2026-03-06 16:43:19,356 [INFO] IPUIPlugin:80 - create IPUIPlugin
2026-03-06 16:43:19,356 [INFO] PluginManager:220 - loadIPPluginJar : add stm32_wpan
2026-03-06 16:43:19,360 [INFO] IPUIPlugin:80 - create IPUIPlugin
2026-03-06 16:43:19,361 [INFO] PluginManager:220 - loadIPPluginJar : add tim
2026-03-06 16:43:19,370 [INFO] IPUIPlugin:80 - create IPUIPlugin
2026-03-06 16:43:19,376 [INFO] PluginManager:220 - loadIPPluginJar : add touchsensing
2026-03-06 16:43:19,383 [INFO] IPUIPlugin:80 - create IPUIPlugin
2026-03-06 16:43:19,384 [INFO] PluginManager:220 - loadIPPluginJar : add tracer_emb
2026-03-06 16:43:19,389 [INFO] IPUIPlugin:80 - create IPUIPlugin
2026-03-06 16:43:19,389 [INFO] PluginManager:220 - loadIPPluginJar : add ts
2026-03-06 16:43:19,393 [INFO] IPUIPlugin:80 - create IPUIPlugin
2026-03-06 16:43:19,394 [INFO] PluginManager:220 - loadIPPluginJar : add tsc
2026-03-06 16:43:19,399 [INFO] IPUIPlugin:80 - create IPUIPlugin
2026-03-06 16:43:19,399 [INFO] PluginManager:220 - loadIPPluginJar : add ucpd
2026-03-06 16:43:19,407 [INFO] IPUIPlugin:80 - create IPUIPlugin
2026-03-06 16:43:19,407 [INFO] PluginManager:220 - loadIPPluginJar : add usart
2026-03-06 16:43:19,415 [INFO] IPUIPlugin:80 - create IPUIPlugin
2026-03-06 16:43:19,416 [INFO] PluginManager:220 - loadIPPluginJar : add usbx
2026-03-06 16:43:19,673 [FATAL] Updater:351 - Updater called before beeing initialized
2026-03-06 16:43:19,773 [INFO] RulesReader:64 - Compatibility file has been processed (317 Rules)
2026-03-06 16:43:19,811 [INFO] RulesReader:64 - Compatibility file has been processed (317 Rules)
2026-03-06 16:43:19,844 [INFO] CADModel:165 - CPN selected for project level
2026-03-06 16:43:19,845 [INFO] CADModel:114 - Register for checkConnection events
2026-03-06 16:43:19,845 [FATAL] Updater:351 - Updater called before beeing initialized
2026-03-06 16:43:19,846 [ERROR] CADModel:125 - Updater not yet initialized, retry later 
2026-03-06 16:43:20,381 [FATAL] Updater:351 - Updater called before beeing initialized
2026-03-06 16:43:20,399 [INFO] CADModel:165 - CPN selected for project level
2026-03-06 16:43:20,399 [INFO] CADModel:114 - Register for checkConnection events
2026-03-06 16:43:20,400 [FATAL] Updater:351 - Updater called before beeing initialized
2026-03-06 16:43:20,400 [ERROR] CADModel:125 - Updater not yet initialized, retry later 
2026-03-06 16:43:20,412 [FATAL] Updater:351 - Updater called before beeing initialized
2026-03-06 16:43:20,865 [FATAL] Updater:351 - Updater called before beeing initialized
2026-03-06 16:43:20,876 [INFO] DbMcusAds:53 - JSON generation date=Thu Oct 02 05:36:05 EDT 2025 (1759397765645)
2026-03-06 16:43:20,877 [FATAL] Updater:351 - Updater called before beeing initialized
2026-03-06 16:43:21,017 [WARN] DetailPanel:346 - Failed to get advertising image, set to default
2026-03-06 16:43:21,360 [FATAL] Updater:351 - Updater called before beeing initialized
2026-03-06 16:43:21,365 [FATAL] Updater:351 - Updater called before beeing initialized
2026-03-06 16:43:21,366 [FATAL] Updater:351 - Updater called before beeing initialized
2026-03-06 16:43:21,366 [WARN] DetailPanel:346 - Failed to get advertising image, set to default
2026-03-06 16:43:21,370 [FATAL] Updater:351 - Updater called before beeing initialized
2026-03-06 16:43:21,564 [ERROR] Updater:1198 - MainUpdater not yet initialized. External WinMGr cannot be set.
2026-03-06 16:43:21,576 [INFO] Updater:1134 - Updater Version found : 6.15.0
2026-03-06 16:43:21,643 [INFO] ApplicationProperties:184 - Using Application install path: D:\STM32CubeIDE_1.19.0\STM32CubeIDE\plugins\com.st.stm32cube.common.mx_6.15.0.202507011659
2026-03-06 16:43:22,272 [INFO] ThirdPartyUpdaterWithRetryManager:70 - Updater plugin not ready yet. [3/15]
2026-03-06 16:43:23,327 [ERROR] LogOutputStream:75 - [STDERR_REDIRECT] Mar 06, 2026 4:43:23 PM java.util.prefs.WindowsPreferences <init>
2026-03-06 16:43:23,331 [ERROR] LogOutputStream:75 - [STDERR_REDIRECT] WARNING: Could not open/create prefs root node Software\JavaSoft\Prefs at root 0xffffffff80000002. Windows RegCreateKeyEx(...) returned error code 5.
2026-03-06 16:43:23,333 [ERROR] LogOutputStream:75 - [STDERR_REDIRECT] 
2026-03-06 16:43:24,376 [INFO] MainUpdater:2872 - connection check result : 10
2026-03-06 16:43:24,377 [INFO] MainUpdater:3604 - Updater definition file requires update
2026-03-06 16:43:24,380 [INFO] MainUpdater:289 - Updater Check For Update Now.
2026-03-06 16:43:24,380 [INFO] MicroXplorer:498 - Change Database Version : DB.6.0.150
2026-03-06 16:43:24,415 [INFO] McuFinderGlobals:63 - Set McuFinder mode to 2 (CubeIDE integrated)
2026-03-06 16:43:24,417 [INFO] UserAuth:487 - Internet connection configuration mode: 1
2026-03-06 16:43:24,558 [INFO] JxBrowserEngine:152 - Initiate JxBrowser Engine with user profile folder
2026-03-06 16:43:24,558 [INFO] ServerAccessManage:452 - Complete download http(s) 200
2026-03-06 16:43:24,561 [INFO] ServerAccessManage:509 - Download File updaters.zip
2026-03-06 16:43:25,127 [INFO] FileExtend:248 - Unzip File : updaters.zip
2026-03-06 16:43:25,128 [INFO] FileExtend:263 - Standard Zip Deflate
2026-03-06 16:43:25,274 [WARN] MainUpdater:1193 - Updater busy. Cannot search thirdparties
2026-03-06 16:43:25,274 [INFO] ThirdPartyUpdaterWithRetryManager:96 - Updater plugin is busy. [1/15]
2026-03-06 16:43:26,277 [INFO] ServerAccessManage:452 - Complete download http(s) 200
2026-03-06 16:43:26,277 [INFO] ServerAccessManage:509 - Download File PacksControlFlags.xml
2026-03-06 16:43:26,526 [INFO] ServerAccessManage:452 - Complete download http(s) 200
2026-03-06 16:43:26,526 [INFO] ServerAccessManage:509 - Download File cubemx.pidx
2026-03-06 16:43:28,319 [WARN] MainUpdater:1193 - Updater busy. Cannot search thirdparties
2026-03-06 16:43:28,320 [INFO] ThirdPartyUpdaterWithRetryManager:96 - Updater plugin is busy. [2/15]
2026-03-06 16:43:29,115 [INFO] WebApp:169 - Instantiating new browser for Auth
2026-03-06 16:43:29,163 [INFO] ServerAccessManage:452 - Complete download http(s) 200
2026-03-06 16:43:29,164 [INFO] ServerAccessManage:509 - Download File STMicroelectronics.FP-SNS-MOTENV1.pdsc
2026-03-06 16:43:31,309 [INFO] ServerAccessManage:452 - Complete download http(s) 200
2026-03-06 16:43:31,309 [INFO] ServerAccessManage:509 - Download File STMicroelectronics.FP-SNS-MOTENVWB1.pdsc
2026-03-06 16:43:31,357 [WARN] MainUpdater:1193 - Updater busy. Cannot search thirdparties
2026-03-06 16:43:31,357 [INFO] ThirdPartyUpdaterWithRetryManager:96 - Updater plugin is busy. [3/15]
2026-03-06 16:43:31,420 [INFO] WebApp:463 - Apply proxy settings
2026-03-06 16:43:31,421 [INFO] WebApp:548 - Chromium requires no authentication
2026-03-06 16:43:31,443 [INFO] WebApp:491 - Direct internet connection detected
2026-03-06 16:43:31,600 [INFO] WebApp:900 - Register for checkConnection events
2026-03-06 16:43:31,601 [INFO] WebApp:463 - Apply proxy settings
2026-03-06 16:43:31,603 [INFO] WebApp:548 - Chromium requires no authentication
2026-03-06 16:43:31,606 [INFO] WebApp:491 - Direct internet connection detected
2026-03-06 16:43:32,670 [INFO] WebApp:191 - Connection restablished
2026-03-06 16:43:33,554 [INFO] WebApp:225 - Starting web application
2026-03-06 16:43:33,554 [INFO] WebApp:593 - Web application path used D:\STM32CubeIDE_1.19.0\STM32CubeIDE\plugins\com.st.stm32cube.common.mx_6.15.0.202507011659\db\plugins\mcufinder\reactClient1\index.html
2026-03-06 16:43:33,609 [INFO] ServerAccessManage:452 - Complete download http(s) 200
2026-03-06 16:43:33,611 [INFO] ServerAccessManage:509 - Download File STMicroelectronics.X-CUBE-FREERTOS.pdsc
2026-03-06 16:43:34,398 [WARN] MainUpdater:1193 - Updater busy. Cannot search thirdparties
2026-03-06 16:43:34,398 [INFO] ThirdPartyUpdaterWithRetryManager:96 - Updater plugin is busy. [4/15]
2026-03-06 16:43:34,540 [INFO] UserAuth:487 - Internet connection configuration mode: 1
2026-03-06 16:43:34,921 [INFO] ServerAccessManage:452 - Complete download http(s) 200
2026-03-06 16:43:34,924 [INFO] ServerAccessManage:509 - Download File STMicroelectronics.X-CUBE-GNSS1.pdsc
2026-03-06 16:43:37,399 [WARN] MainUpdater:1193 - Updater busy. Cannot search thirdparties
2026-03-06 16:43:37,399 [INFO] ThirdPartyUpdaterWithRetryManager:96 - Updater plugin is busy. [5/15]
2026-03-06 16:43:40,426 [WARN] MainUpdater:1193 - Updater busy. Cannot search thirdparties
2026-03-06 16:43:40,426 [INFO] ThirdPartyUpdaterWithRetryManager:96 - Updater plugin is busy. [6/15]
2026-03-06 16:43:40,560 [ERROR] ServerAccessManage:1212 - Problem, file not found on Server
2026-03-06 16:43:40,752 [ERROR] ServerAccessManage:1212 - Problem, file not found on Server
2026-03-06 16:43:41,099 [ERROR] ServerAccessManage:1212 - Problem, file not found on Server
2026-03-06 16:43:41,536 [ERROR] ServerAccessManage:1212 - Problem, file not found on Server
2026-03-06 16:43:41,953 [ERROR] ServerAccessManage:1212 - Problem, file not found on Server
2026-03-06 16:43:42,351 [ERROR] ServerAccessManage:1212 - Problem, file not found on Server
2026-03-06 16:43:42,827 [INFO] ServerAccessManage:452 - Complete download http(s) 200
2026-03-06 16:43:42,828 [INFO] ServerAccessManage:509 - Download File STMicroelectronics.X-CUBE-MEMS1.pdsc
2026-03-06 16:43:43,428 [WARN] MainUpdater:1193 - Updater busy. Cannot search thirdparties
2026-03-06 16:43:43,429 [INFO] ThirdPartyUpdaterWithRetryManager:96 - Updater plugin is busy. [7/15]
2026-03-06 16:43:45,977 [INFO] ServerAccessManage:452 - Complete download http(s) 200
2026-03-06 16:43:45,978 [INFO] ServerAccessManage:509 - Download File STMicroelectronics.X-CUBE-NFC6.pdsc
2026-03-06 16:43:46,431 [WARN] MainUpdater:1193 - Updater busy. Cannot search thirdparties
2026-03-06 16:43:46,431 [INFO] ThirdPartyUpdaterWithRetryManager:96 - Updater plugin is busy. [8/15]
2026-03-06 16:43:47,029 [INFO] ServerAccessManage:452 - Complete download http(s) 200
2026-03-06 16:43:47,030 [INFO] ServerAccessManage:509 - Download File STMicroelectronics.X-CUBE-ST67W61.pdsc
2026-03-06 16:43:48,221 [INFO] ServerAccessManage:452 - Complete download http(s) 200
2026-03-06 16:43:48,222 [INFO] ServerAccessManage:509 - Download File STMicroelectronics.X-CUBE-STSE01.pdsc
2026-03-06 16:43:48,869 [INFO] ServerAccessManage:452 - Complete download http(s) 200
2026-03-06 16:43:48,870 [INFO] ServerAccessManage:509 - Download File STMicroelectronics.X-CUBE-TOUCHGFX.pdsc
2026-03-06 16:43:49,433 [WARN] MainUpdater:1193 - Updater busy. Cannot search thirdparties
2026-03-06 16:43:49,434 [INFO] ThirdPartyUpdaterWithRetryManager:96 - Updater plugin is busy. [9/15]
2026-03-06 16:43:52,462 [WARN] MainUpdater:1193 - Updater busy. Cannot search thirdparties
2026-03-06 16:43:52,467 [INFO] ThirdPartyUpdaterWithRetryManager:96 - Updater plugin is busy. [10/15]
2026-03-06 16:43:53,985 [INFO] ServerAccessManage:452 - Complete download http(s) 200
2026-03-06 16:43:53,985 [INFO] ServerAccessManage:509 - Download File STMicroelectronics.X-CUBE-AZRTOS-H7.pdsc
2026-03-06 16:43:55,083 [INFO] ServerAccessManage:452 - Complete download http(s) 200
2026-03-06 16:43:55,084 [INFO] ServerAccessManage:509 - Download File STMicroelectronics.X-CUBE-AZRTOS-H7RS.pdsc
2026-03-06 16:43:55,468 [WARN] MainUpdater:1193 - Updater busy. Cannot search thirdparties
2026-03-06 16:43:55,468 [INFO] ThirdPartyUpdaterWithRetryManager:96 - Updater plugin is busy. [11/15]
2026-03-06 16:43:58,266 [ERROR] ServerAccessManage:1295 - Problem during Server Connection :  IO error PKIX path building failed: sun.security.provider.certpath.SunCertPathBuilderException: unable to find valid certification path to requested target
2026-03-06 16:43:58,267 [ERROR] ServerAccessManage:740 - Problem during Server Connection :  : Avnet-IOTCONNECT.X-CUBE-iotc-st67-sdk.pdsc.
2026-03-06 16:43:58,501 [WARN] MainUpdater:1193 - Updater busy. Cannot search thirdparties
2026-03-06 16:43:58,501 [INFO] ThirdPartyUpdaterWithRetryManager:96 - Updater plugin is busy. [12/15]
2026-03-06 16:43:58,716 [WARN] PackLoader:240 - Cannot read IP mode file for STMicroelectronics.FP-SNS-MOTENV1.5.1.0
2026-03-06 16:43:58,760 [WARN] PackLoader:240 - Cannot read IP mode file for STMicroelectronics.FP-SNS-MOTENVWB1.1.5.0
2026-03-06 16:43:58,807 [WARN] PackLoader:240 - Cannot read IP mode file for STMicroelectronics.X-CUBE-FREERTOS.1.5.0
2026-03-06 16:43:58,849 [WARN] PackLoader:240 - Cannot read IP mode file for STMicroelectronics.X-CUBE-GNSS1.7.1.0
2026-03-06 16:43:59,476 [INFO] CheckServerUpdateThread:120 - End of CheckServer Thread
2026-03-06 16:43:59,517 [WARN] PackLoader:240 - Cannot read IP mode file for STMicroelectronics.X-CUBE-MEMS1.12.0.0
2026-03-06 16:43:59,919 [WARN] PackLoader:240 - Cannot read IP mode file for STMicroelectronics.X-CUBE-NFC6.3.2.0
2026-03-06 16:43:59,958 [WARN] PackLoader:240 - Cannot read IP mode file for STMicroelectronics.X-CUBE-ST67W61.1.2.0
2026-03-06 16:43:59,977 [WARN] PackLoader:240 - Cannot read IP mode file for STMicroelectronics.X-CUBE-STSE01.2.0.0
2026-03-06 16:43:59,990 [WARN] PackLoader:240 - Cannot read IP mode file for STMicroelectronics.X-CUBE-TOUCHGFX.4.26.1
2026-03-06 16:44:00,068 [WARN] PackLoader:240 - Cannot read IP mode file for STMicroelectronics.X-CUBE-AZRTOS-H7.3.5.0
2026-03-06 16:44:00,289 [WARN] PackLoader:240 - Cannot read IP mode file for STMicroelectronics.X-CUBE-AZRTOS-H7RS.1.2.0
2026-03-06 16:44:00,299 [INFO] PopulateThirdPartyThread:66 - Ending populate Thread
2026-03-06 16:44:00,306 [INFO] ThirdParty:1030 - CMSIS Pack Vendor :STMicroelectronics X-CUBE-FREERTOS 1.5.0
2026-03-06 16:44:00,306 [INFO] ThirdParty:1030 - CMSIS Pack Vendor :STMicroelectronics X-CUBE-AZRTOS-H7 3.5.0
2026-03-06 16:44:00,307 [INFO] ThirdParty:1030 - CMSIS Pack Vendor :STMicroelectronics X-CUBE-MEMS1 12.0.0
2026-03-06 16:44:00,307 [INFO] ThirdParty:1030 - CMSIS Pack Vendor :STMicroelectronics X-CUBE-GNSS1 7.1.0
2026-03-06 16:44:00,307 [INFO] ThirdParty:1030 - CMSIS Pack Vendor :STMicroelectronics FP-SNS-MOTENVWB1 1.5.0
2026-03-06 16:44:00,307 [INFO] ThirdParty:1030 - CMSIS Pack Vendor :STMicroelectronics X-CUBE-STSE01 2.0.0
2026-03-06 16:44:00,308 [INFO] ThirdParty:1030 - CMSIS Pack Vendor :STMicroelectronics FP-SNS-MOTENV1 5.1.0
2026-03-06 16:44:00,308 [INFO] ThirdParty:1030 - CMSIS Pack Vendor :STMicroelectronics X-CUBE-TOUCHGFX 4.26.1
2026-03-06 16:44:00,308 [INFO] ThirdParty:1030 - CMSIS Pack Vendor :STMicroelectronics X-CUBE-AZRTOS-H7RS 1.2.0
2026-03-06 16:44:00,308 [INFO] ThirdParty:1030 - CMSIS Pack Vendor :STMicroelectronics X-CUBE-NFC6 3.2.0
2026-03-06 16:44:00,309 [INFO] ThirdParty:1030 - CMSIS Pack Vendor :STMicroelectronics X-CUBE-ST67W61 1.2.0
2026-03-06 16:44:00,317 [INFO] LoadServerUpdatesThread:375 - End of LoadServerUpdate Thread
2026-03-06 16:44:03,361 [WARN] PackLoader:240 - Cannot read IP mode file for STMicroelectronics.X-CUBE-AZRTOS-H7.3.5.0
2026-03-06 16:44:03,381 [WARN] PackLoader:240 - Cannot read IP mode file for STMicroelectronics.FP-SNS-MOTENVWB1.1.4.0
2026-03-06 16:44:03,406 [WARN] PackLoader:240 - Cannot read IP mode file for STMicroelectronics.FP-ATR-ASTRA1.2.0.2
2026-03-06 16:44:03,439 [WARN] PackLoader:240 - Cannot read IP mode file for STMicroelectronics.X-CUBE-SMBUS.2.1.0
2026-03-06 16:44:03,458 [WARN] PackLoader:240 - Cannot read IP mode file for STMicroelectronics.X-CUBE-ST60.1.0.0
2026-03-06 16:44:03,506 [WARN] PackLoader:240 - Cannot read IP mode file for STMicroelectronics.X-CUBE-AZRTOS-F7.1.1.0
2026-03-06 16:44:03,527 [WARN] PackLoader:240 - Cannot read IP mode file for Cesanta.I-CUBE-Mongoose.7.19.0
2026-03-06 16:44:03,539 [WARN] PackLoader:240 - Cannot read IP mode file for STMicroelectronics.FP-SNS-MOTENV1.5.1.0
2026-03-06 16:44:03,605 [WARN] PackLoader:240 - Cannot read IP mode file for WES.I-CUBE-Cesium.1.4.0
2026-03-06 16:44:03,681 [WARN] PackLoader:240 - Cannot read IP mode file for Infineon.AIROC-Wi-Fi-Bluetooth-STM32.1.7.1
2026-03-06 16:44:03,769 [WARN] PackLoader:240 - Cannot read IP mode file for STMicroelectronics.X-CUBE-AZRTOS-H7.3.4.0
2026-03-06 16:44:03,871 [WARN] PackLoader:240 - Cannot read IP mode file for STMicroelectronics.X-CUBE-DISPLAY.3.0.0
2026-03-06 16:44:03,889 [WARN] PackLoader:240 - Cannot read IP mode file for STMicroelectronics.FP-SNS-MOTENVWB1.1.5.0
2026-03-06 16:44:03,909 [WARN] PackLoader:240 - Cannot read IP mode file for STMicroelectronics.X-CUBE-NFC10.1.0.0
2026-03-06 16:44:03,929 [WARN] PackLoader:240 - Cannot read IP mode file for STMicroelectronics.X-CUBE-ST60.1.1.0
2026-03-06 16:44:04,027 [WARN] PackLoader:240 - Cannot read IP mode file for emotas.I-CUBE-CANOPEN.1.3.0
2026-03-06 16:44:04,051 [WARN] PackLoader:240 - Cannot read IP mode file for STMicroelectronics.X-CUBE-GNSS1.7.1.0
2026-03-06 16:44:04,136 [WARN] PackLoader:240 - Cannot read IP mode file for STMicroelectronics.FP-SNS-STBOX1.2.1.0
2026-03-06 16:44:04,157 [WARN] PackLoader:240 - Cannot read IP mode file for STMicroelectronics.FP-SNS-SMARTAG2.1.2.0
2026-03-06 16:44:04,171 [WARN] PackLoader:240 - Cannot read IP mode file for STMicroelectronics.FP-SNS-FLIGHT1.5.1.0
2026-03-06 16:44:04,208 [INFO] LogOutputStream:77 - [STDOUT_REDIRECT] 1 : Invalid condition id : UX_CORESTACK_Condition cause : null
2026-03-06 16:44:04,211 [INFO] LogOutputStream:77 - [STDOUT_REDIRECT] 1 : Invalid condition id : UX_CORESTACK_Condition cause : null
2026-03-06 16:44:04,219 [INFO] LogOutputStream:77 - [STDOUT_REDIRECT] 1 : Invalid condition id : UX_CORESTACK_Condition cause : null
2026-03-06 16:44:04,221 [INFO] LogOutputStream:77 - [STDOUT_REDIRECT] 1 : Invalid condition id : UX_CORESTACK_Condition cause : null
2026-03-06 16:44:04,226 [INFO] LogOutputStream:77 - [STDOUT_REDIRECT] 1 : Invalid condition id : UX_CORESTACK_Condition cause : null
2026-03-06 16:44:04,231 [WARN] PackLoader:240 - Cannot read IP mode file for STMicroelectronics.X-CUBE-AZRTOS-WL.2.0.0
2026-03-06 16:44:04,260 [WARN] PackLoader:240 - Cannot read IP mode file for STMicroelectronics.FP-SNS-MOTENV1.5.0.0
2026-03-06 16:44:04,321 [WARN] PackLoader:240 - Cannot read IP mode file for STMicroelectronics.X-CUBE-AZRTOS-H7RS.1.2.0
2026-03-06 16:44:04,347 [WARN] PackLoader:240 - Cannot read IP mode file for STMicroelectronics.X-CUBE-BLE2.3.3.0
2026-03-06 16:44:04,376 [WARN] PackLoader:240 - Cannot read IP mode file for STMicroelectronics.X-CUBE-NFC9.1.0.0
2026-03-06 16:44:04,398 [WARN] PackLoader:240 - Cannot read IP mode file for wolfSSL.I-CUBE-wolfSSL.5.8.2
2026-03-06 16:44:04,418 [WARN] PackLoader:240 - Cannot read IP mode file for STMicroelectronics.X-CUBE-BLE1.7.1.0
2026-03-06 16:44:04,431 [WARN] PackLoader:240 - Cannot read IP mode file for wolfSSL.I-CUBE-wolfMQTT.1.19.2
2026-03-06 16:44:04,469 [WARN] PackLoader:240 - Cannot read IP mode file for STMicroelectronics.X-CUBE-EEPRMA1.5.2.0
2026-03-06 16:44:04,488 [WARN] PackLoader:240 - Cannot read IP mode file for STMicroelectronics.X-CUBE-ST67W61.1.1.0
2026-03-06 16:44:04,680 [WARN] PackLoader:240 - Cannot read IP mode file for STMicroelectronics.X-CUBE-MEMS1.12.0.0
2026-03-06 16:44:04,880 [WARN] PackLoader:240 - Cannot read IP mode file for STMicroelectronics.X-CUBE-AZRTOS-G0.1.1.0
2026-03-06 16:44:04,901 [WARN] PackLoader:240 - Cannot read IP mode file for STMicroelectronics.X-CUBE-SAFEA1.1.2.2
2026-03-06 16:44:04,921 [WARN] PackLoader:240 - Cannot read IP mode file for STMicroelectronics.X-CUBE-NFC4.3.0.0
2026-03-06 16:44:04,948 [WARN] PackLoader:240 - Cannot read IP mode file for EmbeddedOffice.I-CUBE-FS-RTOS.1.0.1
2026-03-06 16:44:04,966 [WARN] PackLoader:240 - Cannot read IP mode file for STMicroelectronics.X-CUBE-WB05N.2.0.0
2026-03-06 16:44:04,978 [WARN] PackLoader:240 - Cannot read IP mode file for wolfSSL.I-CUBE-wolfTPM.3.8.0
2026-03-06 16:44:04,995 [WARN] PackLoader:240 - Cannot read IP mode file for STMicroelectronics.X-CUBE-TCPP.4.2.0
2026-03-06 16:44:05,031 [WARN] PackLoader:240 - Cannot read IP mode file for RealThread.X-CUBE-RT-Thread_Nano.4.1.1
2026-03-06 16:44:05,053 [WARN] PackLoader:240 - Cannot read IP mode file for STMicroelectronics.FP-ATR-SIGFOX1.3.2.0
2026-03-06 16:44:05,097 [WARN] PackLoader:240 - Cannot read IP mode file for STMicroelectronics.X-CUBE-FREERTOS.1.5.0
2026-03-06 16:44:05,137 [WARN] PackLoader:240 - Cannot read IP mode file for ITTIA_DB.I-CUBE-ITTIADB.8.9.0
2026-03-06 16:44:05,156 [WARN] PackLoader:240 - Cannot read IP mode file for STMicroelectronics.X-CUBE-NFC6.3.2.0
2026-03-06 16:44:05,240 [WARN] PackLoader:240 - Cannot read IP mode file for STMicroelectronics.X-CUBE-ST67W61.1.0.0
2026-03-06 16:44:05,260 [WARN] PackLoader:240 - Cannot read IP mode file for STMicroelectronics.X-CUBE-AI.10.2.0
2026-03-06 16:44:05,358 [WARN] PackLoader:240 - Cannot read IP mode file for SEGGER.I-CUBE-embOS.1.3.1
2026-03-06 16:44:05,491 [WARN] PackLoader:240 - Cannot read IP mode file for STMicroelectronics.X-CUBE-ALGOBUILD.1.4.0
2026-03-06 16:44:05,836 [WARN] PackLoader:240 - Cannot read IP mode file for STMicroelectronics.X-CUBE-MEMS1.11.3.0
2026-03-06 16:44:06,256 [WARN] PackLoader:240 - Cannot read IP mode file for STMicroelectronics.X-CUBE-PM33A1.1.0.0
2026-03-06 16:44:06,331 [WARN] PackLoader:240 - Cannot read IP mode file for STMicroelectronics.X-CUBE-AZRTOS-F4.1.1.0
2026-03-06 16:44:06,360 [WARN] PackLoader:240 - Cannot read IP mode file for STMicroelectronics.X-CUBE-ISPU.2.1.0
2026-03-06 16:44:06,398 [WARN] PackLoader:240 - Cannot read IP mode file for STMicroelectronics.X-CUBE-IPS.3.2.0
2026-03-06 16:44:06,447 [WARN] PackLoader:240 - Cannot read IP mode file for STMicroelectronics.X-CUBE-NFC12.1.0.0
2026-03-06 16:44:06,559 [WARN] PackLoader:240 - Cannot read IP mode file for STMicroelectronics.X-CUBE-AZRTOS-L5.2.0.0
2026-03-06 16:44:06,667 [WARN] PackLoader:240 - Cannot read IP mode file for STMicroelectronics.X-CUBE-NFC6.3.1.0
2026-03-06 16:44:06,690 [WARN] PackLoader:240 - Cannot read IP mode file for STMicroelectronics.X-CUBE-FREERTOS.1.3.1
2026-03-06 16:44:06,797 [WARN] PackLoader:240 - Cannot read IP mode file for STMicroelectronics.X-CUBE-TOUCHGFX.4.26.0
2026-03-06 16:44:06,807 [WARN] PackLoader:240 - Cannot read IP mode file for STMicroelectronics.X-CUBE-TOUCHGFX.4.26.1
2026-03-06 16:44:06,828 [WARN] PackLoader:240 - Cannot read IP mode file for STMicroelectronics.FP-SNS-STAIOTCFT.1.0.0
2026-03-06 16:44:06,869 [WARN] PackLoader:240 - Cannot read IP mode file for STMicroelectronics.X-CUBE-DPower.1.3.0
2026-03-06 16:44:07,088 [WARN] ConditionMgr:438 - getConditionDescription Invalid condition id : LAN8742 Phy interface Condition cause : null
2026-03-06 16:44:07,090 [WARN] PackLoader:240 - Cannot read IP mode file for STMicroelectronics.X-CUBE-AZRTOS-L4.2.0.0
2026-03-06 16:44:07,097 [WARN] ConditionMgr:1044 - genDependencies : Invalid condition id : LAN8742 Phy interface Condition cause : null
2026-03-06 16:44:07,098 [WARN] ConditionMgr:1044 - genDependencies : Invalid condition id : LAN8742 Phy interface Condition cause : null
2026-03-06 16:44:07,099 [WARN] ConditionMgr:1044 - genDependencies : Invalid condition id : LAN8742 Phy interface Condition cause : null
2026-03-06 16:44:07,135 [WARN] PackLoader:240 - Cannot read IP mode file for STMicroelectronics.X-CUBE-SFXS2LP1.4.0.0
2026-03-06 16:44:07,156 [WARN] PackLoader:240 - Cannot read IP mode file for STMicroelectronics.X-CUBE-ST67W61.1.2.0
2026-03-06 16:44:07,200 [WARN] PackLoader:240 - Cannot read IP mode file for STMicroelectronics.X-CUBE-BLEMGR.4.1.0
2026-03-06 16:44:07,287 [WARN] ConditionMgr:438 - getConditionDescription Invalid condition id : UX DEVICE CLASS RTOS Condition cause : null
2026-03-06 16:44:07,288 [WARN] ConditionMgr:438 - getConditionDescription Invalid condition id : UX DEVICE CLASS RTOS Condition cause : null
2026-03-06 16:44:07,299 [WARN] PackLoader:240 - Cannot read IP mode file for STMicroelectronics.X-CUBE-AZRTOS-WB.2.0.0
2026-03-06 16:44:07,301 [WARN] ConditionMgr:1044 - genDependencies : Invalid condition id : UX DEVICE CLASS RTOS Condition cause : null
2026-03-06 16:44:07,308 [WARN] ConditionMgr:1044 - genDependencies : Invalid condition id : UX DEVICE CLASS RTOS Condition cause : null
2026-03-06 16:44:07,309 [WARN] ConditionMgr:1044 - genDependencies : Invalid condition id : UX DEVICE CLASS RTOS Condition cause : null
2026-03-06 16:44:07,310 [WARN] ConditionMgr:1044 - genDependencies : Invalid condition id : UX DEVICE CLASS RTOS Condition cause : null
2026-03-06 16:44:07,310 [WARN] ConditionMgr:1044 - genDependencies : Invalid condition id : UX DEVICE CLASS RTOS Condition cause : null
2026-03-06 16:44:07,346 [WARN] PackLoader:240 - Cannot read IP mode file for STMicroelectronics.X-CUBE-GNSS1.7.0.1
2026-03-06 16:44:07,370 [WARN] ConditionMgr:438 - getConditionDescription Invalid condition id : Cortex-A Device cause : null
2026-03-06 16:44:07,410 [WARN] ConditionMgr:1044 - genDependencies : Invalid condition id : Cortex-A Device cause : null
2026-03-06 16:44:07,411 [WARN] ConditionMgr:1044 - genDependencies : Invalid condition id : Cortex-A Device cause : null
2026-03-06 16:44:07,411 [WARN] ConditionMgr:1044 - genDependencies : Invalid condition id : Cortex-A Device cause : null
2026-03-06 16:44:07,438 [WARN] PackLoader:240 - Cannot read IP mode file for STMicroelectronics.X-CUBE-STSE01.2.0.0
2026-03-06 16:44:07,475 [WARN] PackLoader:240 - Cannot read IP mode file for STMicroelectronics.X-CUBE-SUBG2.5.0.0
2026-03-06 16:44:07,553 [WARN] PackLoader:240 - Cannot read IP mode file for STMicroelectronics.X-CUBE-AZRTOS-H7RS.1.1.0
2026-03-06 16:44:07,675 [WARN] PackLoader:240 - Cannot read IP mode file for STMicroelectronics.X-CUBE-AZRTOS-G4.2.0.0
2026-03-06 16:44:07,697 [WARN] PackLoader:240 - Cannot read IP mode file for wolfSSL.I-CUBE-wolfSSH.1.4.20
2026-03-06 16:44:07,715 [WARN] PackLoader:240 - Cannot read IP mode file for STMicroelectronics.X-CUBE-NFC7.2.0.0
2026-03-06 16:44:07,754 [WARN] PackLoader:240 - Cannot read IP mode file for STMicroelectronics.X-CUBE-IPS.3.1.0
2026-03-06 16:44:07,788 [WARN] PackLoader:240 - Cannot read IP mode file for STMicroelectronics.X-CUBE-ALS.1.0.2
2026-03-06 16:44:07,805 [WARN] PackLoader:240 - Cannot read IP mode file for STMicroelectronics.X-CUBE-STSE01.1.0.0
2026-03-06 16:44:07,839 [WARN] PackLoader:240 - Cannot read IP mode file for STMicroelectronics.X-CUBE-TOF1.3.4.3
2026-03-06 16:44:07,867 [INFO] ThirdParty:978 - Integrity check success = true
2026-03-06 16:44:07,867 [INFO] IntegrityCheckThread:100 - exiting critical section [integrity check]
2026-03-06 16:44:07,867 [INFO] IntegrityCheckThread:103 - End integrity checks thread
